TpTrace Verbose: 0 : 22268, 1, 2022/08/16, 12:08:18.704, 69724424119, vstest.console.dll, Version: 17.2.0-release-20220408-11 Current process architecture: X64
TpTrace Information: 0 : 22268, 1, 2022/08/16, 12:08:18.736, 69724734375, vstest.console.dll, FilePatternParser: The given file C:\Users\maranf\Videos\Pragmatic-Test-Driven-Development-in-C-.NET-main\ch10\UqsAppointmentBooking\Uqs.AppointmentBooking.Domain.Tests.Unit\bin\Debug\net6.0\fine-code-coverage\build-output\Uqs.AppointmentBooking.Domain.Tests.Unit.dll is a full path.
TpTrace Verbose: 0 : 22268, 1, 2022/08/16, 12:08:18.762, 69725002252, vstest.console.dll, TestPluginCache.DiscoverTestExtensions: finding test extensions in assemblies ends with: RuntimeProvider.dll TPluginInfo: Microsoft.VisualStudio.TestPlatform.Common.ExtensionFramework.Utilities.TestRuntimePluginInformation TExtension: Microsoft.VisualStudio.TestPlatform.ObjectModel.Host.ITestRuntimeProvider
TpTrace Verbose: 0 : 22268, 1, 2022/08/16, 12:08:18.763, 69725010484, vstest.console.dll, TestPluginCache.GetExtensionPaths: Filtered extension paths: 
TpTrace Verbose: 0 : 22268, 1, 2022/08/16, 12:08:18.763, 69725013282, vstest.console.dll, TestPluginCache.GetExtensionPaths: Added default extension paths: C:\Program Files\dotnet\sdk\6.0.303\Extensions\DumpMinitool.exe
C:\Program Files\dotnet\sdk\6.0.303\Extensions\DumpMinitool.x86.exe
C:\Program Files\dotnet\sdk\6.0.303\Extensions\Microsoft.Diagnostics.NETCore.Client.dll
C:\Program Files\dotnet\sdk\6.0.303\Extensions\Microsoft.TestPlatform.Extensions.BlameDataCollector.dll
C:\Program Files\dotnet\sdk\6.0.303\Extensions\Microsoft.TestPlatform.Extensions.EventLogCollector.dll
C:\Program Files\dotnet\sdk\6.0.303\Extensions\Microsoft.TestPlatform.TestHostRuntimeProvider.dll
C:\Program Files\dotnet\sdk\6.0.303\Extensions\Microsoft.VisualStudio.TestPlatform.Extensions.Html.TestLogger.dll
C:\Program Files\dotnet\sdk\6.0.303\Extensions\Microsoft.VisualStudio.TestPlatform.Extensions.Trx.TestLogger.dll
TpTrace Verbose: 0 : 22268, 1, 2022/08/16, 12:08:18.764, 69725014703, vstest.console.dll, TestPluginCache.GetExtensionPaths: Added unfilterableExtensionPaths: 
TpTrace Information: 0 : 22268, 1, 2022/08/16, 12:08:18.765, 69725030285, vstest.console.dll, AssemblyResolver.ctor: Creating AssemblyResolver with searchDirectories C:\Program Files\dotnet\sdk\6.0.303\Extensions,C:\Program Files\dotnet\sdk\6.0.303
TpTrace Verbose: 0 : 22268, 1, 2022/08/16, 12:08:18.770, 69725081306, vstest.console.dll, TestPluginCache.DiscoverTestExtensions: Discovering the extensions using extension path.
TpTrace Verbose: 0 : 22268, 1, 2022/08/16, 12:08:18.771, 69725085308, vstest.console.dll, TestPluginCache.GetExtensionPaths: Filtered extension paths: 
TpTrace Verbose: 0 : 22268, 1, 2022/08/16, 12:08:18.771, 69725086763, vstest.console.dll, TestPluginCache.GetExtensionPaths: Added default extension paths: C:\Program Files\dotnet\sdk\6.0.303\Extensions\DumpMinitool.exe
C:\Program Files\dotnet\sdk\6.0.303\Extensions\DumpMinitool.x86.exe
C:\Program Files\dotnet\sdk\6.0.303\Extensions\Microsoft.Diagnostics.NETCore.Client.dll
C:\Program Files\dotnet\sdk\6.0.303\Extensions\Microsoft.TestPlatform.Extensions.BlameDataCollector.dll
C:\Program Files\dotnet\sdk\6.0.303\Extensions\Microsoft.TestPlatform.Extensions.EventLogCollector.dll
C:\Program Files\dotnet\sdk\6.0.303\Extensions\Microsoft.TestPlatform.TestHostRuntimeProvider.dll
C:\Program Files\dotnet\sdk\6.0.303\Extensions\Microsoft.VisualStudio.TestPlatform.Extensions.Html.TestLogger.dll
C:\Program Files\dotnet\sdk\6.0.303\Extensions\Microsoft.VisualStudio.TestPlatform.Extensions.Trx.TestLogger.dll
TpTrace Verbose: 0 : 22268, 1, 2022/08/16, 12:08:18.771, 69725088172, vstest.console.dll, TestPluginCache.GetExtensionPaths: Added unfilterableExtensionPaths: 
TpTrace Verbose: 0 : 22268, 1, 2022/08/16, 12:08:18.771, 69725089800, vstest.console.dll, TestPluginCache.DiscoverTestExtensions: Discovering the extensions using allExtensionPaths: C:\Program Files\dotnet\sdk\6.0.303\Extensions\DumpMinitool.exe
C:\Program Files\dotnet\sdk\6.0.303\Extensions\DumpMinitool.x86.exe
C:\Program Files\dotnet\sdk\6.0.303\Extensions\Microsoft.Diagnostics.NETCore.Client.dll
C:\Program Files\dotnet\sdk\6.0.303\Extensions\Microsoft.TestPlatform.Extensions.BlameDataCollector.dll
C:\Program Files\dotnet\sdk\6.0.303\Extensions\Microsoft.TestPlatform.Extensions.EventLogCollector.dll
C:\Program Files\dotnet\sdk\6.0.303\Extensions\Microsoft.TestPlatform.TestHostRuntimeProvider.dll
C:\Program Files\dotnet\sdk\6.0.303\Extensions\Microsoft.VisualStudio.TestPlatform.Extensions.Html.TestLogger.dll
C:\Program Files\dotnet\sdk\6.0.303\Extensions\Microsoft.VisualStudio.TestPlatform.Extensions.Trx.TestLogger.dll
TpTrace Information: 0 : 22268, 1, 2022/08/16, 12:08:18.772, 69725094822, vstest.console.dll, AssemblyResolver.AddSearchDirectories: Adding more searchDirectories C:\Program Files\dotnet\sdk\6.0.303\Extensions,C:\Program Files\dotnet\sdk\6.0.303
TpTrace Information: 0 : 22268, 1, 2022/08/16, 12:08:18.772, 69725096727, vstest.console.dll, AssemblyResolver.AddSearchDirectories: Adding more searchDirectories C:\Program Files\dotnet\sdk\6.0.303\Extensions,C:\Program Files\dotnet\sdk\6.0.303
TpTrace Information: 0 : 22268, 1, 2022/08/16, 12:08:18.772, 69725098068, vstest.console.dll, AssemblyResolver.AddSearchDirectories: Adding more searchDirectories C:\Program Files\dotnet\sdk\6.0.303\Extensions,C:\Program Files\dotnet\sdk\6.0.303
TpTrace Information: 0 : 22268, 1, 2022/08/16, 12:08:18.772, 69725099157, vstest.console.dll, AssemblyResolver.AddSearchDirectories: Adding more searchDirectories C:\Program Files\dotnet\sdk\6.0.303\Extensions,C:\Program Files\dotnet\sdk\6.0.303
TpTrace Information: 0 : 22268, 1, 2022/08/16, 12:08:18.772, 69725100189, vstest.console.dll, AssemblyResolver.AddSearchDirectories: Adding more searchDirectories C:\Program Files\dotnet\sdk\6.0.303\Extensions,C:\Program Files\dotnet\sdk\6.0.303
TpTrace Information: 0 : 22268, 1, 2022/08/16, 12:08:18.772, 69725101375, vstest.console.dll, AssemblyResolver.AddSearchDirectories: Adding more searchDirectories C:\Program Files\dotnet\sdk\6.0.303\Extensions,C:\Program Files\dotnet\sdk\6.0.303
TpTrace Information: 0 : 22268, 1, 2022/08/16, 12:08:18.772, 69725102347, vstest.console.dll, AssemblyResolver.AddSearchDirectories: Adding more searchDirectories C:\Program Files\dotnet\sdk\6.0.303\Extensions,C:\Program Files\dotnet\sdk\6.0.303
TpTrace Information: 0 : 22268, 1, 2022/08/16, 12:08:18.772, 69725103236, vstest.console.dll, AssemblyResolver.AddSearchDirectories: Adding more searchDirectories C:\Program Files\dotnet\sdk\6.0.303\Extensions,C:\Program Files\dotnet\sdk\6.0.303
TpTrace Information: 0 : 22268, 1, 2022/08/16, 12:08:18.774, 69725116631, vstest.console.dll, AssemblyResolver.OnResolve: DumpMinitool: Resolving assembly.
TpTrace Information: 0 : 22268, 1, 2022/08/16, 12:08:18.774, 69725118849, vstest.console.dll, AssemblyResolver.OnResolve: DumpMinitool: Searching in: 'C:\Program Files\dotnet\sdk\6.0.303\Extensions'.
TpTrace Information: 0 : 22268, 1, 2022/08/16, 12:08:18.774, 69725121736, vstest.console.dll, AssemblyResolver.OnResolve: DumpMinitool: Assembly path does not exist: 'C:\Program Files\dotnet\sdk\6.0.303\Extensions\DumpMinitool.dll', returning.
TpTrace Information: 0 : 22268, 1, 2022/08/16, 12:08:18.777, 69725147009, vstest.console.dll, AssemblyResolver.OnResolve: DumpMinitool: Loading assembly 'C:\Program Files\dotnet\sdk\6.0.303\Extensions\DumpMinitool.exe'.
TpTrace Information: 0 : 22268, 1, 2022/08/16, 12:08:18.780, 69725181597, vstest.console.dll, AssemblyResolver.OnResolve: Resolved assembly: DumpMinitool, from path: C:\Program Files\dotnet\sdk\6.0.303\Extensions\DumpMinitool.exe
TpTrace Verbose: 0 : 22268, 1, 2022/08/16, 12:08:18.798, 69725360289, vstest.console.dll, MetadataReaderExtensionsHelper: Discovering extensions inside assembly 'DumpMinitool, Version=15.0.0.0, Culture=neutral, PublicKeyToken=b03f5f7f11d50a3a' file path 'C:\Program Files\dotnet\sdk\6.0.303\Extensions\DumpMinitool.exe'
TpTrace Information: 0 : 22268, 1, 2022/08/16, 12:08:18.825, 69725633687, vstest.console.dll, AssemblyResolver.OnResolve: DumpMinitool.x86: Resolving assembly.
TpTrace Information: 0 : 22268, 1, 2022/08/16, 12:08:18.826, 69725636598, vstest.console.dll, AssemblyResolver.OnResolve: DumpMinitool.x86: Searching in: 'C:\Program Files\dotnet\sdk\6.0.303\Extensions'.
TpTrace Information: 0 : 22268, 1, 2022/08/16, 12:08:18.826, 69725638996, vstest.console.dll, AssemblyResolver.OnResolve: DumpMinitool.x86: Assembly path does not exist: 'C:\Program Files\dotnet\sdk\6.0.303\Extensions\DumpMinitool.x86.dll', returning.
TpTrace Information: 0 : 22268, 1, 2022/08/16, 12:08:18.829, 69725665097, vstest.console.dll, AssemblyResolver.OnResolve: DumpMinitool.x86: Loading assembly 'C:\Program Files\dotnet\sdk\6.0.303\Extensions\DumpMinitool.x86.exe'.
TpTrace Information: 0 : 22268, 1, 2022/08/16, 12:08:18.832, 69725698746, vstest.console.dll, AssemblyResolver.OnResolve: Resolved assembly: DumpMinitool.x86, from path: C:\Program Files\dotnet\sdk\6.0.303\Extensions\DumpMinitool.x86.exe
TpTrace Verbose: 0 : 22268, 1, 2022/08/16, 12:08:18.832, 69725700911, vstest.console.dll, MetadataReaderExtensionsHelper: Discovering extensions inside assembly 'DumpMinitool.x86, Version=15.0.0.0, Culture=neutral, PublicKeyToken=b03f5f7f11d50a3a' file path 'C:\Program Files\dotnet\sdk\6.0.303\Extensions\DumpMinitool.x86.exe'
TpTrace Information: 0 : 22268, 1, 2022/08/16, 12:08:18.834, 69725723217, vstest.console.dll, AssemblyResolver.OnResolve: Microsoft.Diagnostics.NETCore.Client: Resolving assembly.
TpTrace Information: 0 : 22268, 1, 2022/08/16, 12:08:18.835, 69725725181, vstest.console.dll, AssemblyResolver.OnResolve: Microsoft.Diagnostics.NETCore.Client: Searching in: 'C:\Program Files\dotnet\sdk\6.0.303\Extensions'.
TpTrace Information: 0 : 22268, 1, 2022/08/16, 12:08:18.838, 69725754352, vstest.console.dll, AssemblyResolver.OnResolve: Microsoft.Diagnostics.NETCore.Client: Loading assembly 'C:\Program Files\dotnet\sdk\6.0.303\Extensions\Microsoft.Diagnostics.NETCore.Client.dll'.
TpTrace Information: 0 : 22268, 1, 2022/08/16, 12:08:18.842, 69725795736, vstest.console.dll, AssemblyResolver.OnResolve: Resolved assembly: Microsoft.Diagnostics.NETCore.Client, from path: C:\Program Files\dotnet\sdk\6.0.303\Extensions\Microsoft.Diagnostics.NETCore.Client.dll
TpTrace Verbose: 0 : 22268, 1, 2022/08/16, 12:08:18.842, 69725798067, vstest.console.dll, MetadataReaderExtensionsHelper: Discovering extensions inside assembly 'Microsoft.Diagnostics.NETCore.Client, Version=0.2.5.801, Culture=neutral, PublicKeyToken=31bf3856ad364e35' file path 'C:\Program Files\dotnet\sdk\6.0.303\Extensions\Microsoft.Diagnostics.NETCore.Client.dll'
TpTrace Information: 0 : 22268, 1, 2022/08/16, 12:08:18.863, 69726010443, vstest.console.dll, AssemblyResolver.OnResolve: Microsoft.Bcl.AsyncInterfaces: Resolving assembly.
TpTrace Information: 0 : 22268, 1, 2022/08/16, 12:08:18.863, 69726012546, vstest.console.dll, AssemblyResolver.OnResolve: Microsoft.Bcl.AsyncInterfaces: Searching in: 'C:\Program Files\dotnet\sdk\6.0.303\Extensions'.
TpTrace Information: 0 : 22268, 1, 2022/08/16, 12:08:18.864, 69726014668, vstest.console.dll, AssemblyResolver.OnResolve: Microsoft.Bcl.AsyncInterfaces: Assembly path does not exist: 'C:\Program Files\dotnet\sdk\6.0.303\Extensions\Microsoft.Bcl.AsyncInterfaces.dll', returning.
TpTrace Information: 0 : 22268, 1, 2022/08/16, 12:08:18.864, 69726016494, vstest.console.dll, AssemblyResolver.OnResolve: Microsoft.Bcl.AsyncInterfaces: Assembly path does not exist: 'C:\Program Files\dotnet\sdk\6.0.303\Extensions\Microsoft.Bcl.AsyncInterfaces.exe', returning.
TpTrace Information: 0 : 22268, 1, 2022/08/16, 12:08:18.864, 69726017793, vstest.console.dll, AssemblyResolver.OnResolve: Microsoft.Bcl.AsyncInterfaces: Searching in: 'C:\Program Files\dotnet\sdk\6.0.303'.
TpTrace Information: 0 : 22268, 1, 2022/08/16, 12:08:18.864, 69726019842, vstest.console.dll, AssemblyResolver.OnResolve: Microsoft.Bcl.AsyncInterfaces: Assembly path does not exist: 'C:\Program Files\dotnet\sdk\6.0.303\Microsoft.Bcl.AsyncInterfaces.dll', returning.
TpTrace Information: 0 : 22268, 1, 2022/08/16, 12:08:18.864, 69726021771, vstest.console.dll, AssemblyResolver.OnResolve: Microsoft.Bcl.AsyncInterfaces: Assembly path does not exist: 'C:\Program Files\dotnet\sdk\6.0.303\Microsoft.Bcl.AsyncInterfaces.exe', returning.
TpTrace Information: 0 : 22268, 1, 2022/08/16, 12:08:18.864, 69726022805, vstest.console.dll, AssemblyResolver.OnResolve: Microsoft.Bcl.AsyncInterfaces: Failed to load assembly.
TpTrace Verbose: 0 : 22268, 1, 2022/08/16, 12:08:18.865, 69726024565, vstest.console.dll, CurrentDomainAssemblyResolve: Resolving assembly 'Microsoft.Bcl.AsyncInterfaces'.
TpTrace Information: 0 : 22268, 1, 2022/08/16, 12:08:18.865, 69726026422, vstest.console.dll, AssemblyResolver.OnResolve: Microsoft.Bcl.AsyncInterfaces: Resolving assembly.
TpTrace Information: 0 : 22268, 1, 2022/08/16, 12:08:18.865, 69726027723, vstest.console.dll, AssemblyResolver.OnResolve: Microsoft.Bcl.AsyncInterfaces: Resolved from cache.
TpTrace Verbose: 0 : 22268, 1, 2022/08/16, 12:08:18.865, 69726028781, vstest.console.dll, CurrentDomainAssemblyResolve: Resolving assembly 'Microsoft.Bcl.AsyncInterfaces'.
TpTrace Verbose: 0 : 22268, 1, 2022/08/16, 12:08:18.865, 69726029917, vstest.console.dll, CurrentDomainAssemblyResolve: Failed to resolve assembly 'Microsoft.Bcl.AsyncInterfaces'.
TpTrace Verbose: 0 : 22268, 1, 2022/08/16, 12:08:18.873, 69726113215, vstest.console.dll, CurrentDomainAssemblyResolve: Failed to resolve assembly 'Microsoft.Bcl.AsyncInterfaces'.
TpTrace Warning: 0 : 22268, 1, 2022/08/16, 12:08:18.934, 69726719944, vstest.console.dll, TestPluginDiscoverer: Failed to get types from assembly 'Microsoft.Diagnostics.NETCore.Client, Version=0.2.5.801, Culture=neutral, PublicKeyToken=31bf3856ad364e35'. Error: System.Reflection.ReflectionTypeLoadException: Unable to load one or more of the requested types.
Could not load file or assembly 'Microsoft.Bcl.AsyncInterfaces, Version=1.0.0.0, Culture=neutral, PublicKeyToken=cc7b13ffcd2ddd51'. The system cannot find the file specified.
   at System.Reflection.RuntimeModule.GetTypes(RuntimeModule module)
   at System.Reflection.Assembly.GetTypes()
   at Microsoft.VisualStudio.TestPlatform.Common.ExtensionFramework.TestPluginDiscoverer.GetTestExtensionsFromAssembly[TPluginInfo,TExtension](Assembly assembly, Dictionary`2 pluginInfos, String filePath)
System.IO.FileNotFoundException: Could not load file or assembly 'Microsoft.Bcl.AsyncInterfaces, Version=1.0.0.0, Culture=neutral, PublicKeyToken=cc7b13ffcd2ddd51'. The system cannot find the file specified.
File name: 'Microsoft.Bcl.AsyncInterfaces, Version=1.0.0.0, Culture=neutral, PublicKeyToken=cc7b13ffcd2ddd51'
 ---> System.IO.FileNotFoundException: Could not load file or assembly 'Microsoft.Bcl.AsyncInterfaces, Culture=neutral, PublicKeyToken=null'. The system cannot find the file specified.
File name: 'Microsoft.Bcl.AsyncInterfaces, Culture=neutral, PublicKeyToken=null'
   at System.Reflection.RuntimeAssembly.InternalLoad(ObjectHandleOnStack assemblyName, ObjectHandleOnStack requestingAssembly, StackCrawlMarkHandle stackMark, Boolean throwOnFileNotFound, ObjectHandleOnStack assemblyLoadContext, ObjectHandleOnStack retAssembly)
   at System.Reflection.RuntimeAssembly.InternalLoad(AssemblyName assemblyName, RuntimeAssembly requestingAssembly, StackCrawlMark& stackMark, Boolean throwOnFileNotFound, AssemblyLoadContext assemblyLoadContext)
   at System.Reflection.Assembly.Load(AssemblyName assemblyRef)
   at Microsoft.VisualStudio.TestPlatform.Common.ExtensionFramework.TestPluginCache.CurrentDomainAssemblyResolve(Object sender, AssemblyResolveEventArgs args)
   at Microsoft.VisualStudio.TestPlatform.PlatformAbstractions.PlatformAssemblyResolver.AssemblyResolverEvent(Object sender, Object eventArgs)
   at System.Runtime.Loader.AssemblyLoadContext.GetFirstResolvedAssemblyFromResolvingEvent(AssemblyName assemblyName)
   at System.Runtime.Loader.AssemblyLoadContext.ResolveUsingEvent(AssemblyName assemblyName)
   at System.Runtime.Loader.AssemblyLoadContext.ResolveUsingResolvingEvent(IntPtr gchManagedAssemblyLoadContext, AssemblyName assemblyName)
TpTrace Warning: 0 : 22268, 1, 2022/08/16, 12:08:18.935, 69726726923, vstest.console.dll, LoaderExceptions: System.IO.FileNotFoundException: Could not load file or assembly 'Microsoft.Bcl.AsyncInterfaces, Version=1.0.0.0, Culture=neutral, PublicKeyToken=cc7b13ffcd2ddd51'. The system cannot find the file specified.
File name: 'Microsoft.Bcl.AsyncInterfaces, Version=1.0.0.0, Culture=neutral, PublicKeyToken=cc7b13ffcd2ddd51'
 ---> System.IO.FileNotFoundException: Could not load file or assembly 'Microsoft.Bcl.AsyncInterfaces, Culture=neutral, PublicKeyToken=null'. The system cannot find the file specified.
File name: 'Microsoft.Bcl.AsyncInterfaces, Culture=neutral, PublicKeyToken=null'
   at System.Reflection.RuntimeAssembly.InternalLoad(ObjectHandleOnStack assemblyName, ObjectHandleOnStack requestingAssembly, StackCrawlMarkHandle stackMark, Boolean throwOnFileNotFound, ObjectHandleOnStack assemblyLoadContext, ObjectHandleOnStack retAssembly)
   at System.Reflection.RuntimeAssembly.InternalLoad(AssemblyName assemblyName, RuntimeAssembly requestingAssembly, StackCrawlMark& stackMark, Boolean throwOnFileNotFound, AssemblyLoadContext assemblyLoadContext)
   at System.Reflection.Assembly.Load(AssemblyName assemblyRef)
   at Microsoft.VisualStudio.TestPlatform.Common.ExtensionFramework.TestPluginCache.CurrentDomainAssemblyResolve(Object sender, AssemblyResolveEventArgs args)
   at Microsoft.VisualStudio.TestPlatform.PlatformAbstractions.PlatformAssemblyResolver.AssemblyResolverEvent(Object sender, Object eventArgs)
   at System.Runtime.Loader.AssemblyLoadContext.GetFirstResolvedAssemblyFromResolvingEvent(AssemblyName assemblyName)
   at System.Runtime.Loader.AssemblyLoadContext.ResolveUsingEvent(AssemblyName assemblyName)
   at System.Runtime.Loader.AssemblyLoadContext.ResolveUsingResolvingEvent(IntPtr gchManagedAssemblyLoadContext, AssemblyName assemblyName)
TpTrace Information: 0 : 22268, 1, 2022/08/16, 12:08:18.935, 69726730067, vstest.console.dll, AssemblyResolver.OnResolve: Microsoft.TestPlatform.Extensions.BlameDataCollector: Resolving assembly.
TpTrace Information: 0 : 22268, 1, 2022/08/16, 12:08:18.935, 69726731340, vstest.console.dll, AssemblyResolver.OnResolve: Microsoft.TestPlatform.Extensions.BlameDataCollector: Searching in: 'C:\Program Files\dotnet\sdk\6.0.303\Extensions'.
TpTrace Information: 0 : 22268, 1, 2022/08/16, 12:08:18.942, 69726795002, vstest.console.dll, AssemblyResolver.OnResolve: Microsoft.TestPlatform.Extensions.BlameDataCollector: Loading assembly 'C:\Program Files\dotnet\sdk\6.0.303\Extensions\Microsoft.TestPlatform.Extensions.BlameDataCollector.dll'.
TpTrace Information: 0 : 22268, 1, 2022/08/16, 12:08:18.946, 69726837798, vstest.console.dll, AssemblyResolver.OnResolve: Resolved assembly: Microsoft.TestPlatform.Extensions.BlameDataCollector, from path: C:\Program Files\dotnet\sdk\6.0.303\Extensions\Microsoft.TestPlatform.Extensions.BlameDataCollector.dll
TpTrace Verbose: 0 : 22268, 1, 2022/08/16, 12:08:18.946, 69726840868, vstest.console.dll, MetadataReaderExtensionsHelper: Discovering extensions inside assembly 'Microsoft.TestPlatform.Extensions.BlameDataCollector, Version=15.0.0.0, Culture=neutral, PublicKeyToken=b03f5f7f11d50a3a' file path 'C:\Program Files\dotnet\sdk\6.0.303\Extensions\Microsoft.TestPlatform.Extensions.BlameDataCollector.dll'
TpTrace Information: 0 : 22268, 1, 2022/08/16, 12:08:18.949, 69726870589, vstest.console.dll, AssemblyResolver.OnResolve: Microsoft.TestPlatform.Extensions.EventLogCollector: Resolving assembly.
TpTrace Information: 0 : 22268, 1, 2022/08/16, 12:08:18.949, 69726872525, vstest.console.dll, AssemblyResolver.OnResolve: Microsoft.TestPlatform.Extensions.EventLogCollector: Searching in: 'C:\Program Files\dotnet\sdk\6.0.303\Extensions'.
TpTrace Information: 0 : 22268, 1, 2022/08/16, 12:08:18.952, 69726894230, vstest.console.dll, AssemblyResolver.OnResolve: Microsoft.TestPlatform.Extensions.EventLogCollector: Loading assembly 'C:\Program Files\dotnet\sdk\6.0.303\Extensions\Microsoft.TestPlatform.Extensions.EventLogCollector.dll'.
TpTrace Information: 0 : 22268, 1, 2022/08/16, 12:08:18.954, 69726919437, vstest.console.dll, AssemblyResolver.OnResolve: Resolved assembly: Microsoft.TestPlatform.Extensions.EventLogCollector, from path: C:\Program Files\dotnet\sdk\6.0.303\Extensions\Microsoft.TestPlatform.Extensions.EventLogCollector.dll
TpTrace Verbose: 0 : 22268, 1, 2022/08/16, 12:08:18.954, 69726921615, vstest.console.dll, MetadataReaderExtensionsHelper: Discovering extensions inside assembly 'Microsoft.TestPlatform.Extensions.EventLogCollector, Version=15.0.0.0, Culture=neutral, PublicKeyToken=b03f5f7f11d50a3a' file path 'C:\Program Files\dotnet\sdk\6.0.303\Extensions\Microsoft.TestPlatform.Extensions.EventLogCollector.dll'
TpTrace Information: 0 : 22268, 1, 2022/08/16, 12:08:18.961, 69726984685, vstest.console.dll, AssemblyResolver.OnResolve: Microsoft.TestPlatform.TestHostRuntimeProvider: Resolving assembly.
TpTrace Information: 0 : 22268, 1, 2022/08/16, 12:08:18.961, 69726986663, vstest.console.dll, AssemblyResolver.OnResolve: Microsoft.TestPlatform.TestHostRuntimeProvider: Searching in: 'C:\Program Files\dotnet\sdk\6.0.303\Extensions'.
TpTrace Information: 0 : 22268, 1, 2022/08/16, 12:08:18.963, 69727007026, vstest.console.dll, AssemblyResolver.OnResolve: Microsoft.TestPlatform.TestHostRuntimeProvider: Loading assembly 'C:\Program Files\dotnet\sdk\6.0.303\Extensions\Microsoft.TestPlatform.TestHostRuntimeProvider.dll'.
TpTrace Information: 0 : 22268, 1, 2022/08/16, 12:08:18.966, 69727039488, vstest.console.dll, AssemblyResolver.OnResolve: Resolved assembly: Microsoft.TestPlatform.TestHostRuntimeProvider, from path: C:\Program Files\dotnet\sdk\6.0.303\Extensions\Microsoft.TestPlatform.TestHostRuntimeProvider.dll
TpTrace Verbose: 0 : 22268, 1, 2022/08/16, 12:08:18.966, 69727041245, vstest.console.dll, MetadataReaderExtensionsHelper: Discovering extensions inside assembly 'Microsoft.TestPlatform.TestHostRuntimeProvider, Version=15.0.0.0, Culture=neutral, PublicKeyToken=b03f5f7f11d50a3a' file path 'C:\Program Files\dotnet\sdk\6.0.303\Extensions\Microsoft.TestPlatform.TestHostRuntimeProvider.dll'
TpTrace Information: 0 : 22268, 1, 2022/08/16, 12:08:18.970, 69727080263, vstest.console.dll, GetTestExtensionFromType: Register extension with identifier data 'HostProvider://DefaultTestHost' and type 'Microsoft.VisualStudio.TestPlatform.CrossPlatEngine.Hosting.DefaultTestHostManager, Microsoft.TestPlatform.TestHostRuntimeProvider, Version=15.0.0.0, Culture=neutral, PublicKeyToken=b03f5f7f11d50a3a' inside file 'C:\Program Files\dotnet\sdk\6.0.303\Extensions\Microsoft.TestPlatform.TestHostRuntimeProvider.dll'
TpTrace Information: 0 : 22268, 1, 2022/08/16, 12:08:18.970, 69727082377, vstest.console.dll, GetTestExtensionFromType: Register extension with identifier data 'HostProvider://DotnetTestHost' and type 'Microsoft.VisualStudio.TestPlatform.CrossPlatEngine.Hosting.DotnetTestHostManager, Microsoft.TestPlatform.TestHostRuntimeProvider, Version=15.0.0.0, Culture=neutral, PublicKeyToken=b03f5f7f11d50a3a' inside file 'C:\Program Files\dotnet\sdk\6.0.303\Extensions\Microsoft.TestPlatform.TestHostRuntimeProvider.dll'
TpTrace Information: 0 : 22268, 1, 2022/08/16, 12:08:18.970, 69727083892, vstest.console.dll, AssemblyResolver.OnResolve: Microsoft.VisualStudio.TestPlatform.Extensions.Html.TestLogger: Resolving assembly.
TpTrace Information: 0 : 22268, 1, 2022/08/16, 12:08:18.971, 69727084706, vstest.console.dll, AssemblyResolver.OnResolve: Microsoft.VisualStudio.TestPlatform.Extensions.Html.TestLogger: Searching in: 'C:\Program Files\dotnet\sdk\6.0.303\Extensions'.
TpTrace Information: 0 : 22268, 1, 2022/08/16, 12:08:18.973, 69727104454, vstest.console.dll, AssemblyResolver.OnResolve: Microsoft.VisualStudio.TestPlatform.Extensions.Html.TestLogger: Loading assembly 'C:\Program Files\dotnet\sdk\6.0.303\Extensions\Microsoft.VisualStudio.TestPlatform.Extensions.Html.TestLogger.dll'.
TpTrace Information: 0 : 22268, 1, 2022/08/16, 12:08:18.976, 69727138343, vstest.console.dll, AssemblyResolver.OnResolve: Resolved assembly: Microsoft.VisualStudio.TestPlatform.Extensions.Html.TestLogger, from path: C:\Program Files\dotnet\sdk\6.0.303\Extensions\Microsoft.VisualStudio.TestPlatform.Extensions.Html.TestLogger.dll
TpTrace Verbose: 0 : 22268, 1, 2022/08/16, 12:08:18.976, 69727140378, vstest.console.dll, MetadataReaderExtensionsHelper: Discovering extensions inside assembly 'Microsoft.VisualStudio.TestPlatform.Extensions.Html.TestLogger, Version=15.0.0.0, Culture=neutral, PublicKeyToken=b03f5f7f11d50a3a' file path 'C:\Program Files\dotnet\sdk\6.0.303\Extensions\Microsoft.VisualStudio.TestPlatform.Extensions.Html.TestLogger.dll'
TpTrace Information: 0 : 22268, 1, 2022/08/16, 12:08:18.978, 69727161033, vstest.console.dll, AssemblyResolver.OnResolve: Microsoft.VisualStudio.TestPlatform.Extensions.Trx.TestLogger: Resolving assembly.
TpTrace Information: 0 : 22268, 1, 2022/08/16, 12:08:18.978, 69727163596, vstest.console.dll, AssemblyResolver.OnResolve: Microsoft.VisualStudio.TestPlatform.Extensions.Trx.TestLogger: Searching in: 'C:\Program Files\dotnet\sdk\6.0.303\Extensions'.
TpTrace Information: 0 : 22268, 1, 2022/08/16, 12:08:18.981, 69727189935, vstest.console.dll, AssemblyResolver.OnResolve: Microsoft.VisualStudio.TestPlatform.Extensions.Trx.TestLogger: Loading assembly 'C:\Program Files\dotnet\sdk\6.0.303\Extensions\Microsoft.VisualStudio.TestPlatform.Extensions.Trx.TestLogger.dll'.
TpTrace Information: 0 : 22268, 1, 2022/08/16, 12:08:18.985, 69727231713, vstest.console.dll, AssemblyResolver.OnResolve: Resolved assembly: Microsoft.VisualStudio.TestPlatform.Extensions.Trx.TestLogger, from path: C:\Program Files\dotnet\sdk\6.0.303\Extensions\Microsoft.VisualStudio.TestPlatform.Extensions.Trx.TestLogger.dll
TpTrace Verbose: 0 : 22268, 1, 2022/08/16, 12:08:18.986, 69727234177, vstest.console.dll, MetadataReaderExtensionsHelper: Discovering extensions inside assembly 'Microsoft.VisualStudio.TestPlatform.Extensions.Trx.TestLogger, Version=15.0.0.0, Culture=neutral, PublicKeyToken=b03f5f7f11d50a3a' file path 'C:\Program Files\dotnet\sdk\6.0.303\Extensions\Microsoft.VisualStudio.TestPlatform.Extensions.Trx.TestLogger.dll'
TpTrace Verbose: 0 : 22268, 1, 2022/08/16, 12:08:18.988, 69727261561, vstest.console.dll, TestPluginCache: Discovered the extensions using extension path ''.
TpTrace Verbose: 0 : 22268, 1, 2022/08/16, 12:08:18.988, 69727263672, vstest.console.dll, TestPluginCache: Discoverers are ''.
TpTrace Verbose: 0 : 22268, 1, 2022/08/16, 12:08:18.989, 69727264860, vstest.console.dll, TestPluginCache: Executors are ''.
TpTrace Verbose: 0 : 22268, 1, 2022/08/16, 12:08:18.989, 69727265678, vstest.console.dll, TestPluginCache: Executors2 are ''.
TpTrace Verbose: 0 : 22268, 1, 2022/08/16, 12:08:18.989, 69727266664, vstest.console.dll, TestPluginCache: Setting providers are ''.
TpTrace Verbose: 0 : 22268, 1, 2022/08/16, 12:08:18.989, 69727267528, vstest.console.dll, TestPluginCache: Loggers are ''.
TpTrace Verbose: 0 : 22268, 1, 2022/08/16, 12:08:18.989, 69727273091, vstest.console.dll, TestPluginCache: TestHosts are 'HostProvider://DefaultTestHost,HostProvider://DotnetTestHost'.
TpTrace Verbose: 0 : 22268, 1, 2022/08/16, 12:08:18.990, 69727274738, vstest.console.dll, TestPluginCache: DataCollectors are ''.
TpTrace Information: 0 : 22268, 1, 2022/08/16, 12:08:19.109, 69728467881, vstest.console.dll, RunTestsArgumentProcessor:Execute: Test run is starting.
TpTrace Verbose: 0 : 22268, 1, 2022/08/16, 12:08:19.109, 69728470699, vstest.console.dll, RunTestsArgumentProcessor:Execute: Queuing Test run.
TpTrace Information: 0 : 22268, 1, 2022/08/16, 12:08:19.110, 69728477452, vstest.console.dll, TestRequestManager.RunTests: run tests started.
TpTrace Information: 0 : 22268, 1, 2022/08/16, 12:08:19.184, 69729223212, vstest.console.dll, AssemblyMetadataProvider.GetFrameWork: Determined framework:'.NETCoreApp,Version=v6.0' for source: 'C:\Users\maranf\Videos\Pragmatic-Test-Driven-Development-in-C-.NET-main\ch10\UqsAppointmentBooking\Uqs.AppointmentBooking.Domain.Tests.Unit\bin\Debug\net6.0\fine-code-coverage\build-output\Uqs.AppointmentBooking.Domain.Tests.Unit.dll'
TpTrace Information: 0 : 22268, 1, 2022/08/16, 12:08:19.185, 69729227850, vstest.console.dll, Determined framework for all sources: .NETCoreApp,Version=v6.0
TpTrace Verbose: 0 : 22268, 1, 2022/08/16, 12:08:19.186, 69729237438, vstest.console.dll, TestRequestManager.UpdateRunSettingsIfRequired: Default architecture: X64 IsDefaultTargetArchitecture: True, Current process architecture: X64 OperatingSystem: Windows.
TpTrace Information: 0 : 22268, 1, 2022/08/16, 12:08:19.188, 69729256746, vstest.console.dll, AssemblyMetadataProvider.GetArchitecture: Determined architecture:AnyCPU info for assembly: C:\Users\maranf\Videos\Pragmatic-Test-Driven-Development-in-C-.NET-main\ch10\UqsAppointmentBooking\Uqs.AppointmentBooking.Domain.Tests.Unit\bin\Debug\net6.0\fine-code-coverage\build-output\Uqs.AppointmentBooking.Domain.Tests.Unit.dll
TpTrace Information: 0 : 22268, 1, 2022/08/16, 12:08:19.188, 69729259094, vstest.console.dll, Determined platform for source 'C:\Users\maranf\Videos\Pragmatic-Test-Driven-Development-in-C-.NET-main\ch10\UqsAppointmentBooking\Uqs.AppointmentBooking.Domain.Tests.Unit\bin\Debug\net6.0\fine-code-coverage\build-output\Uqs.AppointmentBooking.Domain.Tests.Unit.dll' is 'AnyCPU'
TpTrace Information: 0 : 22268, 1, 2022/08/16, 12:08:19.194, 69729314591, vstest.console.dll, Determined platform for all sources: X64
TpTrace Information: 0 : 22268, 1, 2022/08/16, 12:08:19.194, 69729317610, vstest.console.dll, Infered platform 'X64'.
TpTrace Information: 0 : 22268, 1, 2022/08/16, 12:08:19.194, 69729319659, vstest.console.dll, Platform update to 'X64' required.
TpTrace Information: 0 : 22268, 1, 2022/08/16, 12:08:19.202, 69729399372, vstest.console.dll, Compatible sources list: 
TpTrace Information: 0 : 22268, 1, 2022/08/16, 12:08:19.202, 69729402521, vstest.console.dll, C:\Users\maranf\Videos\Pragmatic-Test-Driven-Development-in-C-.NET-main\ch10\UqsAppointmentBooking\Uqs.AppointmentBooking.Domain.Tests.Unit\bin\Debug\net6.0\fine-code-coverage\build-output\Uqs.AppointmentBooking.Domain.Tests.Unit.dll
TpTrace Information: 0 : 22268, 1, 2022/08/16, 12:08:19.214, 69729518728, vstest.console.dll, InferRunSettingsHelper.IsTestSettingsEnabled: Unable to navigate to RunSettings/MSTest. Current node: RunSettings
TpTrace Information: 0 : 22268, 1, 2022/08/16, 12:08:19.216, 69729542197, vstest.console.dll, AssemblyResolver.OnResolve: Microsoft.VisualStudio.TestPlatform.Fakes: Resolving assembly.
TpTrace Information: 0 : 22268, 1, 2022/08/16, 12:08:19.217, 69729545120, vstest.console.dll, AssemblyResolver.OnResolve: Microsoft.VisualStudio.TestPlatform.Fakes: Searching in: 'C:\Program Files\dotnet\sdk\6.0.303\Extensions'.
TpTrace Information: 0 : 22268, 1, 2022/08/16, 12:08:19.217, 69729548729, vstest.console.dll, AssemblyResolver.OnResolve: Microsoft.VisualStudio.TestPlatform.Fakes: Assembly path does not exist: 'C:\Program Files\dotnet\sdk\6.0.303\Extensions\Microsoft.VisualStudio.TestPlatform.Fakes.dll', returning.
TpTrace Information: 0 : 22268, 1, 2022/08/16, 12:08:19.217, 69729551778, vstest.console.dll, AssemblyResolver.OnResolve: Microsoft.VisualStudio.TestPlatform.Fakes: Assembly path does not exist: 'C:\Program Files\dotnet\sdk\6.0.303\Extensions\Microsoft.VisualStudio.TestPlatform.Fakes.exe', returning.
TpTrace Information: 0 : 22268, 1, 2022/08/16, 12:08:19.217, 69729553531, vstest.console.dll, AssemblyResolver.OnResolve: Microsoft.VisualStudio.TestPlatform.Fakes: Searching in: 'C:\Program Files\dotnet\sdk\6.0.303'.
TpTrace Information: 0 : 22268, 1, 2022/08/16, 12:08:19.218, 69729556616, vstest.console.dll, AssemblyResolver.OnResolve: Microsoft.VisualStudio.TestPlatform.Fakes: Assembly path does not exist: 'C:\Program Files\dotnet\sdk\6.0.303\Microsoft.VisualStudio.TestPlatform.Fakes.dll', returning.
TpTrace Information: 0 : 22268, 1, 2022/08/16, 12:08:19.218, 69729559795, vstest.console.dll, AssemblyResolver.OnResolve: Microsoft.VisualStudio.TestPlatform.Fakes: Assembly path does not exist: 'C:\Program Files\dotnet\sdk\6.0.303\Microsoft.VisualStudio.TestPlatform.Fakes.exe', returning.
TpTrace Information: 0 : 22268, 1, 2022/08/16, 12:08:19.218, 69729563041, vstest.console.dll, AssemblyResolver.OnResolve: Microsoft.VisualStudio.TestPlatform.Fakes: Failed to load assembly.
TpTrace Information: 0 : 22268, 1, 2022/08/16, 12:08:19.219, 69729571604, vstest.console.dll, Failed to load assembly Microsoft.VisualStudio.TestPlatform.Fakes, Version=17.0.0.0, Culture=neutral. Reason:System.IO.FileNotFoundException: Could not load file or assembly 'Microsoft.VisualStudio.TestPlatform.Fakes, Version=17.0.0.0, Culture=neutral, PublicKeyToken=null'. The system cannot find the file specified.
File name: 'Microsoft.VisualStudio.TestPlatform.Fakes, Version=17.0.0.0, Culture=neutral, PublicKeyToken=null'
   at System.Reflection.RuntimeAssembly.InternalLoad(ObjectHandleOnStack assemblyName, ObjectHandleOnStack requestingAssembly, StackCrawlMarkHandle stackMark, Boolean throwOnFileNotFound, ObjectHandleOnStack assemblyLoadContext, ObjectHandleOnStack retAssembly)
   at System.Reflection.RuntimeAssembly.InternalLoad(AssemblyName assemblyName, RuntimeAssembly requestingAssembly, StackCrawlMark& stackMark, Boolean throwOnFileNotFound, AssemblyLoadContext assemblyLoadContext)
   at System.Reflection.Assembly.Load(AssemblyName assemblyRef)
   at Microsoft.VisualStudio.TestPlatform.Common.Utilities.FakesUtilities.LoadTestPlatformAssembly()
TpTrace Verbose: 0 : 22268, 1, 2022/08/16, 12:08:19.234, 69729722358, vstest.console.dll, TestPluginCache.DiscoverTestExtensions: finding test extensions in assemblies ends with: TestLogger.dll TPluginInfo: Microsoft.VisualStudio.TestPlatform.Common.ExtensionFramework.Utilities.TestLoggerPluginInformation TExtension: Microsoft.VisualStudio.TestPlatform.ObjectModel.Client.ITestLogger
TpTrace Verbose: 0 : 22268, 1, 2022/08/16, 12:08:19.235, 69729725491, vstest.console.dll, TestPluginCache.GetExtensionPaths: Filtered extension paths: 
TpTrace Verbose: 0 : 22268, 1, 2022/08/16, 12:08:19.235, 69729726840, vstest.console.dll, TestPluginCache.GetExtensionPaths: Added default extension paths: C:\Program Files\dotnet\sdk\6.0.303\Extensions\DumpMinitool.exe
C:\Program Files\dotnet\sdk\6.0.303\Extensions\DumpMinitool.x86.exe
C:\Program Files\dotnet\sdk\6.0.303\Extensions\Microsoft.Diagnostics.NETCore.Client.dll
C:\Program Files\dotnet\sdk\6.0.303\Extensions\Microsoft.TestPlatform.Extensions.BlameDataCollector.dll
C:\Program Files\dotnet\sdk\6.0.303\Extensions\Microsoft.TestPlatform.Extensions.EventLogCollector.dll
C:\Program Files\dotnet\sdk\6.0.303\Extensions\Microsoft.TestPlatform.TestHostRuntimeProvider.dll
C:\Program Files\dotnet\sdk\6.0.303\Extensions\Microsoft.VisualStudio.TestPlatform.Extensions.Html.TestLogger.dll
C:\Program Files\dotnet\sdk\6.0.303\Extensions\Microsoft.VisualStudio.TestPlatform.Extensions.Trx.TestLogger.dll
TpTrace Verbose: 0 : 22268, 1, 2022/08/16, 12:08:19.235, 69729728692, vstest.console.dll, TestPluginCache.GetExtensionPaths: Added unfilterableExtensionPaths: 
TpTrace Information: 0 : 22268, 1, 2022/08/16, 12:08:19.235, 69729732672, vstest.console.dll, AssemblyResolver.AddSearchDirectories: Adding more searchDirectories C:\Program Files\dotnet\sdk\6.0.303\Extensions,C:\Program Files\dotnet\sdk\6.0.303
TpTrace Verbose: 0 : 22268, 1, 2022/08/16, 12:08:19.236, 69729734722, vstest.console.dll, TestPluginCache.DiscoverTestExtensions: Discovering the extensions using extension path.
TpTrace Verbose: 0 : 22268, 1, 2022/08/16, 12:08:19.236, 69729736313, vstest.console.dll, TestPluginCache.GetExtensionPaths: Filtered extension paths: 
TpTrace Verbose: 0 : 22268, 1, 2022/08/16, 12:08:19.236, 69729738107, vstest.console.dll, TestPluginCache.GetExtensionPaths: Added default extension paths: C:\Program Files\dotnet\sdk\6.0.303\Extensions\DumpMinitool.exe
C:\Program Files\dotnet\sdk\6.0.303\Extensions\DumpMinitool.x86.exe
C:\Program Files\dotnet\sdk\6.0.303\Extensions\Microsoft.Diagnostics.NETCore.Client.dll
C:\Program Files\dotnet\sdk\6.0.303\Extensions\Microsoft.TestPlatform.Extensions.BlameDataCollector.dll
C:\Program Files\dotnet\sdk\6.0.303\Extensions\Microsoft.TestPlatform.Extensions.EventLogCollector.dll
C:\Program Files\dotnet\sdk\6.0.303\Extensions\Microsoft.TestPlatform.TestHostRuntimeProvider.dll
C:\Program Files\dotnet\sdk\6.0.303\Extensions\Microsoft.VisualStudio.TestPlatform.Extensions.Html.TestLogger.dll
C:\Program Files\dotnet\sdk\6.0.303\Extensions\Microsoft.VisualStudio.TestPlatform.Extensions.Trx.TestLogger.dll
TpTrace Verbose: 0 : 22268, 1, 2022/08/16, 12:08:19.236, 69729739896, vstest.console.dll, TestPluginCache.GetExtensionPaths: Added unfilterableExtensionPaths: 
TpTrace Verbose: 0 : 22268, 1, 2022/08/16, 12:08:19.236, 69729741203, vstest.console.dll, TestPluginCache.DiscoverTestExtensions: Discovering the extensions using allExtensionPaths: C:\Program Files\dotnet\sdk\6.0.303\Extensions\DumpMinitool.exe
C:\Program Files\dotnet\sdk\6.0.303\Extensions\DumpMinitool.x86.exe
C:\Program Files\dotnet\sdk\6.0.303\Extensions\Microsoft.Diagnostics.NETCore.Client.dll
C:\Program Files\dotnet\sdk\6.0.303\Extensions\Microsoft.TestPlatform.Extensions.BlameDataCollector.dll
C:\Program Files\dotnet\sdk\6.0.303\Extensions\Microsoft.TestPlatform.Extensions.EventLogCollector.dll
C:\Program Files\dotnet\sdk\6.0.303\Extensions\Microsoft.TestPlatform.TestHostRuntimeProvider.dll
C:\Program Files\dotnet\sdk\6.0.303\Extensions\Microsoft.VisualStudio.TestPlatform.Extensions.Html.TestLogger.dll
C:\Program Files\dotnet\sdk\6.0.303\Extensions\Microsoft.VisualStudio.TestPlatform.Extensions.Trx.TestLogger.dll
TpTrace Information: 0 : 22268, 1, 2022/08/16, 12:08:19.236, 69729742993, vstest.console.dll, AssemblyResolver.AddSearchDirectories: Adding more searchDirectories C:\Program Files\dotnet\sdk\6.0.303\Extensions,C:\Program Files\dotnet\sdk\6.0.303
TpTrace Information: 0 : 22268, 1, 2022/08/16, 12:08:19.237, 69729744389, vstest.console.dll, AssemblyResolver.AddSearchDirectories: Adding more searchDirectories C:\Program Files\dotnet\sdk\6.0.303\Extensions,C:\Program Files\dotnet\sdk\6.0.303
TpTrace Information: 0 : 22268, 1, 2022/08/16, 12:08:19.237, 69729746007, vstest.console.dll, AssemblyResolver.AddSearchDirectories: Adding more searchDirectories C:\Program Files\dotnet\sdk\6.0.303\Extensions,C:\Program Files\dotnet\sdk\6.0.303
TpTrace Information: 0 : 22268, 1, 2022/08/16, 12:08:19.237, 69729747577, vstest.console.dll, AssemblyResolver.AddSearchDirectories: Adding more searchDirectories C:\Program Files\dotnet\sdk\6.0.303\Extensions,C:\Program Files\dotnet\sdk\6.0.303
TpTrace Information: 0 : 22268, 1, 2022/08/16, 12:08:19.237, 69729748751, vstest.console.dll, AssemblyResolver.AddSearchDirectories: Adding more searchDirectories C:\Program Files\dotnet\sdk\6.0.303\Extensions,C:\Program Files\dotnet\sdk\6.0.303
TpTrace Information: 0 : 22268, 1, 2022/08/16, 12:08:19.237, 69729749923, vstest.console.dll, AssemblyResolver.AddSearchDirectories: Adding more searchDirectories C:\Program Files\dotnet\sdk\6.0.303\Extensions,C:\Program Files\dotnet\sdk\6.0.303
TpTrace Information: 0 : 22268, 1, 2022/08/16, 12:08:19.237, 69729751745, vstest.console.dll, AssemblyResolver.AddSearchDirectories: Adding more searchDirectories C:\Program Files\dotnet\sdk\6.0.303\Extensions,C:\Program Files\dotnet\sdk\6.0.303
TpTrace Information: 0 : 22268, 1, 2022/08/16, 12:08:19.237, 69729752947, vstest.console.dll, AssemblyResolver.AddSearchDirectories: Adding more searchDirectories C:\Program Files\dotnet\sdk\6.0.303\Extensions,C:\Program Files\dotnet\sdk\6.0.303
TpTrace Verbose: 0 : 22268, 1, 2022/08/16, 12:08:19.238, 69729757444, vstest.console.dll, MetadataReaderExtensionsHelper: Discovering extensions inside assembly 'DumpMinitool, Version=15.0.0.0, Culture=neutral, PublicKeyToken=b03f5f7f11d50a3a' file path 'C:\Program Files\dotnet\sdk\6.0.303\Extensions\DumpMinitool.exe'
TpTrace Verbose: 0 : 22268, 1, 2022/08/16, 12:08:19.241, 69729786457, vstest.console.dll, MetadataReaderExtensionsHelper: Discovering extensions inside assembly 'DumpMinitool.x86, Version=15.0.0.0, Culture=neutral, PublicKeyToken=b03f5f7f11d50a3a' file path 'C:\Program Files\dotnet\sdk\6.0.303\Extensions\DumpMinitool.x86.exe'
TpTrace Verbose: 0 : 22268, 1, 2022/08/16, 12:08:19.243, 69729809027, vstest.console.dll, MetadataReaderExtensionsHelper: Discovering extensions inside assembly 'Microsoft.Diagnostics.NETCore.Client, Version=0.2.5.801, Culture=neutral, PublicKeyToken=31bf3856ad364e35' file path 'C:\Program Files\dotnet\sdk\6.0.303\Extensions\Microsoft.Diagnostics.NETCore.Client.dll'
TpTrace Information: 0 : 22268, 1, 2022/08/16, 12:08:19.245, 69729832105, vstest.console.dll, AssemblyResolver.OnResolve: Microsoft.Bcl.AsyncInterfaces: Resolving assembly.
TpTrace Information: 0 : 22268, 1, 2022/08/16, 12:08:19.246, 69729834352, vstest.console.dll, AssemblyResolver.OnResolve: Microsoft.Bcl.AsyncInterfaces: Resolved from cache.
TpTrace Verbose: 0 : 22268, 1, 2022/08/16, 12:08:19.246, 69729835972, vstest.console.dll, CurrentDomainAssemblyResolve: Resolving assembly 'Microsoft.Bcl.AsyncInterfaces'.
TpTrace Information: 0 : 22268, 1, 2022/08/16, 12:08:19.246, 69729837816, vstest.console.dll, AssemblyResolver.OnResolve: Microsoft.Bcl.AsyncInterfaces: Resolving assembly.
TpTrace Information: 0 : 22268, 1, 2022/08/16, 12:08:19.246, 69729838931, vstest.console.dll, AssemblyResolver.OnResolve: Microsoft.Bcl.AsyncInterfaces: Resolved from cache.
TpTrace Verbose: 0 : 22268, 1, 2022/08/16, 12:08:19.246, 69729840060, vstest.console.dll, CurrentDomainAssemblyResolve: Resolving assembly 'Microsoft.Bcl.AsyncInterfaces'.
TpTrace Verbose: 0 : 22268, 1, 2022/08/16, 12:08:19.246, 69729841149, vstest.console.dll, CurrentDomainAssemblyResolve: Failed to resolve assembly 'Microsoft.Bcl.AsyncInterfaces'.
TpTrace Verbose: 0 : 22268, 1, 2022/08/16, 12:08:19.247, 69729845389, vstest.console.dll, CurrentDomainAssemblyResolve: Failed to resolve assembly 'Microsoft.Bcl.AsyncInterfaces'.
TpTrace Warning: 0 : 22268, 1, 2022/08/16, 12:08:19.248, 69729856659, vstest.console.dll, TestPluginDiscoverer: Failed to get types from assembly 'Microsoft.Diagnostics.NETCore.Client, Version=0.2.5.801, Culture=neutral, PublicKeyToken=31bf3856ad364e35'. Error: System.Reflection.ReflectionTypeLoadException: Unable to load one or more of the requested types.
Could not load file or assembly 'Microsoft.Bcl.AsyncInterfaces, Version=1.0.0.0, Culture=neutral, PublicKeyToken=cc7b13ffcd2ddd51'. The system cannot find the file specified.
   at System.Reflection.RuntimeModule.GetTypes(RuntimeModule module)
   at System.Reflection.Assembly.GetTypes()
   at Microsoft.VisualStudio.TestPlatform.Common.ExtensionFramework.TestPluginDiscoverer.GetTestExtensionsFromAssembly[TPluginInfo,TExtension](Assembly assembly, Dictionary`2 pluginInfos, String filePath)
System.IO.FileNotFoundException: Could not load file or assembly 'Microsoft.Bcl.AsyncInterfaces, Version=1.0.0.0, Culture=neutral, PublicKeyToken=cc7b13ffcd2ddd51'. The system cannot find the file specified.
File name: 'Microsoft.Bcl.AsyncInterfaces, Version=1.0.0.0, Culture=neutral, PublicKeyToken=cc7b13ffcd2ddd51'
 ---> System.IO.FileNotFoundException: Could not load file or assembly 'Microsoft.Bcl.AsyncInterfaces, Culture=neutral, PublicKeyToken=null'. The system cannot find the file specified.
File name: 'Microsoft.Bcl.AsyncInterfaces, Culture=neutral, PublicKeyToken=null'
   at System.Reflection.RuntimeAssembly.InternalLoad(ObjectHandleOnStack assemblyName, ObjectHandleOnStack requestingAssembly, StackCrawlMarkHandle stackMark, Boolean throwOnFileNotFound, ObjectHandleOnStack assemblyLoadContext, ObjectHandleOnStack retAssembly)
   at System.Reflection.RuntimeAssembly.InternalLoad(AssemblyName assemblyName, RuntimeAssembly requestingAssembly, StackCrawlMark& stackMark, Boolean throwOnFileNotFound, AssemblyLoadContext assemblyLoadContext)
   at System.Reflection.Assembly.Load(AssemblyName assemblyRef)
   at Microsoft.VisualStudio.TestPlatform.Common.ExtensionFramework.TestPluginCache.CurrentDomainAssemblyResolve(Object sender, AssemblyResolveEventArgs args)
   at Microsoft.VisualStudio.TestPlatform.PlatformAbstractions.PlatformAssemblyResolver.AssemblyResolverEvent(Object sender, Object eventArgs)
   at System.Runtime.Loader.AssemblyLoadContext.GetFirstResolvedAssemblyFromResolvingEvent(AssemblyName assemblyName)
   at System.Runtime.Loader.AssemblyLoadContext.ResolveUsingEvent(AssemblyName assemblyName)
   at System.Runtime.Loader.AssemblyLoadContext.ResolveUsingResolvingEvent(IntPtr gchManagedAssemblyLoadContext, AssemblyName assemblyName)
TpTrace Warning: 0 : 22268, 1, 2022/08/16, 12:08:19.248, 69729862867, vstest.console.dll, LoaderExceptions: System.IO.FileNotFoundException: Could not load file or assembly 'Microsoft.Bcl.AsyncInterfaces, Version=1.0.0.0, Culture=neutral, PublicKeyToken=cc7b13ffcd2ddd51'. The system cannot find the file specified.
File name: 'Microsoft.Bcl.AsyncInterfaces, Version=1.0.0.0, Culture=neutral, PublicKeyToken=cc7b13ffcd2ddd51'
 ---> System.IO.FileNotFoundException: Could not load file or assembly 'Microsoft.Bcl.AsyncInterfaces, Culture=neutral, PublicKeyToken=null'. The system cannot find the file specified.
File name: 'Microsoft.Bcl.AsyncInterfaces, Culture=neutral, PublicKeyToken=null'
   at System.Reflection.RuntimeAssembly.InternalLoad(ObjectHandleOnStack assemblyName, ObjectHandleOnStack requestingAssembly, StackCrawlMarkHandle stackMark, Boolean throwOnFileNotFound, ObjectHandleOnStack assemblyLoadContext, ObjectHandleOnStack retAssembly)
   at System.Reflection.RuntimeAssembly.InternalLoad(AssemblyName assemblyName, RuntimeAssembly requestingAssembly, StackCrawlMark& stackMark, Boolean throwOnFileNotFound, AssemblyLoadContext assemblyLoadContext)
   at System.Reflection.Assembly.Load(AssemblyName assemblyRef)
   at Microsoft.VisualStudio.TestPlatform.Common.ExtensionFramework.TestPluginCache.CurrentDomainAssemblyResolve(Object sender, AssemblyResolveEventArgs args)
   at Microsoft.VisualStudio.TestPlatform.PlatformAbstractions.PlatformAssemblyResolver.AssemblyResolverEvent(Object sender, Object eventArgs)
   at System.Runtime.Loader.AssemblyLoadContext.GetFirstResolvedAssemblyFromResolvingEvent(AssemblyName assemblyName)
   at System.Runtime.Loader.AssemblyLoadContext.ResolveUsingEvent(AssemblyName assemblyName)
   at System.Runtime.Loader.AssemblyLoadContext.ResolveUsingResolvingEvent(IntPtr gchManagedAssemblyLoadContext, AssemblyName assemblyName)
TpTrace Verbose: 0 : 22268, 1, 2022/08/16, 12:08:19.249, 69729866607, vstest.console.dll, MetadataReaderExtensionsHelper: Discovering extensions inside assembly 'Microsoft.TestPlatform.Extensions.BlameDataCollector, Version=15.0.0.0, Culture=neutral, PublicKeyToken=b03f5f7f11d50a3a' file path 'C:\Program Files\dotnet\sdk\6.0.303\Extensions\Microsoft.TestPlatform.Extensions.BlameDataCollector.dll'
TpTrace Information: 0 : 22268, 1, 2022/08/16, 12:08:19.251, 69729885904, vstest.console.dll, GetTestExtensionFromType: Register extension with identifier data 'logger://Microsoft/TestPlatform/Extensions/Blame/v1' and type 'Microsoft.TestPlatform.Extensions.BlameDataCollector.BlameLogger, Microsoft.TestPlatform.Extensions.BlameDataCollector, Version=15.0.0.0, Culture=neutral, PublicKeyToken=b03f5f7f11d50a3a' inside file 'C:\Program Files\dotnet\sdk\6.0.303\Extensions\Microsoft.TestPlatform.Extensions.BlameDataCollector.dll'
TpTrace Verbose: 0 : 22268, 1, 2022/08/16, 12:08:19.251, 69729888410, vstest.console.dll, MetadataReaderExtensionsHelper: Discovering extensions inside assembly 'Microsoft.TestPlatform.Extensions.EventLogCollector, Version=15.0.0.0, Culture=neutral, PublicKeyToken=b03f5f7f11d50a3a' file path 'C:\Program Files\dotnet\sdk\6.0.303\Extensions\Microsoft.TestPlatform.Extensions.EventLogCollector.dll'
TpTrace Verbose: 0 : 22268, 1, 2022/08/16, 12:08:19.253, 69729909783, vstest.console.dll, MetadataReaderExtensionsHelper: Discovering extensions inside assembly 'Microsoft.TestPlatform.TestHostRuntimeProvider, Version=15.0.0.0, Culture=neutral, PublicKeyToken=b03f5f7f11d50a3a' file path 'C:\Program Files\dotnet\sdk\6.0.303\Extensions\Microsoft.TestPlatform.TestHostRuntimeProvider.dll'
TpTrace Verbose: 0 : 22268, 1, 2022/08/16, 12:08:19.255, 69729930478, vstest.console.dll, MetadataReaderExtensionsHelper: Discovering extensions inside assembly 'Microsoft.VisualStudio.TestPlatform.Extensions.Html.TestLogger, Version=15.0.0.0, Culture=neutral, PublicKeyToken=b03f5f7f11d50a3a' file path 'C:\Program Files\dotnet\sdk\6.0.303\Extensions\Microsoft.VisualStudio.TestPlatform.Extensions.Html.TestLogger.dll'
TpTrace Information: 0 : 22268, 1, 2022/08/16, 12:08:19.257, 69729947904, vstest.console.dll, GetTestExtensionFromType: Register extension with identifier data 'logger://Microsoft/TestPlatform/HtmlLogger/v1' and type 'Microsoft.VisualStudio.TestPlatform.Extensions.HtmlLogger.HtmlLogger, Microsoft.VisualStudio.TestPlatform.Extensions.Html.TestLogger, Version=15.0.0.0, Culture=neutral, PublicKeyToken=b03f5f7f11d50a3a' inside file 'C:\Program Files\dotnet\sdk\6.0.303\Extensions\Microsoft.VisualStudio.TestPlatform.Extensions.Html.TestLogger.dll'
TpTrace Verbose: 0 : 22268, 1, 2022/08/16, 12:08:19.257, 69729949598, vstest.console.dll, MetadataReaderExtensionsHelper: Discovering extensions inside assembly 'Microsoft.VisualStudio.TestPlatform.Extensions.Trx.TestLogger, Version=15.0.0.0, Culture=neutral, PublicKeyToken=b03f5f7f11d50a3a' file path 'C:\Program Files\dotnet\sdk\6.0.303\Extensions\Microsoft.VisualStudio.TestPlatform.Extensions.Trx.TestLogger.dll'
TpTrace Information: 0 : 22268, 1, 2022/08/16, 12:08:19.258, 69729962762, vstest.console.dll, GetTestExtensionFromType: Register extension with identifier data 'logger://Microsoft/TestPlatform/TrxLogger/v1' and type 'Microsoft.VisualStudio.TestPlatform.Extensions.TrxLogger.TrxLogger, Microsoft.VisualStudio.TestPlatform.Extensions.Trx.TestLogger, Version=15.0.0.0, Culture=neutral, PublicKeyToken=b03f5f7f11d50a3a' inside file 'C:\Program Files\dotnet\sdk\6.0.303\Extensions\Microsoft.VisualStudio.TestPlatform.Extensions.Trx.TestLogger.dll'
TpTrace Verbose: 0 : 22268, 1, 2022/08/16, 12:08:19.259, 69729964438, vstest.console.dll, TestPluginCache: Discovered the extensions using extension path ''.
TpTrace Verbose: 0 : 22268, 1, 2022/08/16, 12:08:19.259, 69729965194, vstest.console.dll, TestPluginCache: Discoverers are ''.
TpTrace Verbose: 0 : 22268, 1, 2022/08/16, 12:08:19.259, 69729965783, vstest.console.dll, TestPluginCache: Executors are ''.
TpTrace Verbose: 0 : 22268, 1, 2022/08/16, 12:08:19.259, 69729966359, vstest.console.dll, TestPluginCache: Executors2 are ''.
TpTrace Verbose: 0 : 22268, 1, 2022/08/16, 12:08:19.259, 69729966986, vstest.console.dll, TestPluginCache: Setting providers are ''.
TpTrace Verbose: 0 : 22268, 1, 2022/08/16, 12:08:19.259, 69729968679, vstest.console.dll, TestPluginCache: Loggers are 'logger://Microsoft/TestPlatform/Extensions/Blame/v1,logger://Microsoft/TestPlatform/HtmlLogger/v1,logger://Microsoft/TestPlatform/TrxLogger/v1'.
TpTrace Verbose: 0 : 22268, 1, 2022/08/16, 12:08:19.259, 69729969773, vstest.console.dll, TestPluginCache: TestHosts are 'HostProvider://DefaultTestHost,HostProvider://DotnetTestHost'.
TpTrace Verbose: 0 : 22268, 1, 2022/08/16, 12:08:19.259, 69729970396, vstest.console.dll, TestPluginCache: DataCollectors are ''.
TpTrace Information: 0 : 22268, 1, 2022/08/16, 12:08:19.260, 69729983141, vstest.console.dll, TestPluginManager.CreateTestExtension: Attempting to load test extension: Microsoft.TestPlatform.Extensions.BlameDataCollector.BlameLogger
TpTrace Information: 0 : 22268, 1, 2022/08/16, 12:08:19.281, 69730186867, vstest.console.dll, TestPluginManager.CreateTestExtension: Attempting to load test extension: Microsoft.VisualStudio.TestPlatform.CrossPlatEngine.Hosting.DefaultTestHostManager
TpTrace Information: 0 : 22268, 1, 2022/08/16, 12:08:19.287, 69730246186, vstest.console.dll, TestPluginManager.CreateTestExtension: Attempting to load test extension: Microsoft.VisualStudio.TestPlatform.CrossPlatEngine.Hosting.DotnetTestHostManager
TpTrace Verbose: 0 : 22268, 1, 2022/08/16, 12:08:19.289, 69730268746, vstest.console.dll, TestEngine: Initializing Parallel Execution as MaxCpuCount is set to: 1
TpTrace Information: 0 : 22268, 1, 2022/08/16, 12:08:19.291, 69730286893, vstest.console.dll, InferRunSettingsHelper.IsTestSettingsEnabled: Unable to navigate to RunSettings/MSTest. Current node: RunSettings
TpTrace Verbose: 0 : 22268, 1, 2022/08/16, 12:08:19.295, 69730332457, vstest.console.dll, TestRequestSender is acting as server.
TpTrace Verbose: 0 : 22268, 1, 2022/08/16, 12:08:19.299, 69730364944, vstest.console.dll, TestEngine.GetExecutionManager: Chosen execution manager 'Microsoft.VisualStudio.TestPlatform.CrossPlatEngine.Client.Parallel.ParallelProxyExecutionManager, Microsoft.TestPlatform.CrossPlatEngine, Version=15.0.0.0, Culture=neutral, PublicKeyToken=b03f5f7f11d50a3a' ParallelLevel '1' Shared host 'False'
TpTrace Verbose: 0 : 22268, 5, 2022/08/16, 12:08:19.312, 69730497883, vstest.console.dll, DataCollectionRequestSender.InitializeCommunication : Initialize communication. 
TpTrace Information: 0 : 22268, 5, 2022/08/16, 12:08:19.334, 69730717558, vstest.console.dll, Listening on Endpoint : 127.0.0.1:58473
TpTrace Verbose: 0 : 22268, 5, 2022/08/16, 12:08:19.371, 69731086524, vstest.console.dll, DotnetDataCollectionLauncher: Full path of dotnet.exe is C:\Program Files\dotnet\dotnet.exe
TpTrace Verbose: 0 : 22268, 5, 2022/08/16, 12:08:19.371, 69731091396, vstest.console.dll, DotnetDataCollectionLauncher: Adding  --runtimeconfig "C:\Program Files\dotnet\sdk\6.0.303\datacollector.runtimeconfig.json" in args
TpTrace Verbose: 0 : 22268, 5, 2022/08/16, 12:08:19.372, 69731095071, vstest.console.dll, DotnetDataCollectionLauncher: Adding  --depsfile "C:\Program Files\dotnet\sdk\6.0.303\datacollector.deps.json" in args
TpTrace Information: 0 : 22268, 5, 2022/08/16, 12:08:19.482, 69732199757, vstest.console.dll, ProxyDataCollectionManager.Initialize: Launched datacollector processId: 13628 port: 58473
TpTrace Information: 0 : 22268, 5, 2022/08/16, 12:08:19.482, 69732202618, vstest.console.dll, ProxyDataCollectionManager.Initialize: waiting for connection with timeout: 90 seconds
TpTrace Verbose: 0 : 22268, 5, 2022/08/16, 12:08:19.482, 69732204102, vstest.console.dll, DataCollectionRequestSender.WaitForRequestHandlerConnection : Waiting for connection with timeout: 90000
TpTrace Information: 0 : 22268, 8, 2022/08/16, 12:08:20.083, 69738207214, vstest.console.dll, Using the buffer size of 16384 bytes
TpTrace Verbose: 0 : 22268, 5, 2022/08/16, 12:08:20.083, 69738207523, vstest.console.dll, SocketCommunicationManager.WaitForClientConnection took: 600 ms, with 90000 ms timeout, and finished with True.
TpTrace Information: 0 : 22268, 8, 2022/08/16, 12:08:20.083, 69738209834, vstest.console.dll, Accepted Client request and set the flag
TpTrace Verbose: 0 : 22268, 5, 2022/08/16, 12:08:20.083, 69738212664, vstest.console.dll, ProxyDataCollectionManager.InvokeDataCollectionServiceAction: Starting.
TpTrace Information: 0 : 22268, 5, 2022/08/16, 12:08:20.084, 69738214870, vstest.console.dll, ProxyDataCollectionManager.BeforeTestRunStart: Get environment variable and port for datacollector processId: 13628 port: 58473
TpTrace Verbose: 0 : 22268, 5, 2022/08/16, 12:08:20.084, 69738217660, vstest.console.dll, DataCollectionRequestSender.SendBeforeTestRunStartAndGetResult: Send BeforeTestRunStart message with settingsXml <RunSettings><RunConfiguration><ResultsDirectory>C:\Users\maranf\Videos\Pragmatic-Test-Driven-Development-in-C-.NET-main\ch10\UqsAppointmentBooking\Uqs.AppointmentBooking.Domain.Tests.Unit\bin\Debug\net6.0\fine-code-coverage\coverage-tool-output</ResultsDirectory><TargetPlatform>X64</TargetPlatform><TargetFrameworkVersion>.NETCoreApp,Version=v6.0</TargetFrameworkVersion><DesignMode>False</DesignMode><CollectSourceInformation>False</CollectSourceInformation><TestAdaptersPaths>C:\Program Files\dotnet\sdk\6.0.303\Extensions</TestAdaptersPaths></RunConfiguration><LoggerRunSettings><Loggers><Logger friendlyName="blame" enabled="True" /><Logger friendlyName="Console" uri="logger://microsoft/TestPlatform/ConsoleLogger/v1" assemblyQualifiedName="Microsoft.VisualStudio.TestPlatform.CommandLine.Internal.ConsoleLogger, vstest.console, Version=15.0.0.0, Culture=neutral, PublicKeyToken=b03f5f7f11d50a3a" codeBase="C:\Program Files\dotnet\sdk\6.0.303\vstest.console.dll" enabled="True" /></Loggers></LoggerRunSettings><DataCollectionRunSettings><DataCollectors><DataCollector friendlyName="blame" enabled="True"><Configuration><ResultsDirectory>C:\Users\maranf\Videos\Pragmatic-Test-Driven-Development-in-C-.NET-main\ch10\UqsAppointmentBooking\Uqs.AppointmentBooking.Domain.Tests.Unit\bin\Debug\net6.0\fine-code-coverage\coverage-tool-output</ResultsDirectory></Configuration></DataCollector></DataCollectors></DataCollectionRunSettings></RunSettings> and sources System.Linq.Enumerable+Concat2Iterator`1[System.String]: 
TpTrace Verbose: 0 : 22268, 5, 2022/08/16, 12:08:20.294, 69740317670, vstest.console.dll, DataCollectionRequestSender.SendBeforeTestRunStartAndGetResult: Received message: (DataCollection.SendMessage) -> {
  "FriendlyName": null,
  "Uri": null,
  "TestCaseId": "00000000-0000-0000-0000-000000000000",
  "Message": "Logging DataCollector Diagnostics in file: C:\\Users\\maranf\\Videos\\Pragmatic-Test-Driven-Development-in-C-.NET-main\\ch10\\UqsAppointmentBooking\\Uqs.AppointmentBooking.Domain.Tests.Unit\\bin\\Debug\\net6.0\\fine-code-coverage\\coverage-tool-output\\diagnostics.datacollector.22-08-16_12-08-19_36959_5.log",
  "Level": 0
}
TpTrace Verbose: 0 : 22268, 5, 2022/08/16, 12:08:20.490, 69742283468, vstest.console.dll, DataCollectionRequestSender.SendBeforeTestRunStartAndGetResult: Received message: (DataCollection.BeforeTestRunStartResult) -> {
  "EnvironmentVariables": {},
  "DataCollectionEventsPort": 58475
}
TpTrace Information: 0 : 22268, 5, 2022/08/16, 12:08:20.504, 69742416053, vstest.console.dll, ProxyDataCollectionManager.BeforeTestRunStart: SendBeforeTestRunStartAndGetResult successful, env variable from datacollector:   and testhost port: 58475
TpTrace Information: 0 : 22268, 5, 2022/08/16, 12:08:20.504, 69742418256, vstest.console.dll, ProxyDataCollectionManager.InvokeDataCollectionServiceAction: Completed.
TpTrace Verbose: 0 : 22268, 1, 2022/08/16, 12:08:20.504, 69742421160, vstest.console.dll, TestRunRequest.ExecuteAsync: Creating test run request.
TpTrace Verbose: 0 : 22268, 1, 2022/08/16, 12:08:20.505, 69742433252, vstest.console.dll, TestRunRequest.ExecuteAsync: Starting.
TpTrace Information: 0 : 22268, 1, 2022/08/16, 12:08:20.507, 69742447778, vstest.console.dll, TestRunRequest.ExecuteAsync: Starting run with settings:TestRunCriteria:
   KeepAlive=False,FrequencyOfRunStatsChangeEvent=10,RunStatsChangeEventTimeout=00:00:01.5000000,TestCaseFilter=,TestExecutorLauncher=
   Settingsxml=<RunSettings>
  <RunConfiguration>
    <ResultsDirectory>C:\Users\maranf\Videos\Pragmatic-Test-Driven-Development-in-C-.NET-main\ch10\UqsAppointmentBooking\Uqs.AppointmentBooking.Domain.Tests.Unit\bin\Debug\net6.0\fine-code-coverage\coverage-tool-output</ResultsDirectory>
    <TargetPlatform>X64</TargetPlatform>
    <TargetFrameworkVersion>.NETCoreApp,Version=v6.0</TargetFrameworkVersion>
    <DesignMode>False</DesignMode>
    <CollectSourceInformation>False</CollectSourceInformation>
  </RunConfiguration>
  <LoggerRunSettings>
    <Loggers>
      <Logger friendlyName="blame" enabled="True" />
      <Logger friendlyName="Console" uri="logger://microsoft/TestPlatform/ConsoleLogger/v1" assemblyQualifiedName="Microsoft.VisualStudio.TestPlatform.CommandLine.Internal.ConsoleLogger, vstest.console, Version=15.0.0.0, Culture=neutral, PublicKeyToken=b03f5f7f11d50a3a" codeBase="C:\Program Files\dotnet\sdk\6.0.303\vstest.console.dll" enabled="True" />
    </Loggers>
  </LoggerRunSettings>
  <DataCollectionRunSettings>
    <DataCollectors>
      <DataCollector friendlyName="blame" enabled="True">
        <Configuration>
          <ResultsDirectory>C:\Users\maranf\Videos\Pragmatic-Test-Driven-Development-in-C-.NET-main\ch10\UqsAppointmentBooking\Uqs.AppointmentBooking.Domain.Tests.Unit\bin\Debug\net6.0\fine-code-coverage\coverage-tool-output</ResultsDirectory>
        </Configuration>
      </DataCollector>
    </DataCollectors>
  </DataCollectionRunSettings>
</RunSettings>

TpTrace Verbose: 0 : 22268, 1, 2022/08/16, 12:08:20.507, 69742451134, vstest.console.dll, TestRunRequest.ExecuteAsync: Wait for the first run request is over.
TpTrace Verbose: 0 : 22268, 1, 2022/08/16, 12:08:20.508, 69742460820, vstest.console.dll, MulticastDelegateUtilities.SafeInvoke: TestRun.TestRunStart: Invoking callbacks was skipped because there are no subscribers.
TpTrace Verbose: 0 : 22268, 1, 2022/08/16, 12:08:20.509, 69742467744, vstest.console.dll, ParallelProxyExecutionManager: Start execution. Total sources: 1
TpTrace Verbose: 0 : 22268, 4, 2022/08/16, 12:08:20.509, 69742469543, vstest.console.dll, MulticastDelegateUtilities.SafeInvoke: InternalTestLoggerEvents.SendTestRunStart: Invoking callback 1/1 for Microsoft.VisualStudio.TestPlatform.CommandLine.Internal.ConsoleLogger.TestRunStartHandler, took 0 ms.
TpTrace Information: 0 : 22268, 1, 2022/08/16, 12:08:20.511, 69742485587, vstest.console.dll, ProxyParallelExecutionManager: Triggering test run for next source: C:\Users\maranf\Videos\Pragmatic-Test-Driven-Development-in-C-.NET-main\ch10\UqsAppointmentBooking\Uqs.AppointmentBooking.Domain.Tests.Unit\bin\Debug\net6.0\fine-code-coverage\build-output\Uqs.AppointmentBooking.Domain.Tests.Unit.dll
TpTrace Verbose: 0 : 22268, 5, 2022/08/16, 12:08:20.511, 69742489833, vstest.console.dll, ParallelProxyExecutionManager: Execution started. Started clients: 1
TpTrace Verbose: 0 : 22268, 1, 2022/08/16, 12:08:20.511, 69742490695, vstest.console.dll, ProxyParallelExecutionManager: No sources available for execution.
TpTrace Information: 0 : 22268, 1, 2022/08/16, 12:08:20.511, 69742493020, vstest.console.dll, TestRunRequest.ExecuteAsync: Started.
TpTrace Verbose: 0 : 22268, 1, 2022/08/16, 12:08:20.512, 69742495523, vstest.console.dll, TestRunRequest.WaitForCompletion: Waiting with timeout -1.
TpTrace Verbose: 0 : 22268, 5, 2022/08/16, 12:08:20.512, 69742496817, vstest.console.dll, TestRunRequest:SendTestRunMessage: Starting.
TpTrace Verbose: 0 : 22268, 4, 2022/08/16, 12:08:20.512, 69742500464, vstest.console.dll, MulticastDelegateUtilities.SafeInvoke: InternalTestLoggerEvents.SendTestRunMessage: Invoking callback 1/1 for Microsoft.VisualStudio.TestPlatform.CommandLine.Internal.ConsoleLogger.TestMessageHandler, took 0 ms.
TpTrace Verbose: 0 : 22268, 5, 2022/08/16, 12:08:20.512, 69742500450, vstest.console.dll, MulticastDelegateUtilities.SafeInvoke: TestRun.LogMessages: Invoking callback 1/1 for Microsoft.VisualStudio.TestPlatform.CommandLine.TestRunResultAggregator.TestRunMessageHandler, took 0 ms.
TpTrace Information: 0 : 22268, 5, 2022/08/16, 12:08:20.512, 69742503611, vstest.console.dll, TestRunRequest:SendTestRunMessage: Completed.
TpTrace Verbose: 0 : 22268, 5, 2022/08/16, 12:08:20.513, 69742508542, vstest.console.dll, ProxyExecutionManager: Test host is always Lazy initialize.
TpTrace Verbose: 0 : 22268, 5, 2022/08/16, 12:08:20.513, 69742514031, vstest.console.dll, TestRequestSender.InitializeCommunication: initialize communication. 
TpTrace Information: 0 : 22268, 5, 2022/08/16, 12:08:20.515, 69742524735, vstest.console.dll, SocketServer.Start: Listening on endpoint : 127.0.0.1:58476
TpTrace Verbose: 0 : 22268, 5, 2022/08/16, 12:08:20.516, 69742540782, vstest.console.dll, DotnetTestHostmanager.GetTestHostProcessStartInfo: Platform environment 'X64' target architecture 'X64' framework '.NETCoreApp,Version=v6.0' OS 'Windows'
TpTrace Verbose: 0 : 22268, 5, 2022/08/16, 12:08:20.517, 69742551101, vstest.console.dll, DotnetTestHostmanager: Adding  --runtimeconfig "C:\Users\maranf\Videos\Pragmatic-Test-Driven-Development-in-C-.NET-main\ch10\UqsAppointmentBooking\Uqs.AppointmentBooking.Domain.Tests.Unit\bin\Debug\net6.0\fine-code-coverage\build-output\Uqs.AppointmentBooking.Domain.Tests.Unit.runtimeconfig.json" in args
TpTrace Verbose: 0 : 22268, 5, 2022/08/16, 12:08:20.518, 69742555156, vstest.console.dll, DotnetTestHostmanager: Adding  --depsfile "C:\Users\maranf\Videos\Pragmatic-Test-Driven-Development-in-C-.NET-main\ch10\UqsAppointmentBooking\Uqs.AppointmentBooking.Domain.Tests.Unit\bin\Debug\net6.0\fine-code-coverage\build-output\Uqs.AppointmentBooking.Domain.Tests.Unit.deps.json" in args
TpTrace Verbose: 0 : 22268, 5, 2022/08/16, 12:08:20.519, 69742564344, vstest.console.dll, DotnetTestHostmanager.IsWinOnArm: Current PROCESSOR_ARCHITECTURE from environment variable 'AMD64'
TpTrace Verbose: 0 : 22268, 5, 2022/08/16, 12:08:20.519, 69742566592, vstest.console.dll, DotnetTestHostmanager.IsWinOnArm: Is Windows on ARM 'False'
TpTrace Verbose: 0 : 22268, 5, 2022/08/16, 12:08:20.519, 69742569596, vstest.console.dll, DotnetTestHostManager: testhost.exe found at path: C:\Users\maranf\Videos\Pragmatic-Test-Driven-Development-in-C-.NET-main\ch10\UqsAppointmentBooking\Uqs.AppointmentBooking.Domain.Tests.Unit\bin\Debug\net6.0\fine-code-coverage\build-output\testhost.exe
TpTrace Verbose: 0 : 22268, 5, 2022/08/16, 12:08:20.519, 69742571112, vstest.console.dll, DotnetTestHostmanager: Full path of host exe is C:\Users\maranf\Videos\Pragmatic-Test-Driven-Development-in-C-.NET-main\ch10\UqsAppointmentBooking\Uqs.AppointmentBooking.Domain.Tests.Unit\bin\Debug\net6.0\fine-code-coverage\build-output\testhost.exe
TpTrace Verbose: 0 : 22268, 5, 2022/08/16, 12:08:20.520, 69742574711, vstest.console.dll, DotnetTestHostmanager.LaunchTestHostAsync: Found 'VSTEST_WINAPPHOST_DOTNET_ROOT' in env variables, value 'C:\Program Files\dotnet', forwarding to 'DOTNET_ROOT'
TpTrace Verbose: 0 : 22268, 7, 2022/08/16, 12:08:20.522, 69742602520, vstest.console.dll, DotnetTestHostManager: Starting process 'C:\Users\maranf\Videos\Pragmatic-Test-Driven-Development-in-C-.NET-main\ch10\UqsAppointmentBooking\Uqs.AppointmentBooking.Domain.Tests.Unit\bin\Debug\net6.0\fine-code-coverage\build-output\testhost.exe' with command line ' --runtimeconfig "C:\Users\maranf\Videos\Pragmatic-Test-Driven-Development-in-C-.NET-main\ch10\UqsAppointmentBooking\Uqs.AppointmentBooking.Domain.Tests.Unit\bin\Debug\net6.0\fine-code-coverage\build-output\Uqs.AppointmentBooking.Domain.Tests.Unit.runtimeconfig.json" --depsfile "C:\Users\maranf\Videos\Pragmatic-Test-Driven-Development-in-C-.NET-main\ch10\UqsAppointmentBooking\Uqs.AppointmentBooking.Domain.Tests.Unit\bin\Debug\net6.0\fine-code-coverage\build-output\Uqs.AppointmentBooking.Domain.Tests.Unit.deps.json" --port 58476 --endpoint 127.0.0.1:058476 --role client --parentprocessid 22268 --diag "C:\Users\maranf\Videos\Pragmatic-Test-Driven-Development-in-C-.NET-main\ch10\UqsAppointmentBooking\Uqs.AppointmentBooking.Domain.Tests.Unit\bin\Debug\net6.0\fine-code-coverage\coverage-tool-output\diagnostics.host.22-08-16_12-08-20_51590_5.log" --tracelevel 4 --datacollectionport 58475 --telemetryoptedin false'
TpTrace Verbose: 0 : 22268, 7, 2022/08/16, 12:08:20.549, 69742865894, vstest.console.dll, MulticastDelegateUtilities.SafeInvoke: HostProviderEvents.OnHostLaunched: Invoking callback 1/2 for Microsoft.VisualStudio.TestPlatform.CrossPlatEngine.Client.ProxyExecutionManagerWithDataCollection.TestHostLaunchedHandler, took 2 ms.
TpTrace Verbose: 0 : 22268, 7, 2022/08/16, 12:08:20.549, 69742869416, vstest.console.dll, Test Runtime launched
TpTrace Verbose: 0 : 22268, 7, 2022/08/16, 12:08:20.549, 69742871651, vstest.console.dll, MulticastDelegateUtilities.SafeInvoke: HostProviderEvents.OnHostLaunched: Invoking callback 2/2 for Microsoft.VisualStudio.TestPlatform.CrossPlatEngine.Client.ProxyOperationManager.TestHostManagerHostLaunched, took 0 ms.
TpTrace Verbose: 0 : 22268, 5, 2022/08/16, 12:08:20.550, 69742884087, vstest.console.dll, TestRequestSender.WaitForRequestHandlerConnection: waiting for connection with timeout: 90000.
TpTrace Verbose: 0 : 22268, 5, 2022/08/16, 12:08:21.364, 69751021553, vstest.console.dll, TestRequestSender.WaitForRequestHandlerConnection: waiting took 813 ms, with timeout 90000 ms, and result 0, which is success.
TpTrace Verbose: 0 : 22268, 7, 2022/08/16, 12:08:21.364, 69751021554, vstest.console.dll, MulticastDelegateUtilities.SafeInvoke: SocketServer: ClientConnected: Invoking callback 1/1 for Microsoft.VisualStudio.TestPlatform.CommunicationUtilities.TestRequestSender.<InitializeCommunication>b__23_0, took 0 ms.
TpTrace Verbose: 0 : 22268, 7, 2022/08/16, 12:08:21.365, 69751025496, vstest.console.dll, SocketServer.OnClientConnected: Client connected for endPoint: 127.0.0.1:58476, starting MessageLoopAsync:
TpTrace Verbose: 0 : 22268, 5, 2022/08/16, 12:08:21.366, 69751043309, vstest.console.dll, TestRequestSender.CheckVersionWithTestHost: Sending check version message: {"MessageType":"ProtocolVersion","Payload":6}
TpTrace Verbose: 0 : 22268, 7, 2022/08/16, 12:08:21.376, 69751139384, vstest.console.dll, TcpClientExtensions.MessageLoopAsync: Polling on remoteEndPoint: 127.0.0.1:58477 localEndPoint: 127.0.0.1:58476
TpTrace Verbose: 0 : 22268, 7, 2022/08/16, 12:08:21.797, 69755350755, vstest.console.dll, TcpClientExtensions.MessageLoopAsync: NotifyDataAvailable remoteEndPoint: 127.0.0.1:58477 localEndPoint: 127.0.0.1:58476
TpTrace Verbose: 0 : 22268, 7, 2022/08/16, 12:08:21.798, 69755357960, vstest.console.dll, TestRequestSender.CheckVersionWithTestHost: onMessageReceived received message: (ProtocolVersion) -> 5
TpTrace Verbose: 0 : 22268, 7, 2022/08/16, 12:08:21.799, 69755368416, vstest.console.dll, MulticastDelegateUtilities.SafeInvoke: LengthPrefixCommunicationChannel: MessageReceived: Invoking callback 1/1 for Microsoft.VisualStudio.TestPlatform.CommunicationUtilities.TestRequestSender+<>c__DisplayClass25_0.<CheckVersionWithTestHost>b__0, took 1 ms.
TpTrace Verbose: 0 : 22268, 7, 2022/08/16, 12:08:21.799, 69755370937, vstest.console.dll, TcpClientExtensions.MessageLoopAsync: Polling on remoteEndPoint: 127.0.0.1:58477 localEndPoint: 127.0.0.1:58476
TpTrace Verbose: 0 : 22268, 5, 2022/08/16, 12:08:21.800, 69755376922, vstest.console.dll, TestPluginCache.GetExtensionPaths: Filtered extension paths: 
TpTrace Verbose: 0 : 22268, 5, 2022/08/16, 12:08:21.800, 69755379194, vstest.console.dll, TestPluginCache.GetExtensionPaths: Added default extension paths: C:\Program Files\dotnet\sdk\6.0.303\Extensions\DumpMinitool.exe
C:\Program Files\dotnet\sdk\6.0.303\Extensions\DumpMinitool.x86.exe
C:\Program Files\dotnet\sdk\6.0.303\Extensions\Microsoft.Diagnostics.NETCore.Client.dll
C:\Program Files\dotnet\sdk\6.0.303\Extensions\Microsoft.TestPlatform.Extensions.BlameDataCollector.dll
C:\Program Files\dotnet\sdk\6.0.303\Extensions\Microsoft.TestPlatform.Extensions.EventLogCollector.dll
C:\Program Files\dotnet\sdk\6.0.303\Extensions\Microsoft.TestPlatform.TestHostRuntimeProvider.dll
C:\Program Files\dotnet\sdk\6.0.303\Extensions\Microsoft.VisualStudio.TestPlatform.Extensions.Html.TestLogger.dll
C:\Program Files\dotnet\sdk\6.0.303\Extensions\Microsoft.VisualStudio.TestPlatform.Extensions.Trx.TestLogger.dll
TpTrace Verbose: 0 : 22268, 5, 2022/08/16, 12:08:21.800, 69755380554, vstest.console.dll, TestPluginCache.GetExtensionPaths: Added unfilterableExtensionPaths: 
TpTrace Verbose: 0 : 22268, 5, 2022/08/16, 12:08:21.811, 69755493770, vstest.console.dll, TestRequestSender.InitializeExecution: Sending initialize execution with message: {"Version":5,"MessageType":"TestExecution.Initialize","Payload":["C:\\Users\\maranf\\Videos\\Pragmatic-Test-Driven-Development-in-C-.NET-main\\ch10\\UqsAppointmentBooking\\Uqs.AppointmentBooking.Domain.Tests.Unit\\bin\\Debug\\net6.0\\fine-code-coverage\\build-output\\xunit.runner.visualstudio.dotnetcore.testadapter.dll"]}
TpTrace Warning: 0 : 22268, 5, 2022/08/16, 12:08:21.812, 69755503470, vstest.console.dll, InferRunSettingsHelper.MakeRunsettingsCompatible: Removing the following settings: TargetPlatform from RunSettings file. To use those settings please move to latest version of Microsoft.NET.Test.Sdk
TpTrace Verbose: 0 : 22268, 7, 2022/08/16, 12:08:21.842, 69755794909, vstest.console.dll, TcpClientExtensions.MessageLoopAsync: NotifyDataAvailable remoteEndPoint: 127.0.0.1:58477 localEndPoint: 127.0.0.1:58476
TpTrace Verbose: 0 : 22268, 7, 2022/08/16, 12:08:21.842, 69755801585, vstest.console.dll, TestRequestSender.OnExecutionMessageReceived: Received message: {"Version":5,"MessageType":"TestSession.Message","Payload":{"MessageLevel":0,"Message":"Logging TestHost Diagnostics in file: C:\\Users\\maranf\\Videos\\Pragmatic-Test-Driven-Development-in-C-.NET-main\\ch10\\UqsAppointmentBooking\\Uqs.AppointmentBooking.Domain.Tests.Unit\\bin\\Debug\\net6.0\\fine-code-coverage\\coverage-tool-output\\diagnostics.host.22-08-16_12-08-20_51590_5.log"}}
TpTrace Verbose: 0 : 22268, 7, 2022/08/16, 12:08:21.848, 69755854510, vstest.console.dll, TestRunRequest:SendTestRunMessage: Starting.
TpTrace Verbose: 0 : 22268, 7, 2022/08/16, 12:08:21.848, 69755857612, vstest.console.dll, MulticastDelegateUtilities.SafeInvoke: TestRun.LogMessages: Invoking callback 1/1 for Microsoft.VisualStudio.TestPlatform.CommandLine.TestRunResultAggregator.TestRunMessageHandler, took 0 ms.
TpTrace Information: 0 : 22268, 7, 2022/08/16, 12:08:21.848, 69755859002, vstest.console.dll, TestRunRequest:SendTestRunMessage: Completed.
TpTrace Verbose: 0 : 22268, 7, 2022/08/16, 12:08:21.848, 69755860482, vstest.console.dll, MulticastDelegateUtilities.SafeInvoke: LengthPrefixCommunicationChannel: MessageReceived: Invoking callback 1/1 for Microsoft.VisualStudio.TestPlatform.CommunicationUtilities.TestRequestSender+<>c__DisplayClass30_0.<StartTestRun>b__1, took 5 ms.
TpTrace Verbose: 0 : 22268, 7, 2022/08/16, 12:08:21.848, 69755861653, vstest.console.dll, TcpClientExtensions.MessageLoopAsync: Polling on remoteEndPoint: 127.0.0.1:58477 localEndPoint: 127.0.0.1:58476
TpTrace Verbose: 0 : 22268, 4, 2022/08/16, 12:08:21.849, 69755866981, vstest.console.dll, MulticastDelegateUtilities.SafeInvoke: InternalTestLoggerEvents.SendTestRunMessage: Invoking callback 1/1 for Microsoft.VisualStudio.TestPlatform.CommandLine.Internal.ConsoleLogger.TestMessageHandler, took 0 ms.
TpTrace Verbose: 0 : 22268, 5, 2022/08/16, 12:08:21.856, 69755937199, vstest.console.dll, TestRequestSender.StartTestRun: Sending test run with message: {"Version":5,"MessageType":"TestExecution.StartWithSources","Payload":{"AdapterSourceMap":{"_none_":["C:\\Users\\maranf\\Videos\\Pragmatic-Test-Driven-Development-in-C-.NET-main\\ch10\\UqsAppointmentBooking\\Uqs.AppointmentBooking.Domain.Tests.Unit\\bin\\Debug\\net6.0\\fine-code-coverage\\build-output\\Uqs.AppointmentBooking.Domain.Tests.Unit.dll"]},"RunSettings":"<RunSettings>\r\n  <RunConfiguration>\r\n    <ResultsDirectory>C:\\Users\\maranf\\Videos\\Pragmatic-Test-Driven-Development-in-C-.NET-main\\ch10\\UqsAppointmentBooking\\Uqs.AppointmentBooking.Domain.Tests.Unit\\bin\\Debug\\net6.0\\fine-code-coverage\\coverage-tool-output</ResultsDirectory>\r\n    <TargetFrameworkVersion>.NETCoreApp,Version=v6.0</TargetFrameworkVersion>\r\n    <DesignMode>False</DesignMode>\r\n    <CollectSourceInformation>False</CollectSourceInformation>\r\n  </RunConfiguration>\r\n  <LoggerRunSettings>\r\n    <Loggers>\r\n      <Logger friendlyName=\"blame\" enabled=\"True\" />\r\n      <Logger friendlyName=\"Console\" uri=\"logger://microsoft/TestPlatform/ConsoleLogger/v1\" assemblyQualifiedName=\"Microsoft.VisualStudio.TestPlatform.CommandLine.Internal.ConsoleLogger, vstest.console, Version=15.0.0.0, Culture=neutral, PublicKeyToken=b03f5f7f11d50a3a\" codeBase=\"C:\\Program Files\\dotnet\\sdk\\6.0.303\\vstest.console.dll\" enabled=\"True\" />\r\n    </Loggers>\r\n  </LoggerRunSettings>\r\n  <DataCollectionRunSettings>\r\n    <DataCollectors>\r\n      <DataCollector friendlyName=\"blame\" enabled=\"True\">\r\n        <Configuration>\r\n          <ResultsDirectory>C:\\Users\\maranf\\Videos\\Pragmatic-Test-Driven-Development-in-C-.NET-main\\ch10\\UqsAppointmentBooking\\Uqs.AppointmentBooking.Domain.Tests.Unit\\bin\\Debug\\net6.0\\fine-code-coverage\\coverage-tool-output</ResultsDirectory>\r\n        </Configuration>\r\n      </DataCollector>\r\n    </DataCollectors>\r\n  </DataCollectionRunSettings>\r\n</RunSettings>","TestExecutionContext":{"FrequencyOfRunStatsChangeEvent":10,"RunStatsChangeEventTimeout":"00:00:01.5000000","InIsolation":false,"KeepAlive":false,"AreTestCaseLevelEventsRequired":false,"IsDebug":false,"TestCaseFilter":null,"FilterOptions":null},"Package":null}}
TpTrace Verbose: 0 : 22268, 7, 2022/08/16, 12:08:22.356, 69760936299, vstest.console.dll, TcpClientExtensions.MessageLoopAsync: NotifyDataAvailable remoteEndPoint: 127.0.0.1:58477 localEndPoint: 127.0.0.1:58476
TpTrace Verbose: 0 : 22268, 7, 2022/08/16, 12:08:22.356, 69760938896, vstest.console.dll, TestRequestSender.OnExecutionMessageReceived: Received message: {"Version":5,"MessageType":"TestSession.Message","Payload":{"MessageLevel":0,"Message":"[xUnit.net 00:00:00.01] xUnit.net VSTest Adapter v2.4.3+1b45f5407b (64-bit .NET 6.0.8)"}}
TpTrace Verbose: 0 : 22268, 7, 2022/08/16, 12:08:22.357, 69760944172, vstest.console.dll, TestRunRequest:SendTestRunMessage: Starting.
TpTrace Verbose: 0 : 22268, 7, 2022/08/16, 12:08:22.357, 69760946092, vstest.console.dll, MulticastDelegateUtilities.SafeInvoke: TestRun.LogMessages: Invoking callback 1/1 for Microsoft.VisualStudio.TestPlatform.CommandLine.TestRunResultAggregator.TestRunMessageHandler, took 0 ms.
TpTrace Verbose: 0 : 22268, 4, 2022/08/16, 12:08:22.357, 69760946247, vstest.console.dll, MulticastDelegateUtilities.SafeInvoke: InternalTestLoggerEvents.SendTestRunMessage: Invoking callback 1/1 for Microsoft.VisualStudio.TestPlatform.CommandLine.Internal.ConsoleLogger.TestMessageHandler, took 0 ms.
TpTrace Information: 0 : 22268, 7, 2022/08/16, 12:08:22.357, 69760947192, vstest.console.dll, TestRunRequest:SendTestRunMessage: Completed.
TpTrace Verbose: 0 : 22268, 7, 2022/08/16, 12:08:22.357, 69760949727, vstest.console.dll, MulticastDelegateUtilities.SafeInvoke: LengthPrefixCommunicationChannel: MessageReceived: Invoking callback 1/1 for Microsoft.VisualStudio.TestPlatform.CommunicationUtilities.TestRequestSender+<>c__DisplayClass30_0.<StartTestRun>b__1, took 1 ms.
TpTrace Verbose: 0 : 22268, 7, 2022/08/16, 12:08:22.357, 69760950663, vstest.console.dll, TcpClientExtensions.MessageLoopAsync: Polling on remoteEndPoint: 127.0.0.1:58477 localEndPoint: 127.0.0.1:58476
TpTrace Verbose: 0 : 22268, 7, 2022/08/16, 12:08:23.361, 69770990673, vstest.console.dll, TcpClientExtensions.MessageLoopAsync: Polling on remoteEndPoint: 127.0.0.1:58477 localEndPoint: 127.0.0.1:58476
TpTrace Verbose: 0 : 22268, 7, 2022/08/16, 12:08:24.363, 69781008100, vstest.console.dll, TcpClientExtensions.MessageLoopAsync: Polling on remoteEndPoint: 127.0.0.1:58477 localEndPoint: 127.0.0.1:58476
TpTrace Verbose: 0 : 22268, 7, 2022/08/16, 12:08:24.980, 69787174945, vstest.console.dll, TcpClientExtensions.MessageLoopAsync: NotifyDataAvailable remoteEndPoint: 127.0.0.1:58477 localEndPoint: 127.0.0.1:58476
TpTrace Verbose: 0 : 22268, 7, 2022/08/16, 12:08:24.980, 69787181430, vstest.console.dll, TestRequestSender.OnExecutionMessageReceived: Received message: {"Version":5,"MessageType":"TestSession.Message","Payload":{"MessageLevel":0,"Message":"[xUnit.net 00:00:02.64]   Discovering: Uqs.AppointmentBooking.Domain.Tests.Unit"}}
TpTrace Verbose: 0 : 22268, 7, 2022/08/16, 12:08:24.981, 69787191468, vstest.console.dll, TestRunRequest:SendTestRunMessage: Starting.
TpTrace Verbose: 0 : 22268, 7, 2022/08/16, 12:08:24.982, 69787195919, vstest.console.dll, MulticastDelegateUtilities.SafeInvoke: TestRun.LogMessages: Invoking callback 1/1 for Microsoft.VisualStudio.TestPlatform.CommandLine.TestRunResultAggregator.TestRunMessageHandler, took 0 ms.
TpTrace Verbose: 0 : 22268, 4, 2022/08/16, 12:08:24.982, 69787196594, vstest.console.dll, MulticastDelegateUtilities.SafeInvoke: InternalTestLoggerEvents.SendTestRunMessage: Invoking callback 1/1 for Microsoft.VisualStudio.TestPlatform.CommandLine.Internal.ConsoleLogger.TestMessageHandler, took 0 ms.
TpTrace Information: 0 : 22268, 7, 2022/08/16, 12:08:24.982, 69787199192, vstest.console.dll, TestRunRequest:SendTestRunMessage: Completed.
TpTrace Verbose: 0 : 22268, 7, 2022/08/16, 12:08:24.983, 69787206396, vstest.console.dll, MulticastDelegateUtilities.SafeInvoke: LengthPrefixCommunicationChannel: MessageReceived: Invoking callback 1/1 for Microsoft.VisualStudio.TestPlatform.CommunicationUtilities.TestRequestSender+<>c__DisplayClass30_0.<StartTestRun>b__1, took 2 ms.
TpTrace Verbose: 0 : 22268, 7, 2022/08/16, 12:08:24.983, 69787210697, vstest.console.dll, TcpClientExtensions.MessageLoopAsync: Polling on remoteEndPoint: 127.0.0.1:58477 localEndPoint: 127.0.0.1:58476
TpTrace Verbose: 0 : 22268, 7, 2022/08/16, 12:08:25.483, 69792207994, vstest.console.dll, TcpClientExtensions.MessageLoopAsync: NotifyDataAvailable remoteEndPoint: 127.0.0.1:58477 localEndPoint: 127.0.0.1:58476
TpTrace Verbose: 0 : 22268, 7, 2022/08/16, 12:08:25.483, 69792211239, vstest.console.dll, TestRequestSender.OnExecutionMessageReceived: Received message: {"Version":5,"MessageType":"TestSession.Message","Payload":{"MessageLevel":0,"Message":"[xUnit.net 00:00:03.14]   Discovered:  Uqs.AppointmentBooking.Domain.Tests.Unit"}}
TpTrace Verbose: 0 : 22268, 7, 2022/08/16, 12:08:25.484, 69792214908, vstest.console.dll, TestRunRequest:SendTestRunMessage: Starting.
TpTrace Verbose: 0 : 22268, 7, 2022/08/16, 12:08:25.484, 69792217225, vstest.console.dll, MulticastDelegateUtilities.SafeInvoke: TestRun.LogMessages: Invoking callback 1/1 for Microsoft.VisualStudio.TestPlatform.CommandLine.TestRunResultAggregator.TestRunMessageHandler, took 0 ms.
TpTrace Information: 0 : 22268, 7, 2022/08/16, 12:08:25.484, 69792218738, vstest.console.dll, TestRunRequest:SendTestRunMessage: Completed.
TpTrace Verbose: 0 : 22268, 7, 2022/08/16, 12:08:25.484, 69792220040, vstest.console.dll, MulticastDelegateUtilities.SafeInvoke: LengthPrefixCommunicationChannel: MessageReceived: Invoking callback 1/1 for Microsoft.VisualStudio.TestPlatform.CommunicationUtilities.TestRequestSender+<>c__DisplayClass30_0.<StartTestRun>b__1, took 0 ms.
TpTrace Verbose: 0 : 22268, 7, 2022/08/16, 12:08:25.484, 69792221267, vstest.console.dll, TcpClientExtensions.MessageLoopAsync: Polling on remoteEndPoint: 127.0.0.1:58477 localEndPoint: 127.0.0.1:58476
TpTrace Verbose: 0 : 22268, 4, 2022/08/16, 12:08:25.484, 69792218148, vstest.console.dll, MulticastDelegateUtilities.SafeInvoke: InternalTestLoggerEvents.SendTestRunMessage: Invoking callback 1/1 for Microsoft.VisualStudio.TestPlatform.CommandLine.Internal.ConsoleLogger.TestMessageHandler, took 0 ms.
TpTrace Verbose: 0 : 22268, 7, 2022/08/16, 12:08:25.491, 69792288614, vstest.console.dll, TcpClientExtensions.MessageLoopAsync: NotifyDataAvailable remoteEndPoint: 127.0.0.1:58477 localEndPoint: 127.0.0.1:58476
TpTrace Verbose: 0 : 22268, 7, 2022/08/16, 12:08:25.491, 69792291761, vstest.console.dll, TestRequestSender.OnExecutionMessageReceived: Received message: {"Version":5,"MessageType":"TestSession.Message","Payload":{"MessageLevel":0,"Message":"[xUnit.net 00:00:03.15]   Starting:    Uqs.AppointmentBooking.Domain.Tests.Unit"}}
TpTrace Verbose: 0 : 22268, 7, 2022/08/16, 12:08:25.492, 69792296580, vstest.console.dll, TestRunRequest:SendTestRunMessage: Starting.
TpTrace Verbose: 0 : 22268, 7, 2022/08/16, 12:08:25.492, 69792298787, vstest.console.dll, MulticastDelegateUtilities.SafeInvoke: TestRun.LogMessages: Invoking callback 1/1 for Microsoft.VisualStudio.TestPlatform.CommandLine.TestRunResultAggregator.TestRunMessageHandler, took 0 ms.
TpTrace Information: 0 : 22268, 7, 2022/08/16, 12:08:25.492, 69792300195, vstest.console.dll, TestRunRequest:SendTestRunMessage: Completed.
TpTrace Verbose: 0 : 22268, 7, 2022/08/16, 12:08:25.492, 69792301738, vstest.console.dll, MulticastDelegateUtilities.SafeInvoke: LengthPrefixCommunicationChannel: MessageReceived: Invoking callback 1/1 for Microsoft.VisualStudio.TestPlatform.CommunicationUtilities.TestRequestSender+<>c__DisplayClass30_0.<StartTestRun>b__1, took 1 ms.
TpTrace Verbose: 0 : 22268, 7, 2022/08/16, 12:08:25.492, 69792302999, vstest.console.dll, TcpClientExtensions.MessageLoopAsync: Polling on remoteEndPoint: 127.0.0.1:58477 localEndPoint: 127.0.0.1:58476
TpTrace Verbose: 0 : 22268, 4, 2022/08/16, 12:08:25.493, 69792304907, vstest.console.dll, MulticastDelegateUtilities.SafeInvoke: InternalTestLoggerEvents.SendTestRunMessage: Invoking callback 1/1 for Microsoft.VisualStudio.TestPlatform.CommandLine.Internal.ConsoleLogger.TestMessageHandler, took 0 ms.
TpTrace Verbose: 0 : 22268, 7, 2022/08/16, 12:08:25.707, 69794453116, vstest.console.dll, TcpClientExtensions.MessageLoopAsync: NotifyDataAvailable remoteEndPoint: 127.0.0.1:58477 localEndPoint: 127.0.0.1:58476
TpTrace Verbose: 0 : 22268, 7, 2022/08/16, 12:08:25.708, 69794455571, vstest.console.dll, TestRequestSender.OnExecutionMessageReceived: Received message: {"Version":5,"MessageType":"TestExecution.StatsChange","Payload":{"NewTestResults":[],"TestRunStatistics":{"ExecutedTests":0,"Stats":{}},"ActiveTests":[{"Id":"3a9a2685-dea4-c846-ce27-3faa64ce02b9","FullyQualifiedName":"Uqs.AppointmentBooking.Domain.Tests.Unit.SlotsServiceTests.GetAvailableSlotsForEmployee_OneShiftWithVaryingAppointments_VaryingSlots","DisplayName":"Uqs.AppointmentBooking.Domain.Tests.Unit.SlotsServiceTests.GetAvailableSlotsForEmployee_OneShiftWithVaryingAppointments_VaryingSlots(appointmentStartStr: \"2022-10-03 09:30:00\", appointmentEndStr: \"2022-10-03 11:10:00\", totalSlots: 0, expectedTimes: [])","ExecutorUri":"executor://xunit/VsTestRunner2/netcoreapp","Source":"C:\\Users\\maranf\\Videos\\Pragmatic-Test-Driven-Development-in-C-.NET-main\\ch10\\UqsAppointmentBooking\\Uqs.AppointmentBooking.Domain.Tests.Unit\\bin\\Debug\\net6.0\\fine-code-coverage\\build-output\\Uqs.AppointmentBooking.Domain.Tests.Unit.dll","CodeFilePath":null,"LineNumber":0,"Properties":[]}]}}
TpTrace Verbose: 0 : 22268, 7, 2022/08/16, 12:08:25.739, 69794772109, vstest.console.dll, TestRunRequest:SendTestRunStatsChange: Starting.
TpTrace Verbose: 0 : 22268, 7, 2022/08/16, 12:08:25.740, 69794774981, vstest.console.dll, InProgress is Uqs.AppointmentBooking.Domain.Tests.Unit.SlotsServiceTests.GetAvailableSlotsForEmployee_OneShiftWithVaryingAppointments_VaryingSlots(appointmentStartStr: "2022-10-03 09:30:00", appointmentEndStr: "2022-10-03 11:10:00", totalSlots: 0, expectedTimes: [])
TpTrace Verbose: 0 : 22268, 7, 2022/08/16, 12:08:25.740, 69794777497, vstest.console.dll, MulticastDelegateUtilities.SafeInvoke: TestRun.RunStatsChanged: Invoking callbacks was skipped because there are no subscribers.
TpTrace Information: 0 : 22268, 7, 2022/08/16, 12:08:25.740, 69794778764, vstest.console.dll, TestRunRequest:SendTestRunStatsChange: Completed.
TpTrace Verbose: 0 : 22268, 7, 2022/08/16, 12:08:25.740, 69794779891, vstest.console.dll, MulticastDelegateUtilities.SafeInvoke: LengthPrefixCommunicationChannel: MessageReceived: Invoking callback 1/1 for Microsoft.VisualStudio.TestPlatform.CommunicationUtilities.TestRequestSender+<>c__DisplayClass30_0.<StartTestRun>b__1, took 32 ms.
TpTrace Verbose: 0 : 22268, 7, 2022/08/16, 12:08:25.740, 69794780836, vstest.console.dll, TcpClientExtensions.MessageLoopAsync: Polling on remoteEndPoint: 127.0.0.1:58477 localEndPoint: 127.0.0.1:58476
TpTrace Verbose: 0 : 22268, 7, 2022/08/16, 12:08:26.099, 69798372148, vstest.console.dll, TcpClientExtensions.MessageLoopAsync: NotifyDataAvailable remoteEndPoint: 127.0.0.1:58477 localEndPoint: 127.0.0.1:58476
TpTrace Verbose: 0 : 22268, 7, 2022/08/16, 12:08:26.100, 69798375683, vstest.console.dll, TestRequestSender.OnExecutionMessageReceived: Received message: {"Version":5,"MessageType":"TestExecution.StatsChange","Payload":{"NewTestResults":[{"TestCase":{"Id":"f0a68f1a-2c34-e382-c53c-acba693fe9f4","FullyQualifiedName":"Uqs.AppointmentBooking.Domain.Tests.Unit.ServicesServiceTests.GetActiveServices_NoServiceInTheSystem_NoServices","DisplayName":"Uqs.AppointmentBooking.Domain.Tests.Unit.ServicesServiceTests.GetActiveServices_NoServiceInTheSystem_NoServices","ExecutorUri":"executor://xunit/VsTestRunner2/netcoreapp","Source":"C:\\Users\\maranf\\Videos\\Pragmatic-Test-Driven-Development-in-C-.NET-main\\ch10\\UqsAppointmentBooking\\Uqs.AppointmentBooking.Domain.Tests.Unit\\bin\\Debug\\net6.0\\fine-code-coverage\\build-output\\Uqs.AppointmentBooking.Domain.Tests.Unit.dll","CodeFilePath":null,"LineNumber":0,"Properties":[]},"Attachments":[],"Outcome":1,"ErrorMessage":null,"ErrorStackTrace":null,"DisplayName":"Uqs.AppointmentBooking.Domain.Tests.Unit.ServicesServiceTests.GetActiveServices_NoServiceInTheSystem_NoServices","Messages":[],"ComputerName":"PPMUMLAP0134","Duration":"00:00:00.2851451","StartTime":"2022-08-16T06:38:25.9914477+00:00","EndTime":"2022-08-16T06:38:25.9915+00:00","Properties":[]},{"TestCase":{"Id":"3d8f3636-041a-05a7-f733-0f4b79e11c0f","FullyQualifiedName":"Uqs.AppointmentBooking.Domain.Tests.Unit.ServicesServiceTests.GetActiveServices_TwoActiveServices_TwoServices","DisplayName":"Uqs.AppointmentBooking.Domain.Tests.Unit.ServicesServiceTests.GetActiveServices_TwoActiveServices_TwoServices","ExecutorUri":"executor://xunit/VsTestRunner2/netcoreapp","Source":"C:\\Users\\maranf\\Videos\\Pragmatic-Test-Driven-Development-in-C-.NET-main\\ch10\\UqsAppointmentBooking\\Uqs.AppointmentBooking.Domain.Tests.Unit\\bin\\Debug\\net6.0\\fine-code-coverage\\build-output\\Uqs.AppointmentBooking.Domain.Tests.Unit.dll","CodeFilePath":null,"LineNumber":0,"Properties":[]},"Attachments":[],"Outcome":1,"ErrorMessage":null,"ErrorStackTrace":null,"DisplayName":"Uqs.AppointmentBooking.Domain.Tests.Unit.ServicesServiceTests.GetActiveServices_TwoActiveServices_TwoServices","Messages":[],"ComputerName":"PPMUMLAP0134","Duration":"00:00:00.0087309","StartTime":"2022-08-16T06:38:26.0524842+00:00","EndTime":"2022-08-16T06:38:26.0524845+00:00","Properties":[]},{"TestCase":{"Id":"3a9a2685-dea4-c846-ce27-3faa64ce02b9","FullyQualifiedName":"Uqs.AppointmentBooking.Domain.Tests.Unit.SlotsServiceTests.GetAvailableSlotsForEmployee_OneShiftWithVaryingAppointments_VaryingSlots","DisplayName":"Uqs.AppointmentBooking.Domain.Tests.Unit.SlotsServiceTests.GetAvailableSlotsForEmployee_OneShiftWithVaryingAppointments_VaryingSlots(appointmentStartStr: \"2022-10-03 09:30:00\", appointmentEndStr: \"2022-10-03 11:10:00\", totalSlots: 0, expectedTimes: [])","ExecutorUri":"executor://xunit/VsTestRunner2/netcoreapp","Source":"C:\\Users\\maranf\\Videos\\Pragmatic-Test-Driven-Development-in-C-.NET-main\\ch10\\UqsAppointmentBooking\\Uqs.AppointmentBooking.Domain.Tests.Unit\\bin\\Debug\\net6.0\\fine-code-coverage\\build-output\\Uqs.AppointmentBooking.Domain.Tests.Unit.dll","CodeFilePath":null,"LineNumber":0,"Properties":[]},"Attachments":[],"Outcome":1,"ErrorMessage":null,"ErrorStackTrace":null,"DisplayName":"Uqs.AppointmentBooking.Domain.Tests.Unit.SlotsServiceTests.GetAvailableSlotsForEmployee_OneShiftWithVaryingAppointments_VaryingSlots(appointmentStartStr: \"2022-10-03 09:30:00\", appointmentEndStr: \"2022-10-03 11:10:00\", totalSlots: 0, expectedTimes: [])","Messages":[],"ComputerName":"PPMUMLAP0134","Duration":"00:00:00.3498405","StartTime":"2022-08-16T06:38:26.0548431+00:00","EndTime":"2022-08-16T06:38:26.0548433+00:00","Properties":[]},{"TestCase":{"Id":"5d66f0ee-5b08-21f1-3359-7b46b244398d","FullyQualifiedName":"Uqs.AppointmentBooking.Domain.Tests.Unit.SlotsServiceTests.GetAvailableSlotsForEmployee_OneShiftWithVaryingAppointments_VaryingSlots","DisplayName":"Uqs.AppointmentBooking.Domain.Tests.Unit.SlotsServiceTests.GetAvailableSlotsForEmployee_OneShiftWithVaryingAppointments_VaryingSlots(appointmentStartStr: \"2022-10-03 09:00:00\", appointmentEndStr: \"2022-10-03 11:10:00\", totalSlots: 0, expectedTimes: [])","ExecutorUri":"executor://xunit/VsTestRunner2/netcoreapp","Source":"C:\\Users\\maranf\\Videos\\Pragmatic-Test-Driven-Development-in-C-.NET-main\\ch10\\UqsAppointmentBooking\\Uqs.AppointmentBooking.Domain.Tests.Unit\\bin\\Debug\\net6.0\\fine-code-coverage\\build-output\\Uqs.AppointmentBooking.Domain.Tests.Unit.dll","CodeFilePath":null,"LineNumber":0,"Properties":[]},"Attachments":[],"Outcome":1,"ErrorMessage":null,"ErrorStackTrace":null,"DisplayName":"Uqs.AppointmentBooking.Domain.Tests.Unit.SlotsServiceTests.GetAvailableSlotsForEmployee_OneShiftWithVaryingAppointments_VaryingSlots(appointmentStartStr: \"2022-10-03 09:00:00\", appointmentEndStr: \"2022-10-03 11:10:00\", totalSlots: 0, expectedTimes: [])","Messages":[],"ComputerName":"PPMUMLAP0134","Duration":"00:00:00.0008437","StartTime":"2022-08-16T06:38:26.0594734+00:00","EndTime":"2022-08-16T06:38:26.0594741+00:00","Properties":[]},{"TestCase":{"Id":"16f59089-6aeb-b605-15d8-6d69758ce68c","FullyQualifiedName":"Uqs.AppointmentBooking.Domain.Tests.Unit.SlotsServiceTests.GetAvailableSlotsForEmployee_OneShiftWithVaryingAppointments_VaryingSlots","DisplayName":"Uqs.AppointmentBooking.Domain.Tests.Unit.SlotsServiceTests.GetAvailableSlotsForEmployee_OneShiftWithVaryingAppointments_VaryingSlots(appointmentStartStr: \"2022-10-03 09:40:00\", appointmentEndStr: \"2022-10-03 11:10:00\", totalSlots: 2, expectedTimes: [\"2022-10-03 09:00:00\", \"2022-10-03 09:05:00\"])","ExecutorUri":"executor://xunit/VsTestRunner2/netcoreapp","Source":"C:\\Users\\maranf\\Videos\\Pragmatic-Test-Driven-Development-in-C-.NET-main\\ch10\\UqsAppointmentBooking\\Uqs.AppointmentBooking.Domain.Tests.Unit\\bin\\Debug\\net6.0\\fine-code-coverage\\build-output\\Uqs.AppointmentBooking.Domain.Tests.Unit.dll","CodeFilePath":null,"LineNumber":0,"Properties":[]},"Attachments":[],"Outcome":1,"ErrorMessage":null,"ErrorStackTrace":null,"DisplayName":"Uqs.AppointmentBooking.Domain.Tests.Unit.SlotsServiceTests.GetAvailableSlotsForEmployee_OneShiftWithVaryingAppointments_VaryingSlots(appointmentStartStr: \"2022-10-03 09:40:00\", appointmentEndStr: \"2022-10-03 11:10:00\", totalSlots: 2, expectedTimes: [\"2022-10-03 09:00:00\", \"2022-10-03 09:05:00\"])","Messages":[],"ComputerName":"PPMUMLAP0134","Duration":"00:00:00.0291680","StartTime":"2022-08-16T06:38:26.0631773+00:00","EndTime":"2022-08-16T06:38:26.0631778+00:00","Properties":[]},{"TestCase":{"Id":"898846e8-6101-86fc-cf52-835354109794","FullyQualifiedName":"Uqs.AppointmentBooking.Domain.Tests.Unit.SlotsServiceTests.GetAvailableSlotsForEmployee_OneShiftWithVaryingAppointments_VaryingSlots","DisplayName":"Uqs.AppointmentBooking.Domain.Tests.Unit.SlotsServiceTests.GetAvailableSlotsForEmployee_OneShiftWithVaryingAppointments_VaryingSlots(appointmentStartStr: \"2022-10-03 09:00:00\", appointmentEndStr: \"2022-10-03 10:30:00\", totalSlots: 2, expectedTimes: [\"2022-10-03 10:35:00\", \"2022-10-03 10:40:00\"])","ExecutorUri":"executor://xunit/VsTestRunner2/netcoreapp","Source":"C:\\Users\\maranf\\Videos\\Pragmatic-Test-Driven-Development-in-C-.NET-main\\ch10\\UqsAppointmentBooking\\Uqs.AppointmentBooking.Domain.Tests.Unit\\bin\\Debug\\net6.0\\fine-code-coverage\\build-output\\Uqs.AppointmentBooking.Domain.Tests.Unit.dll","CodeFilePath":null,"LineNumber":0,"Properties":[]},"Attachments":[],"Outcome":1,"ErrorMessage":null,"ErrorStackTrace":null,"DisplayName":"Uqs.AppointmentBooking.Domain.Tests.Unit.SlotsServiceTests.GetAvailableSlotsForEmployee_OneShiftWithVaryingAppointments_VaryingSlots(appointmentStartStr: \"2022-10-03 09:00:00\", appointmentEndStr: \"2022-10-03 10:30:00\", totalSlots: 2, expectedTimes: [\"2022-10-03 10:35:00\", \"2022-10-03 10:40:00\"])","Messages":[],"ComputerName":"PPMUMLAP0134","Duration":"00:00:00.0019003","StartTime":"2022-08-16T06:38:26.0665035+00:00","EndTime":"2022-08-16T06:38:26.066504+00:00","Properties":[]},{"TestCase":{"Id":"37ccd230-87a0-f9eb-f0df-fa8adccf66ab","FullyQualifiedName":"Uqs.AppointmentBooking.Domain.Tests.Unit.SlotsServiceTests.GetAvailableSlotsForEmployee_OneShiftWithVaryingAppointments_VaryingSlots","DisplayName":"Uqs.AppointmentBooking.Domain.Tests.Unit.SlotsServiceTests.GetAvailableSlotsForEmployee_OneShiftWithVaryingAppointments_VaryingSlots(appointmentStartStr: \"2022-10-03 09:35:00\", appointmentEndStr: \"2022-10-03 10:30:00\", totalSlots: 3, expectedTimes: [\"2022-10-03 09:00:00\", \"2022-10-03 10:35:00\", \"2022-10-03 10:40:00\"])","ExecutorUri":"executor://xunit/VsTestRunner2/netcoreapp","Source":"C:\\Users\\maranf\\Videos\\Pragmatic-Test-Driven-Development-in-C-.NET-main\\ch10\\UqsAppointmentBooking\\Uqs.AppointmentBooking.Domain.Tests.Unit\\bin\\Debug\\net6.0\\fine-code-coverage\\build-output\\Uqs.AppointmentBooking.Domain.Tests.Unit.dll","CodeFilePath":null,"LineNumber":0,"Properties":[]},"Attachments":[],"Outcome":1,"ErrorMessage":null,"ErrorStackTrace":null,"DisplayName":"Uqs.AppointmentBooking.Domain.Tests.Unit.SlotsServiceTests.GetAvailableSlotsForEmployee_OneShiftWithVaryingAppointments_VaryingSlots(appointmentStartStr: \"2022-10-03 09:35:00\", appointmentEndStr: \"2022-10-03 10:30:00\", totalSlots: 3, expectedTimes: [\"2022-10-03 09:00:00\", \"2022-10-03 10:35:00\", \"2022-10-03 10:40:00\"])","Messages":[],"ComputerName":"PPMUMLAP0134","Duration":"00:00:00.0006088","StartTime":"2022-08-16T06:38:26.0702806+00:00","EndTime":"2022-08-16T06:38:26.0702809+00:00","Properties":[]},{"TestCase":{"Id":"7c990b6f-2b98-8485-3fc4-ff27261ec567","FullyQualifiedName":"Uqs.AppointmentBooking.Domain.Tests.Unit.SlotsServiceTests.GetAvailableSlotsForEmployee_OneShiftWithVaryingAppointments_VaryingSlots","DisplayName":"Uqs.AppointmentBooking.Domain.Tests.Unit.SlotsServiceTests.GetAvailableSlotsForEmployee_OneShiftWithVaryingAppointments_VaryingSlots(appointmentStartStr: \"2022-10-03 09:00:00\", appointmentEndStr: \"2022-10-03 10:45:00\", totalSlots: 0, expectedTimes: [])","ExecutorUri":"executor://xunit/VsTestRunner2/netcoreapp","Source":"C:\\Users\\maranf\\Videos\\Pragmatic-Test-Driven-Development-in-C-.NET-main\\ch10\\UqsAppointmentBooking\\Uqs.AppointmentBooking.Domain.Tests.Unit\\bin\\Debug\\net6.0\\fine-code-coverage\\build-output\\Uqs.AppointmentBooking.Domain.Tests.Unit.dll","CodeFilePath":null,"LineNumber":0,"Properties":[]},"Attachments":[],"Outcome":1,"ErrorMessage":null,"ErrorStackTrace":null,"DisplayName":"Uqs.AppointmentBooking.Domain.Tests.Unit.SlotsServiceTests.GetAvailableSlotsForEmployee_OneShiftWithVaryingAppointments_VaryingSlots(appointmentStartStr: \"2022-10-03 09:00:00\", appointmentEndStr: \"2022-10-03 10:45:00\", totalSlots: 0, expectedTimes: [])","Messages":[],"ComputerName":"PPMUMLAP0134","Duration":"00:00:00.0004480","StartTime":"2022-08-16T06:38:26.0744048+00:00","EndTime":"2022-08-16T06:38:26.0744057+00:00","Properties":[]},{"TestCase":{"Id":"2f03aa05-3f3f-5111-c2cf-6b3811f81292","FullyQualifiedName":"Uqs.AppointmentBooking.Domain.Tests.Unit.SlotsServiceTests.GetAvailableSlotsForEmployee_OneShiftWithVaryingAppointments_VaryingSlots","DisplayName":"Uqs.AppointmentBooking.Domain.Tests.Unit.SlotsServiceTests.GetAvailableSlotsForEmployee_OneShiftWithVaryingAppointments_VaryingSlots(appointmentStartStr: \"2022-10-03 09:35:00\", appointmentEndStr: \"2022-10-03 11:10:00\", totalSlots: 1, expectedTimes: [\"2022-10-03 09:00:00\"])","ExecutorUri":"executor://xunit/VsTestRunner2/netcoreapp","Source":"C:\\Users\\maranf\\Videos\\Pragmatic-Test-Driven-Development-in-C-.NET-main\\ch10\\UqsAppointmentBooking\\Uqs.AppointmentBooking.Domain.Tests.Unit\\bin\\Debug\\net6.0\\fine-code-coverage\\build-output\\Uqs.AppointmentBooking.Domain.Tests.Unit.dll","CodeFilePath":null,"LineNumber":0,"Properties":[]},"Attachments":[],"Outcome":1,"ErrorMessage":null,"ErrorStackTrace":null,"DisplayName":"Uqs.AppointmentBooking.Domain.Tests.Unit.SlotsServiceTests.GetAvailableSlotsForEmployee_OneShiftWithVaryingAppointments_VaryingSlots(appointmentStartStr: \"2022-10-03 09:35:00\", appointmentEndStr: \"2022-10-03 11:10:00\", totalSlots: 1, expectedTimes: [\"2022-10-03 09:00:00\"])","Messages":[],"ComputerName":"PPMUMLAP0134","Duration":"00:00:00.0003005","StartTime":"2022-08-16T06:38:26.0781298+00:00","EndTime":"2022-08-16T06:38:26.0781302+00:00","Properties":[]}],"TestRunStatistics":{"ExecutedTests":9,"Stats":{"Passed":9}},"ActiveTests":[{"Id":"9c448736-9c10-ff23-bc7e-748e4f3ef68f","FullyQualifiedName":"Uqs.AppointmentBooking.Domain.Tests.Unit.SlotsServiceTests.GetAvailableSlotsForEmployee_OneShiftAndNoExistingAppointments_VaryingSlots","DisplayName":"Uqs.AppointmentBooking.Domain.Tests.Unit.SlotsServiceTests.GetAvailableSlotsForEmployee_OneShiftAndNoExistingAppointments_VaryingSlots(serviceDuration: 35, totalSlots: 2, expectedTimes: [\"2022-10-03 09:00:00\", \"2022-10-03 09:05:00\"])","ExecutorUri":"executor://xunit/VsTestRunner2/netcoreapp","Source":"C:\\Users\\maranf\\Videos\\Pragmatic-Test-Driven-Development-in-C-.NET-main\\ch10\\UqsAppointmentBooking\\Uqs.AppointmentBooking.Domain.Tests.Unit\\bin\\Debug\\net6.0\\fine-code-coverage\\build-output\\Uqs.AppointmentBooking.Domain.Tests.Unit.dll","CodeFilePath":null,"LineNumber":0,"Properties":[]}]}}
TpTrace Verbose: 0 : 22268, 7, 2022/08/16, 12:08:26.120, 69798576244, vstest.console.dll, TestRunRequest:SendTestRunStatsChange: Starting.
TpTrace Verbose: 0 : 22268, 7, 2022/08/16, 12:08:26.120, 69798577812, vstest.console.dll, InProgress is Uqs.AppointmentBooking.Domain.Tests.Unit.SlotsServiceTests.GetAvailableSlotsForEmployee_OneShiftAndNoExistingAppointments_VaryingSlots(serviceDuration: 35, totalSlots: 2, expectedTimes: ["2022-10-03 09:00:00", "2022-10-03 09:05:00"])
TpTrace Verbose: 0 : 22268, 7, 2022/08/16, 12:08:26.120, 69798581010, vstest.console.dll, MulticastDelegateUtilities.SafeInvoke: TestRun.RunStatsChanged: Invoking callbacks was skipped because there are no subscribers.
TpTrace Information: 0 : 22268, 7, 2022/08/16, 12:08:26.120, 69798581784, vstest.console.dll, TestRunRequest:SendTestRunStatsChange: Completed.
TpTrace Verbose: 0 : 22268, 7, 2022/08/16, 12:08:26.120, 69798582399, vstest.console.dll, MulticastDelegateUtilities.SafeInvoke: LengthPrefixCommunicationChannel: MessageReceived: Invoking callback 1/1 for Microsoft.VisualStudio.TestPlatform.CommunicationUtilities.TestRequestSender+<>c__DisplayClass30_0.<StartTestRun>b__1, took 20 ms.
TpTrace Verbose: 0 : 22268, 7, 2022/08/16, 12:08:26.120, 69798582950, vstest.console.dll, TcpClientExtensions.MessageLoopAsync: Polling on remoteEndPoint: 127.0.0.1:58477 localEndPoint: 127.0.0.1:58476
TpTrace Verbose: 0 : 22268, 7, 2022/08/16, 12:08:26.127, 69798653622, vstest.console.dll, TcpClientExtensions.MessageLoopAsync: NotifyDataAvailable remoteEndPoint: 127.0.0.1:58477 localEndPoint: 127.0.0.1:58476
TpTrace Verbose: 0 : 22268, 7, 2022/08/16, 12:08:26.128, 69798655866, vstest.console.dll, TestRequestSender.OnExecutionMessageReceived: Received message: {"Version":5,"MessageType":"TestSession.Message","Payload":{"MessageLevel":0,"Message":"[xUnit.net 00:00:03.79]   Finished:    Uqs.AppointmentBooking.Domain.Tests.Unit"}}
TpTrace Verbose: 0 : 22268, 7, 2022/08/16, 12:08:26.128, 69798658504, vstest.console.dll, TestRunRequest:SendTestRunMessage: Starting.
TpTrace Verbose: 0 : 22268, 7, 2022/08/16, 12:08:26.128, 69798660222, vstest.console.dll, MulticastDelegateUtilities.SafeInvoke: TestRun.LogMessages: Invoking callback 1/1 for Microsoft.VisualStudio.TestPlatform.CommandLine.TestRunResultAggregator.TestRunMessageHandler, took 0 ms.
TpTrace Information: 0 : 22268, 7, 2022/08/16, 12:08:26.128, 69798661206, vstest.console.dll, TestRunRequest:SendTestRunMessage: Completed.
TpTrace Verbose: 0 : 22268, 7, 2022/08/16, 12:08:26.128, 69798662113, vstest.console.dll, MulticastDelegateUtilities.SafeInvoke: LengthPrefixCommunicationChannel: MessageReceived: Invoking callback 1/1 for Microsoft.VisualStudio.TestPlatform.CommunicationUtilities.TestRequestSender+<>c__DisplayClass30_0.<StartTestRun>b__1, took 0 ms.
TpTrace Verbose: 0 : 22268, 7, 2022/08/16, 12:08:26.128, 69798662981, vstest.console.dll, TcpClientExtensions.MessageLoopAsync: Polling on remoteEndPoint: 127.0.0.1:58477 localEndPoint: 127.0.0.1:58476
TpTrace Verbose: 0 : 22268, 4, 2022/08/16, 12:08:26.131, 69798690179, vstest.console.dll, MulticastDelegateUtilities.SafeInvoke: InternalTestLoggerEvents.SendTestResult: Invoking callback 1/1 for Microsoft.VisualStudio.TestPlatform.CommandLine.Internal.ConsoleLogger.TestResultHandler, took 10 ms.
TpTrace Verbose: 0 : 22268, 4, 2022/08/16, 12:08:26.131, 69798692405, vstest.console.dll, MulticastDelegateUtilities.SafeInvoke: InternalTestLoggerEvents.SendTestResult: Invoking callback 1/1 for Microsoft.VisualStudio.TestPlatform.CommandLine.Internal.ConsoleLogger.TestResultHandler, took 0 ms.
TpTrace Verbose: 0 : 22268, 4, 2022/08/16, 12:08:26.131, 69798693427, vstest.console.dll, MulticastDelegateUtilities.SafeInvoke: InternalTestLoggerEvents.SendTestResult: Invoking callback 1/1 for Microsoft.VisualStudio.TestPlatform.CommandLine.Internal.ConsoleLogger.TestResultHandler, took 0 ms.
TpTrace Verbose: 0 : 22268, 4, 2022/08/16, 12:08:26.132, 69798694282, vstest.console.dll, MulticastDelegateUtilities.SafeInvoke: InternalTestLoggerEvents.SendTestResult: Invoking callback 1/1 for Microsoft.VisualStudio.TestPlatform.CommandLine.Internal.ConsoleLogger.TestResultHandler, took 0 ms.
TpTrace Verbose: 0 : 22268, 4, 2022/08/16, 12:08:26.132, 69798695176, vstest.console.dll, MulticastDelegateUtilities.SafeInvoke: InternalTestLoggerEvents.SendTestResult: Invoking callback 1/1 for Microsoft.VisualStudio.TestPlatform.CommandLine.Internal.ConsoleLogger.TestResultHandler, took 0 ms.
TpTrace Verbose: 0 : 22268, 4, 2022/08/16, 12:08:26.132, 69798696116, vstest.console.dll, MulticastDelegateUtilities.SafeInvoke: InternalTestLoggerEvents.SendTestResult: Invoking callback 1/1 for Microsoft.VisualStudio.TestPlatform.CommandLine.Internal.ConsoleLogger.TestResultHandler, took 0 ms.
TpTrace Verbose: 0 : 22268, 4, 2022/08/16, 12:08:26.132, 69798696931, vstest.console.dll, MulticastDelegateUtilities.SafeInvoke: InternalTestLoggerEvents.SendTestResult: Invoking callback 1/1 for Microsoft.VisualStudio.TestPlatform.CommandLine.Internal.ConsoleLogger.TestResultHandler, took 0 ms.
TpTrace Verbose: 0 : 22268, 4, 2022/08/16, 12:08:26.132, 69798697769, vstest.console.dll, MulticastDelegateUtilities.SafeInvoke: InternalTestLoggerEvents.SendTestResult: Invoking callback 1/1 for Microsoft.VisualStudio.TestPlatform.CommandLine.Internal.ConsoleLogger.TestResultHandler, took 0 ms.
TpTrace Verbose: 0 : 22268, 4, 2022/08/16, 12:08:26.132, 69798698588, vstest.console.dll, MulticastDelegateUtilities.SafeInvoke: InternalTestLoggerEvents.SendTestResult: Invoking callback 1/1 for Microsoft.VisualStudio.TestPlatform.CommandLine.Internal.ConsoleLogger.TestResultHandler, took 0 ms.
TpTrace Verbose: 0 : 22268, 4, 2022/08/16, 12:08:26.132, 69798699329, vstest.console.dll, MulticastDelegateUtilities.SafeInvoke: InternalTestLoggerEvents.SendTestRunMessage: Invoking callback 1/1 for Microsoft.VisualStudio.TestPlatform.CommandLine.Internal.ConsoleLogger.TestMessageHandler, took 0 ms.
TpTrace Verbose: 0 : 22268, 7, 2022/08/16, 12:08:26.155, 69798929994, vstest.console.dll, TcpClientExtensions.MessageLoopAsync: NotifyDataAvailable remoteEndPoint: 127.0.0.1:58477 localEndPoint: 127.0.0.1:58476
TpTrace Verbose: 0 : 22268, 7, 2022/08/16, 12:08:26.155, 69798933048, vstest.console.dll, TestRequestSender.OnExecutionMessageReceived: Received message: {"Version":5,"MessageType":"TestExecution.Completed","Payload":{"TestRunCompleteArgs":{"TestRunStatistics":{"ExecutedTests":16,"Stats":{"Passed":16}},"IsCanceled":false,"IsAborted":false,"Error":null,"AttachmentSets":[],"ElapsedTimeInRunningTests":"00:00:03.8117739","Metrics":{}},"LastRunTests":{"NewTestResults":[{"TestCase":{"Id":"9c448736-9c10-ff23-bc7e-748e4f3ef68f","FullyQualifiedName":"Uqs.AppointmentBooking.Domain.Tests.Unit.SlotsServiceTests.GetAvailableSlotsForEmployee_OneShiftAndNoExistingAppointments_VaryingSlots","DisplayName":"Uqs.AppointmentBooking.Domain.Tests.Unit.SlotsServiceTests.GetAvailableSlotsForEmployee_OneShiftAndNoExistingAppointments_VaryingSlots(serviceDuration: 35, totalSlots: 2, expectedTimes: [\"2022-10-03 09:00:00\", \"2022-10-03 09:05:00\"])","ExecutorUri":"executor://xunit/VsTestRunner2/netcoreapp","Source":"C:\\Users\\maranf\\Videos\\Pragmatic-Test-Driven-Development-in-C-.NET-main\\ch10\\UqsAppointmentBooking\\Uqs.AppointmentBooking.Domain.Tests.Unit\\bin\\Debug\\net6.0\\fine-code-coverage\\build-output\\Uqs.AppointmentBooking.Domain.Tests.Unit.dll","CodeFilePath":null,"LineNumber":0,"Properties":[]},"Attachments":[],"Outcome":1,"ErrorMessage":null,"ErrorStackTrace":null,"DisplayName":"Uqs.AppointmentBooking.Domain.Tests.Unit.SlotsServiceTests.GetAvailableSlotsForEmployee_OneShiftAndNoExistingAppointments_VaryingSlots(serviceDuration: 35, totalSlots: 2, expectedTimes: [\"2022-10-03 09:00:00\", \"2022-10-03 09:05:00\"])","Messages":[],"ComputerName":"PPMUMLAP0134","Duration":"00:00:00.0032514","StartTime":"2022-08-16T06:38:26.101367+00:00","EndTime":"2022-08-16T06:38:26.1013674+00:00","Properties":[]},{"TestCase":{"Id":"30f460c4-f374-9639-457b-2f8afa156603","FullyQualifiedName":"Uqs.AppointmentBooking.Domain.Tests.Unit.SlotsServiceTests.GetAvailableSlotsForEmployee_OneShiftAndNoExistingAppointments_VaryingSlots","DisplayName":"Uqs.AppointmentBooking.Domain.Tests.Unit.SlotsServiceTests.GetAvailableSlotsForEmployee_OneShiftAndNoExistingAppointments_VaryingSlots(serviceDuration: 25, totalSlots: 0, expectedTimes: [])","ExecutorUri":"executor://xunit/VsTestRunner2/netcoreapp","Source":"C:\\Users\\maranf\\Videos\\Pragmatic-Test-Driven-Development-in-C-.NET-main\\ch10\\UqsAppointmentBooking\\Uqs.AppointmentBooking.Domain.Tests.Unit\\bin\\Debug\\net6.0\\fine-code-coverage\\build-output\\Uqs.AppointmentBooking.Domain.Tests.Unit.dll","CodeFilePath":null,"LineNumber":0,"Properties":[]},"Attachments":[],"Outcome":1,"ErrorMessage":null,"ErrorStackTrace":null,"DisplayName":"Uqs.AppointmentBooking.Domain.Tests.Unit.SlotsServiceTests.GetAvailableSlotsForEmployee_OneShiftAndNoExistingAppointments_VaryingSlots(serviceDuration: 25, totalSlots: 0, expectedTimes: [])","Messages":[],"ComputerName":"PPMUMLAP0134","Duration":"00:00:00.0004777","StartTime":"2022-08-16T06:38:26.1046264+00:00","EndTime":"2022-08-16T06:38:26.1046267+00:00","Properties":[]},{"TestCase":{"Id":"aa8a2d37-a500-3725-254e-093964fa22fb","FullyQualifiedName":"Uqs.AppointmentBooking.Domain.Tests.Unit.SlotsServiceTests.GetAvailableSlotsForEmployee_OneShiftAndNoExistingAppointments_VaryingSlots","DisplayName":"Uqs.AppointmentBooking.Domain.Tests.Unit.SlotsServiceTests.GetAvailableSlotsForEmployee_OneShiftAndNoExistingAppointments_VaryingSlots(serviceDuration: 5, totalSlots: 0, expectedTimes: [])","ExecutorUri":"executor://xunit/VsTestRunner2/netcoreapp","Source":"C:\\Users\\maranf\\Videos\\Pragmatic-Test-Driven-Development-in-C-.NET-main\\ch10\\UqsAppointmentBooking\\Uqs.AppointmentBooking.Domain.Tests.Unit\\bin\\Debug\\net6.0\\fine-code-coverage\\build-output\\Uqs.AppointmentBooking.Domain.Tests.Unit.dll","CodeFilePath":null,"LineNumber":0,"Properties":[]},"Attachments":[],"Outcome":1,"ErrorMessage":null,"ErrorStackTrace":null,"DisplayName":"Uqs.AppointmentBooking.Domain.Tests.Unit.SlotsServiceTests.GetAvailableSlotsForEmployee_OneShiftAndNoExistingAppointments_VaryingSlots(serviceDuration: 5, totalSlots: 0, expectedTimes: [])","Messages":[],"ComputerName":"PPMUMLAP0134","Duration":"00:00:00.0004534","StartTime":"2022-08-16T06:38:26.1078793+00:00","EndTime":"2022-08-16T06:38:26.1078797+00:00","Properties":[]},{"TestCase":{"Id":"270d7f9e-e51f-fb5d-2e2f-cef35332fefd","FullyQualifiedName":"Uqs.AppointmentBooking.Domain.Tests.Unit.SlotsServiceTests.GetAvailableSlotsForEmployee_OneShiftAndNoExistingAppointments_VaryingSlots","DisplayName":"Uqs.AppointmentBooking.Domain.Tests.Unit.SlotsServiceTests.GetAvailableSlotsForEmployee_OneShiftAndNoExistingAppointments_VaryingSlots(serviceDuration: 30, totalSlots: 1, expectedTimes: [\"2022-10-03 09:00:00\"])","ExecutorUri":"executor://xunit/VsTestRunner2/netcoreapp","Source":"C:\\Users\\maranf\\Videos\\Pragmatic-Test-Driven-Development-in-C-.NET-main\\ch10\\UqsAppointmentBooking\\Uqs.AppointmentBooking.Domain.Tests.Unit\\bin\\Debug\\net6.0\\fine-code-coverage\\build-output\\Uqs.AppointmentBooking.Domain.Tests.Unit.dll","CodeFilePath":null,"LineNumber":0,"Properties":[]},"Attachments":[],"Outcome":1,"ErrorMessage":null,"ErrorStackTrace":null,"DisplayName":"Uqs.AppointmentBooking.Domain.Tests.Unit.SlotsServiceTests.GetAvailableSlotsForEmployee_OneShiftAndNoExistingAppointments_VaryingSlots(serviceDuration: 30, totalSlots: 1, expectedTimes: [\"2022-10-03 09:00:00\"])","Messages":[],"ComputerName":"PPMUMLAP0134","Duration":"00:00:00.0005932","StartTime":"2022-08-16T06:38:26.1111291+00:00","EndTime":"2022-08-16T06:38:26.1111296+00:00","Properties":[]},{"TestCase":{"Id":"3b0ddcd0-2956-3525-5dc1-e12292360d4a","FullyQualifiedName":"Uqs.AppointmentBooking.Domain.Tests.Unit.SlotsServiceTests.GetAvailableSlotsForEmployee_EmployeeIdNoFound_ArgumentException","DisplayName":"Uqs.AppointmentBooking.Domain.Tests.Unit.SlotsServiceTests.GetAvailableSlotsForEmployee_EmployeeIdNoFound_ArgumentException","ExecutorUri":"executor://xunit/VsTestRunner2/netcoreapp","Source":"C:\\Users\\maranf\\Videos\\Pragmatic-Test-Driven-Development-in-C-.NET-main\\ch10\\UqsAppointmentBooking\\Uqs.AppointmentBooking.Domain.Tests.Unit\\bin\\Debug\\net6.0\\fine-code-coverage\\build-output\\Uqs.AppointmentBooking.Domain.Tests.Unit.dll","CodeFilePath":null,"LineNumber":0,"Properties":[]},"Attachments":[],"Outcome":1,"ErrorMessage":null,"ErrorStackTrace":null,"DisplayName":"Uqs.AppointmentBooking.Domain.Tests.Unit.SlotsServiceTests.GetAvailableSlotsForEmployee_EmployeeIdNoFound_ArgumentException","Messages":[],"ComputerName":"PPMUMLAP0134","Duration":"00:00:00.0053227","StartTime":"2022-08-16T06:38:26.1143288+00:00","EndTime":"2022-08-16T06:38:26.1143293+00:00","Properties":[]},{"TestCase":{"Id":"8da6f1c5-c998-8b61-8d82-cc3c27b7ee12","FullyQualifiedName":"Uqs.AppointmentBooking.Domain.Tests.Unit.SlotsServiceTests.GetAvailableSlotsForEmployee_ServiceIdNoFound_ArgumentException","DisplayName":"Uqs.AppointmentBooking.Domain.Tests.Unit.SlotsServiceTests.GetAvailableSlotsForEmployee_ServiceIdNoFound_ArgumentException","ExecutorUri":"executor://xunit/VsTestRunner2/netcoreapp","Source":"C:\\Users\\maranf\\Videos\\Pragmatic-Test-Driven-Development-in-C-.NET-main\\ch10\\UqsAppointmentBooking\\Uqs.AppointmentBooking.Domain.Tests.Unit\\bin\\Debug\\net6.0\\fine-code-coverage\\build-output\\Uqs.AppointmentBooking.Domain.Tests.Unit.dll","CodeFilePath":null,"LineNumber":0,"Properties":[]},"Attachments":[],"Outcome":1,"ErrorMessage":null,"ErrorStackTrace":null,"DisplayName":"Uqs.AppointmentBooking.Domain.Tests.Unit.SlotsServiceTests.GetAvailableSlotsForEmployee_ServiceIdNoFound_ArgumentException","Messages":[],"ComputerName":"PPMUMLAP0134","Duration":"00:00:00.0016466","StartTime":"2022-08-16T06:38:26.1173739+00:00","EndTime":"2022-08-16T06:38:26.1173747+00:00","Properties":[]},{"TestCase":{"Id":"0e541df3-0bc6-7ec3-c48d-66876eef6085","FullyQualifiedName":"Uqs.AppointmentBooking.Domain.Tests.Unit.SlotsServiceTests.GetAvailableSlotsForEmployee_NoShiftsForTomAndNoAppointmentsInSystem_NoSlots","DisplayName":"Uqs.AppointmentBooking.Domain.Tests.Unit.SlotsServiceTests.GetAvailableSlotsForEmployee_NoShiftsForTomAndNoAppointmentsInSystem_NoSlots","ExecutorUri":"executor://xunit/VsTestRunner2/netcoreapp","Source":"C:\\Users\\maranf\\Videos\\Pragmatic-Test-Driven-Development-in-C-.NET-main\\ch10\\UqsAppointmentBooking\\Uqs.AppointmentBooking.Domain.Tests.Unit\\bin\\Debug\\net6.0\\fine-code-coverage\\build-output\\Uqs.AppointmentBooking.Domain.Tests.Unit.dll","CodeFilePath":null,"LineNumber":0,"Properties":[]},"Attachments":[],"Outcome":1,"ErrorMessage":null,"ErrorStackTrace":null,"DisplayName":"Uqs.AppointmentBooking.Domain.Tests.Unit.SlotsServiceTests.GetAvailableSlotsForEmployee_NoShiftsForTomAndNoAppointmentsInSystem_NoSlots","Messages":[],"ComputerName":"PPMUMLAP0134","Duration":"00:00:00.0103201","StartTime":"2022-08-16T06:38:26.1197571+00:00","EndTime":"2022-08-16T06:38:26.1197575+00:00","Properties":[]}],"TestRunStatistics":{"ExecutedTests":16,"Stats":{"Passed":16}},"ActiveTests":[]},"RunAttachments":[],"ExecutorUris":["executor://xunit/VsTestRunner2/netcoreapp"]}}
TpTrace Verbose: 0 : 22268, 7, 2022/08/16, 12:08:26.156, 69798938558, vstest.console.dll, TestRequestSender.EndSession: Sending end session.
TpTrace Verbose: 0 : 22268, 7, 2022/08/16, 12:08:26.156, 69798940897, vstest.console.dll, ProxyOperationManager.Close: waiting for test host to exit for 100 ms
TpTrace Warning: 0 : 22268, 13, 2022/08/16, 12:08:26.187, 69799247465, vstest.console.dll, TestHostManagerCallbacks.ErrorReceivedCallback Test host standard error line: 
TpTrace Verbose: 0 : 22268, 13, 2022/08/16, 12:08:26.206, 69799437199, vstest.console.dll, TestHostProvider.ExitCallBack: Host exited starting callback.
TpTrace Information: 0 : 22268, 13, 2022/08/16, 12:08:26.207, 69799444613, vstest.console.dll, TestHostManagerCallbacks.ExitCallBack: Testhost processId: 20016 exited with exitcode: 0 error: ''
TpTrace Verbose: 0 : 22268, 13, 2022/08/16, 12:08:26.207, 69799445837, vstest.console.dll, DotnetTestHostManager.OnHostExited: invoking OnHostExited callback
TpTrace Verbose: 0 : 22268, 13, 2022/08/16, 12:08:26.207, 69799446759, vstest.console.dll, CrossPlatEngine.TestHostManagerHostExited: calling on client process exit callback.
TpTrace Information: 0 : 22268, 13, 2022/08/16, 12:08:26.207, 69799447755, vstest.console.dll, TestRequestSender.OnClientProcessExit: Test host process exited. Standard error: 
TpTrace Information: 0 : 22268, 7, 2022/08/16, 12:08:26.207, 69799448186, vstest.console.dll, SocketServer.Stop: Stop server endPoint: 127.0.0.1:58476
TpTrace Information: 0 : 22268, 13, 2022/08/16, 12:08:26.207, 69799448555, vstest.console.dll, SocketServer.Stop: Stop server endPoint: 127.0.0.1:58476
TpTrace Information: 0 : 22268, 7, 2022/08/16, 12:08:26.207, 69799449500, vstest.console.dll, SocketServer.Stop: Cancellation requested. Stopping message loop.
TpTrace Information: 0 : 22268, 13, 2022/08/16, 12:08:26.207, 69799450333, vstest.console.dll, SocketServer.Stop: Cancellation requested. Stopping message loop.
TpTrace Verbose: 0 : 22268, 13, 2022/08/16, 12:08:26.207, 69799451991, vstest.console.dll, MulticastDelegateUtilities.SafeInvoke: HostProviderEvents.OnHostExited: Invoking callback 1/1 for Microsoft.VisualStudio.TestPlatform.CrossPlatEngine.Client.ProxyOperationManager.TestHostManagerHostExited, took 0 ms.
TpTrace Information: 0 : 22268, 7, 2022/08/16, 12:08:26.207, 69799452217, vstest.console.dll, Closing the connection
TpTrace Verbose: 0 : 22268, 7, 2022/08/16, 12:08:26.210, 69799478244, vstest.console.dll, ProxyDataCollectionManager.InvokeDataCollectionServiceAction: Starting.
TpTrace Information: 0 : 22268, 7, 2022/08/16, 12:08:26.210, 69799479686, vstest.console.dll, ProxyDataCollectionManager.AfterTestRunEnd: Get attachment set and invoked data collectors processId: 13628 port: 58473
TpTrace Verbose: 0 : 22268, 7, 2022/08/16, 12:08:26.210, 69799480922, vstest.console.dll, DataCollectionRequestSender.SendAfterTestRunStartAndGetResult: Send AfterTestRunEnd message with isCancelled: False
TpTrace Verbose: 0 : 22268, 7, 2022/08/16, 12:08:26.219, 69799568816, vstest.console.dll, DataCollectionRequestSender.SendAfterTestRunStartAndGetResult: Received message: (DataCollection.AfterTestRunEndResult) -> {
  "AttachmentSets": [],
  "InvokedDataCollectors": [
    {
      "Uri": "datacollector://Microsoft/TestPlatform/Extensions/Blame/v1",
      "FriendlyName": "Blame",
      "AssemblyQualifiedName": "Microsoft.TestPlatform.Extensions.BlameDataCollector.BlameCollector, Microsoft.TestPlatform.Extensions.BlameDataCollector, Version=15.0.0.0, Culture=neutral, PublicKeyToken=b03f5f7f11d50a3a",
      "FilePath": "C:\\Program Files\\dotnet\\sdk\\6.0.303\\Extensions\\Microsoft.TestPlatform.Extensions.BlameDataCollector.dll",
      "HasAttachmentProcessor": false
    }
  ],
  "Metrics": {}
}
TpTrace Information: 0 : 22268, 7, 2022/08/16, 12:08:26.228, 69799657677, vstest.console.dll, ProxyDataCollectionManager.InvokeDataCollectionServiceAction: Completed.
TpTrace Warning: 0 : 22268, 10, 2022/08/16, 12:08:26.229, 69799664589, vstest.console.dll, DataCollectionLauncher.ErrorReceivedCallback datacollector standard error line: 
TpTrace Information: 0 : 22268, 10, 2022/08/16, 12:08:26.236, 69799737018, vstest.console.dll, DataCollectionLauncher.ExitCallBack: Data collector exited with exitcode: 0 error: ''
TpTrace Verbose: 0 : 22268, 7, 2022/08/16, 12:08:26.280, 69800174708, vstest.console.dll, TestRunRequest:SendTestRunStatsChange: Starting.
TpTrace Verbose: 0 : 22268, 7, 2022/08/16, 12:08:26.280, 69800176330, vstest.console.dll, MulticastDelegateUtilities.SafeInvoke: TestRun.RunStatsChanged: Invoking callbacks was skipped because there are no subscribers.
TpTrace Information: 0 : 22268, 7, 2022/08/16, 12:08:26.280, 69800176926, vstest.console.dll, TestRunRequest:SendTestRunStatsChange: Completed.
TpTrace Verbose: 0 : 22268, 4, 2022/08/16, 12:08:26.280, 69800177220, vstest.console.dll, MulticastDelegateUtilities.SafeInvoke: InternalTestLoggerEvents.SendTestResult: Invoking callback 1/1 for Microsoft.VisualStudio.TestPlatform.CommandLine.Internal.ConsoleLogger.TestResultHandler, took 0 ms.
TpTrace Verbose: 0 : 22268, 4, 2022/08/16, 12:08:26.280, 69800178814, vstest.console.dll, MulticastDelegateUtilities.SafeInvoke: InternalTestLoggerEvents.SendTestResult: Invoking callback 1/1 for Microsoft.VisualStudio.TestPlatform.CommandLine.Internal.ConsoleLogger.TestResultHandler, took 0 ms.
TpTrace Verbose: 0 : 22268, 4, 2022/08/16, 12:08:26.280, 69800179975, vstest.console.dll, MulticastDelegateUtilities.SafeInvoke: InternalTestLoggerEvents.SendTestResult: Invoking callback 1/1 for Microsoft.VisualStudio.TestPlatform.CommandLine.Internal.ConsoleLogger.TestResultHandler, took 0 ms.
TpTrace Verbose: 0 : 22268, 7, 2022/08/16, 12:08:26.280, 69800180234, vstest.console.dll, ParallelProxyExecutionManager: HandlePartialRunComplete: Total completed clients = 1, Run complete = True, Run canceled: False.
TpTrace Verbose: 0 : 22268, 4, 2022/08/16, 12:08:26.280, 69800181093, vstest.console.dll, MulticastDelegateUtilities.SafeInvoke: InternalTestLoggerEvents.SendTestResult: Invoking callback 1/1 for Microsoft.VisualStudio.TestPlatform.CommandLine.Internal.ConsoleLogger.TestResultHandler, took 0 ms.
TpTrace Verbose: 0 : 22268, 4, 2022/08/16, 12:08:26.280, 69800183070, vstest.console.dll, MulticastDelegateUtilities.SafeInvoke: InternalTestLoggerEvents.SendTestResult: Invoking callback 1/1 for Microsoft.VisualStudio.TestPlatform.CommandLine.Internal.ConsoleLogger.TestResultHandler, took 0 ms.
TpTrace Verbose: 0 : 22268, 4, 2022/08/16, 12:08:26.280, 69800184014, vstest.console.dll, MulticastDelegateUtilities.SafeInvoke: InternalTestLoggerEvents.SendTestResult: Invoking callback 1/1 for Microsoft.VisualStudio.TestPlatform.CommandLine.Internal.ConsoleLogger.TestResultHandler, took 0 ms.
TpTrace Verbose: 0 : 22268, 4, 2022/08/16, 12:08:26.283, 69800211671, vstest.console.dll, MulticastDelegateUtilities.SafeInvoke: InternalTestLoggerEvents.SendTestResult: Invoking callback 1/1 for Microsoft.VisualStudio.TestPlatform.CommandLine.Internal.ConsoleLogger.TestResultHandler, took 2 ms.
TpTrace Verbose: 0 : 22268, 4, 2022/08/16, 12:08:26.302, 69800399363, vstest.console.dll, MulticastDelegateUtilities.SafeInvoke: InternalTestLoggerEvents.SendTestRunComplete: Invoking callback 1/2 for Microsoft.TestPlatform.Extensions.BlameDataCollector.BlameLogger.TestRunCompleteHandler, took 0 ms.
TpTrace Verbose: 0 : 22268, 4, 2022/08/16, 12:08:26.317, 69800553580, vstest.console.dll, MulticastDelegateUtilities.SafeInvoke: InternalTestLoggerEvents.SendTestRunComplete: Invoking callback 2/2 for Microsoft.VisualStudio.TestPlatform.CommandLine.Internal.ConsoleLogger.TestRunCompleteHandler, took 15 ms.
TpTrace Verbose: 0 : 22268, 7, 2022/08/16, 12:08:26.318, 69800558663, vstest.console.dll, TestRunRequest:TestRunComplete: Starting. IsAborted:False IsCanceled:False.
TpTrace Verbose: 0 : 22268, 7, 2022/08/16, 12:08:26.319, 69800571394, vstest.console.dll, TestLoggerManager.HandleTestRunComplete: Ignoring as the object is disposed.
TpTrace Verbose: 0 : 22268, 7, 2022/08/16, 12:08:26.320, 69800575129, vstest.console.dll, MulticastDelegateUtilities.SafeInvoke: TestRun.TestRunComplete: Invoking callback 1/2 for Microsoft.VisualStudio.TestPlatform.CommandLine.TestRunResultAggregator.TestRunCompletionHandler, took 0 ms.
TpTrace Verbose: 0 : 22268, 7, 2022/08/16, 12:08:26.320, 69800576415, vstest.console.dll, MulticastDelegateUtilities.SafeInvoke: TestRun.TestRunComplete: Invoking callback 2/2 for Microsoft.VisualStudio.TestPlatform.CommandLine.Processors.RunTestsArgumentExecutor+TestRunRequestEventsRegistrar.TestRunRequest_OnRunCompletion, took 0 ms.
TpTrace Information: 0 : 22268, 7, 2022/08/16, 12:08:26.320, 69800577909, vstest.console.dll, TestRunRequest:TestRunComplete: Completed.
TpTrace Verbose: 0 : 22268, 1, 2022/08/16, 12:08:26.320, 69800578305, vstest.console.dll, TestRunRequest.Dispose: Starting.
TpTrace Verbose: 0 : 22268, 7, 2022/08/16, 12:08:26.320, 69800578672, vstest.console.dll, TestRequestSender.SetOperationComplete: Setting operation complete.
TpTrace Information: 0 : 22268, 1, 2022/08/16, 12:08:26.320, 69800580018, vstest.console.dll, TestRunRequest.Dispose: Completed.
TpTrace Information: 0 : 22268, 7, 2022/08/16, 12:08:26.320, 69800580929, vstest.console.dll, SocketServer.Stop: Stop server endPoint: 127.0.0.1:58476
TpTrace Information: 0 : 22268, 1, 2022/08/16, 12:08:26.320, 69800581880, vstest.console.dll, TestRequestManager.RunTests: run tests completed.
TpTrace Information: 0 : 22268, 7, 2022/08/16, 12:08:26.320, 69800582582, vstest.console.dll, SocketServer.Stop: Cancellation requested. Stopping message loop.
TpTrace Information: 0 : 22268, 1, 2022/08/16, 12:08:26.321, 69800584268, vstest.console.dll, RunTestsArgumentProcessor:Execute: Test run is completed.
TpTrace Verbose: 0 : 22268, 7, 2022/08/16, 12:08:26.321, 69800584294, vstest.console.dll, MulticastDelegateUtilities.SafeInvoke: LengthPrefixCommunicationChannel: MessageReceived: Invoking callback 1/1 for Microsoft.VisualStudio.TestPlatform.CommunicationUtilities.TestRequestSender+<>c__DisplayClass30_0.<StartTestRun>b__1, took 165 ms.
TpTrace Information: 0 : 22268, 7, 2022/08/16, 12:08:26.321, 69800586098, vstest.console.dll, SocketServer.PrivateStop: Stopping server endPoint: 127.0.0.1:58476 error: 
TpTrace Verbose: 0 : 22268, 1, 2022/08/16, 12:08:26.321, 69800587504, vstest.console.dll, Executor.Execute: Exiting with exit code of 0
TpTrace Verbose: 0 : 22268, 7, 2022/08/16, 12:08:26.321, 69800591695, vstest.console.dll, LengthPrefixCommunicationChannel.Dispose: Dispose reader and writer.
TpTrace Information: 0 : 22268, 7, 2022/08/16, 12:08:26.321, 69800592811, vstest.console.dll, SocketServer.Stop: Raise disconnected event endPoint: 127.0.0.1:58476 error: 
TpTrace Verbose: 0 : 22268, 7, 2022/08/16, 12:08:26.321, 69800593746, vstest.console.dll, TestRequestSender: OnTestRunAbort: Operation is already complete. Skip error message.
TpTrace Verbose: 0 : 22268, 7, 2022/08/16, 12:08:26.322, 69800594597, vstest.console.dll, MulticastDelegateUtilities.SafeInvoke: SocketServer: ClientDisconnected: Invoking callback 1/1 for Microsoft.VisualStudio.TestPlatform.CommunicationUtilities.TestRequestSender.<InitializeCommunication>b__23_1, took 0 ms.
