TpTrace Verbose: 0 : 20016, 1, 2022/08/16, 12:08:21.225, 69749740253, testhost.dll, Version: 17.1.0
TpTrace Information: 0 : 20016, 1, 2022/08/16, 12:08:21.253, 69749906989, testhost.dll, DefaultEngineInvoker.Invoke: Testhost process started with args :[--port, 58476],[--endpoint, 127.0.0.1:058476],[--role, client],[--parentprocessid, 22268],[--diag, C:\Users\maranf\Videos\Pragmatic-Test-Driven-Development-in-C-.NET-main\ch10\UqsAppointmentBooking\Uqs.AppointmentBooking.Domain.Tests.Unit\bin\Debug\net6.0\fine-code-coverage\coverage-tool-output\diagnostics.host.22-08-16_12-08-20_51590_5.log],[--tracelevel, 4],[--datacollectionport, 58475],[--telemetryoptedin, false]
TpTrace Information: 0 : 20016, 1, 2022/08/16, 12:08:21.260, 69749981780, testhost.dll, Setting up debug trace listener.
TpTrace Verbose: 0 : 20016, 1, 2022/08/16, 12:08:21.261, 69749987064, testhost.dll, TestPlatformTraceListener.Setup: Replacing listener 0 with TestHostTraceListener.
TpTrace Verbose: 0 : 20016, 1, 2022/08/16, 12:08:21.261, 69749988852, testhost.dll, TestPlatformTraceListener.Setup: Added test platform trace listener.
TpTrace Information: 0 : 20016, 1, 2022/08/16, 12:08:21.265, 69750032912, testhost.dll, DefaultEngineInvoker.SetParentProcessExitCallback: Monitoring parent process with id: '22268'
TpTrace Information: 0 : 20016, 1, 2022/08/16, 12:08:21.309, 69750470891, testhost.dll, DefaultEngineInvoker.GetConnectionInfo: Initialize communication on endpoint address: '127.0.0.1:058476'
TpTrace Information: 0 : 20016, 1, 2022/08/16, 12:08:21.342, 69750804127, testhost.dll, SocketClient.Start: connecting to server endpoint: 127.0.0.1:058476
TpTrace Information: 0 : 20016, 1, 2022/08/16, 12:08:21.369, 69751067171, testhost.dll, DefaultEngineInvoker.ConnectToDatacollector: Connecting to datacollector, port: 58475
TpTrace Information: 0 : 20016, 1, 2022/08/16, 12:08:21.382, 69751202001, testhost.dll, Trying to connect to server on socket : 127.0.0.1:58475 
TpTrace Verbose: 0 : 20016, 1, 2022/08/16, 12:08:21.383, 69751208656, testhost.dll, SocketCommunicationManager : SetupClientAsync : Attempting to connect to the server.
TpTrace Information: 0 : 20016, 10, 2022/08/16, 12:08:21.391, 69751288240, testhost.dll, SocketClient.OnServerConnected: connected to server endpoint: 127.0.0.1:058476
TpTrace Information: 0 : 20016, 11, 2022/08/16, 12:08:21.391, 69751290960, testhost.dll, Connected to the server successfully 
TpTrace Information: 0 : 20016, 11, 2022/08/16, 12:08:21.391, 69751292591, testhost.dll, Using the buffer size of 16384 bytes
TpTrace Information: 0 : 20016, 1, 2022/08/16, 12:08:21.392, 69751302565, testhost.dll, DefaultEngineInvoker.Invoke: Start Request Processing.
TpTrace Verbose: 0 : 20016, 10, 2022/08/16, 12:08:21.395, 69751324921, testhost.dll, Connected to server, and starting MessageLoopAsync
TpTrace Information: 0 : 20016, 14, 2022/08/16, 12:08:21.396, 69751335304, testhost.dll, DefaultEngineInvoker.StartProcessingAsync: Connected to vstest.console, Starting process requests.
TpTrace Verbose: 0 : 20016, 10, 2022/08/16, 12:08:21.402, 69751398625, testhost.dll, TcpClientExtensions.MessageLoopAsync: Polling on remoteEndPoint: [::ffff:127.0.0.1]:58476 localEndPoint: [::ffff:127.0.0.1]:58477
TpTrace Verbose: 0 : 20016, 10, 2022/08/16, 12:08:21.403, 69751406370, testhost.dll, TcpClientExtensions.MessageLoopAsync: NotifyDataAvailable remoteEndPoint: [::ffff:127.0.0.1]:58476 localEndPoint: [::ffff:127.0.0.1]:58477
TpTrace Information: 0 : 20016, 10, 2022/08/16, 12:08:21.748, 69754863802, testhost.dll, TestRequestHandler.OnMessageReceived: received message: (ProtocolVersion) -> 6
TpTrace Verbose: 0 : 20016, 10, 2022/08/16, 12:08:21.841, 69755788899, testhost.dll, TestRequestHandler.SendData:  sending data from testhost: {"Version":5,"MessageType":"TestSession.Message","Payload":{"MessageLevel":0,"Message":"Logging TestHost Diagnostics in file: C:\\Users\\maranf\\Videos\\Pragmatic-Test-Driven-Development-in-C-.NET-main\\ch10\\UqsAppointmentBooking\\Uqs.AppointmentBooking.Domain.Tests.Unit\\bin\\Debug\\net6.0\\fine-code-coverage\\coverage-tool-output\\diagnostics.host.22-08-16_12-08-20_51590_5.log"}}
TpTrace Verbose: 0 : 20016, 10, 2022/08/16, 12:08:21.842, 69755795352, testhost.dll, TcpClientExtensions.MessageLoopAsync: Polling on remoteEndPoint: [::ffff:127.0.0.1]:58476 localEndPoint: [::ffff:127.0.0.1]:58477
TpTrace Verbose: 0 : 20016, 10, 2022/08/16, 12:08:21.842, 69755800526, testhost.dll, TcpClientExtensions.MessageLoopAsync: NotifyDataAvailable remoteEndPoint: [::ffff:127.0.0.1]:58476 localEndPoint: [::ffff:127.0.0.1]:58477
TpTrace Information: 0 : 20016, 10, 2022/08/16, 12:08:21.863, 69756012887, testhost.dll, TestRequestHandler.OnMessageReceived: received message: (TestExecution.Initialize) -> [
  "C:\\Users\\maranf\\Videos\\Pragmatic-Test-Driven-Development-in-C-.NET-main\\ch10\\UqsAppointmentBooking\\Uqs.AppointmentBooking.Domain.Tests.Unit\\bin\\Debug\\net6.0\\fine-code-coverage\\build-output\\xunit.runner.visualstudio.dotnetcore.testadapter.dll"
]
TpTrace Verbose: 0 : 20016, 10, 2022/08/16, 12:08:21.887, 69756248862, testhost.dll, TcpClientExtensions.MessageLoopAsync: Polling on remoteEndPoint: [::ffff:127.0.0.1]:58476 localEndPoint: [::ffff:127.0.0.1]:58477
TpTrace Information: 0 : 20016, 4, 2022/08/16, 12:08:21.889, 69756269140, testhost.dll, TestRequestHandler.OnMessageReceived: Running job 'TestExecution.Initialize'.
TpTrace Verbose: 0 : 20016, 10, 2022/08/16, 12:08:21.890, 69756276165, testhost.dll, TcpClientExtensions.MessageLoopAsync: NotifyDataAvailable remoteEndPoint: [::ffff:127.0.0.1]:58476 localEndPoint: [::ffff:127.0.0.1]:58477
TpTrace Verbose: 0 : 20016, 4, 2022/08/16, 12:08:21.897, 69756344973, testhost.dll, TestExecutorService: Loading the extensions
TpTrace Verbose: 0 : 20016, 4, 2022/08/16, 12:08:21.902, 69756396958, testhost.dll, TestPluginCache.DiscoverTestExtensions: finding test extensions in assemblies ends with: TestAdapter.dll TPluginInfo: Microsoft.VisualStudio.TestPlatform.Common.ExtensionFramework.Utilities.TestExecutorPluginInformation TExtension: Microsoft.VisualStudio.TestPlatform.ObjectModel.Adapter.ITestExecutor
TpTrace Verbose: 0 : 20016, 4, 2022/08/16, 12:08:21.904, 69756424093, testhost.dll, TestPluginCache.GetExtensionPaths: Filtered extension paths: 
TpTrace Verbose: 0 : 20016, 4, 2022/08/16, 12:08:21.906, 69756435287, testhost.dll, TestPluginCache.GetExtensionPaths: Added default extension paths: C:\Users\maranf\Videos\Pragmatic-Test-Driven-Development-in-C-.NET-main\ch10\UqsAppointmentBooking\Uqs.AppointmentBooking.Domain.Tests.Unit\bin\Debug\net6.0\fine-code-coverage\build-output\xunit.runner.visualstudio.dotnetcore.testadapter.dll
TpTrace Verbose: 0 : 20016, 4, 2022/08/16, 12:08:21.906, 69756437640, testhost.dll, TestPluginCache.GetExtensionPaths: Added unfilterableExtensionPaths: 
TpTrace Information: 0 : 20016, 10, 2022/08/16, 12:08:21.907, 69756444252, testhost.dll, TestRequestHandler.OnMessageReceived: received message: (TestExecution.StartWithSources) -> {
  "AdapterSourceMap": {
    "_none_": [
      "C:\\Users\\maranf\\Videos\\Pragmatic-Test-Driven-Development-in-C-.NET-main\\ch10\\UqsAppointmentBooking\\Uqs.AppointmentBooking.Domain.Tests.Unit\\bin\\Debug\\net6.0\\fine-code-coverage\\build-output\\Uqs.AppointmentBooking.Domain.Tests.Unit.dll"
    ]
  },
  "RunSettings": "<RunSettings>\r\n  <RunConfiguration>\r\n    <ResultsDirectory>C:\\Users\\maranf\\Videos\\Pragmatic-Test-Driven-Development-in-C-.NET-main\\ch10\\UqsAppointmentBooking\\Uqs.AppointmentBooking.Domain.Tests.Unit\\bin\\Debug\\net6.0\\fine-code-coverage\\coverage-tool-output</ResultsDirectory>\r\n    <TargetFrameworkVersion>.NETCoreApp,Version=v6.0</TargetFrameworkVersion>\r\n    <DesignMode>False</DesignMode>\r\n    <CollectSourceInformation>False</CollectSourceInformation>\r\n  </RunConfiguration>\r\n  <LoggerRunSettings>\r\n    <Loggers>\r\n      <Logger friendlyName=\"blame\" enabled=\"True\" />\r\n      <Logger friendlyName=\"Console\" uri=\"logger://microsoft/TestPlatform/ConsoleLogger/v1\" assemblyQualifiedName=\"Microsoft.VisualStudio.TestPlatform.CommandLine.Internal.ConsoleLogger, vstest.console, Version=15.0.0.0, Culture=neutral, PublicKeyToken=b03f5f7f11d50a3a\" codeBase=\"C:\\Program Files\\dotnet\\sdk\\6.0.303\\vstest.console.dll\" enabled=\"True\" />\r\n    </Loggers>\r\n  </LoggerRunSettings>\r\n  <DataCollectionRunSettings>\r\n    <DataCollectors>\r\n      <DataCollector friendlyName=\"blame\" enabled=\"True\">\r\n        <Configuration>\r\n          <ResultsDirectory>C:\\Users\\maranf\\Videos\\Pragmatic-Test-Driven-Development-in-C-.NET-main\\ch10\\UqsAppointmentBooking\\Uqs.AppointmentBooking.Domain.Tests.Unit\\bin\\Debug\\net6.0\\fine-code-coverage\\coverage-tool-output</ResultsDirectory>\r\n        </Configuration>\r\n      </DataCollector>\r\n    </DataCollectors>\r\n  </DataCollectionRunSettings>\r\n</RunSettings>",
  "TestExecutionContext": {
    "FrequencyOfRunStatsChangeEvent": 10,
    "RunStatsChangeEventTimeout": "00:00:01.5000000",
    "InIsolation": false,
    "KeepAlive": false,
    "AreTestCaseLevelEventsRequired": false,
    "IsDebug": false,
    "TestCaseFilter": null,
    "FilterOptions": null
  },
  "Package": null
}
TpTrace Information: 0 : 20016, 4, 2022/08/16, 12:08:21.911, 69756487594, testhost.dll, AssemblyResolver.ctor: Creating AssemblyResolver with searchDirectories C:\Users\maranf\Videos\Pragmatic-Test-Driven-Development-in-C-.NET-main\ch10\UqsAppointmentBooking\Uqs.AppointmentBooking.Domain.Tests.Unit\bin\Debug\net6.0\fine-code-coverage\build-output
TpTrace Verbose: 0 : 20016, 4, 2022/08/16, 12:08:21.924, 69756619277, testhost.dll, TestPluginCache.DiscoverTestExtensions: Discovering the extensions using extension path.
TpTrace Verbose: 0 : 20016, 4, 2022/08/16, 12:08:21.925, 69756624637, testhost.dll, TestPluginCache.GetExtensionPaths: Filtered extension paths: 
TpTrace Verbose: 0 : 20016, 4, 2022/08/16, 12:08:21.925, 69756630461, testhost.dll, TestPluginCache.GetExtensionPaths: Added default extension paths: C:\Users\maranf\Videos\Pragmatic-Test-Driven-Development-in-C-.NET-main\ch10\UqsAppointmentBooking\Uqs.AppointmentBooking.Domain.Tests.Unit\bin\Debug\net6.0\fine-code-coverage\build-output\xunit.runner.visualstudio.dotnetcore.testadapter.dll
TpTrace Verbose: 0 : 20016, 4, 2022/08/16, 12:08:21.926, 69756634555, testhost.dll, TestPluginCache.GetExtensionPaths: Added unfilterableExtensionPaths: 
TpTrace Verbose: 0 : 20016, 4, 2022/08/16, 12:08:21.926, 69756636974, testhost.dll, TestPluginCache.DiscoverTestExtensions: Discovering the extensions using allExtensionPaths: C:\Users\maranf\Videos\Pragmatic-Test-Driven-Development-in-C-.NET-main\ch10\UqsAppointmentBooking\Uqs.AppointmentBooking.Domain.Tests.Unit\bin\Debug\net6.0\fine-code-coverage\build-output\xunit.runner.visualstudio.dotnetcore.testadapter.dll
TpTrace Information: 0 : 20016, 4, 2022/08/16, 12:08:21.931, 69756687895, testhost.dll, AssemblyResolver.AddSearchDirectories: Adding more searchDirectories C:\Users\maranf\Videos\Pragmatic-Test-Driven-Development-in-C-.NET-main\ch10\UqsAppointmentBooking\Uqs.AppointmentBooking.Domain.Tests.Unit\bin\Debug\net6.0\fine-code-coverage\build-output
TpTrace Information: 0 : 20016, 4, 2022/08/16, 12:08:21.951, 69756885508, testhost.dll, AssemblyResolver.OnResolve: xunit.runner.visualstudio.dotnetcore.testadapter: Resolving assembly.
TpTrace Information: 0 : 20016, 4, 2022/08/16, 12:08:21.951, 69756888293, testhost.dll, AssemblyResolver.OnResolve: xunit.runner.visualstudio.dotnetcore.testadapter: Searching in: 'C:\Users\maranf\Videos\Pragmatic-Test-Driven-Development-in-C-.NET-main\ch10\UqsAppointmentBooking\Uqs.AppointmentBooking.Domain.Tests.Unit\bin\Debug\net6.0\fine-code-coverage\build-output'.
TpTrace Information: 0 : 20016, 4, 2022/08/16, 12:08:21.956, 69756943096, testhost.dll, AssemblyResolver.OnResolve: xunit.runner.visualstudio.dotnetcore.testadapter: Loading assembly 'C:\Users\maranf\Videos\Pragmatic-Test-Driven-Development-in-C-.NET-main\ch10\UqsAppointmentBooking\Uqs.AppointmentBooking.Domain.Tests.Unit\bin\Debug\net6.0\fine-code-coverage\build-output\xunit.runner.visualstudio.dotnetcore.testadapter.dll'.
TpTrace Information: 0 : 20016, 4, 2022/08/16, 12:08:21.964, 69757019932, testhost.dll, AssemblyResolver.OnResolve: Resolved assembly: xunit.runner.visualstudio.dotnetcore.testadapter, from path: C:\Users\maranf\Videos\Pragmatic-Test-Driven-Development-in-C-.NET-main\ch10\UqsAppointmentBooking\Uqs.AppointmentBooking.Domain.Tests.Unit\bin\Debug\net6.0\fine-code-coverage\build-output\xunit.runner.visualstudio.dotnetcore.testadapter.dll
TpTrace Verbose: 0 : 20016, 10, 2022/08/16, 12:08:22.007, 69757450710, testhost.dll, TcpClientExtensions.MessageLoopAsync: Polling on remoteEndPoint: [::ffff:127.0.0.1]:58476 localEndPoint: [::ffff:127.0.0.1]:58477
TpTrace Information: 0 : 20016, 4, 2022/08/16, 12:08:22.013, 69757509597, testhost.dll, AssemblyResolver.OnResolve: xunit.runner.utility.netcoreapp10: Resolving assembly.
TpTrace Information: 0 : 20016, 4, 2022/08/16, 12:08:22.013, 69757512636, testhost.dll, AssemblyResolver.OnResolve: xunit.runner.utility.netcoreapp10: Searching in: 'C:\Users\maranf\Videos\Pragmatic-Test-Driven-Development-in-C-.NET-main\ch10\UqsAppointmentBooking\Uqs.AppointmentBooking.Domain.Tests.Unit\bin\Debug\net6.0\fine-code-coverage\build-output'.
TpTrace Information: 0 : 20016, 4, 2022/08/16, 12:08:22.017, 69757551529, testhost.dll, AssemblyResolver.OnResolve: xunit.runner.utility.netcoreapp10: Loading assembly 'C:\Users\maranf\Videos\Pragmatic-Test-Driven-Development-in-C-.NET-main\ch10\UqsAppointmentBooking\Uqs.AppointmentBooking.Domain.Tests.Unit\bin\Debug\net6.0\fine-code-coverage\build-output\xunit.runner.utility.netcoreapp10.dll'.
TpTrace Information: 0 : 20016, 4, 2022/08/16, 12:08:22.021, 69757590960, testhost.dll, AssemblyResolver.OnResolve: Resolved assembly: xunit.runner.utility.netcoreapp10, from path: C:\Users\maranf\Videos\Pragmatic-Test-Driven-Development-in-C-.NET-main\ch10\UqsAppointmentBooking\Uqs.AppointmentBooking.Domain.Tests.Unit\bin\Debug\net6.0\fine-code-coverage\build-output\xunit.runner.utility.netcoreapp10.dll
TpTrace Verbose: 0 : 20016, 4, 2022/08/16, 12:08:22.037, 69757745164, testhost.dll, TestPluginCache: Discovered the extensions using extension path ''.
TpTrace Verbose: 0 : 20016, 4, 2022/08/16, 12:08:22.038, 69757757235, testhost.dll, TestPluginCache: Discoverers are ''.
TpTrace Verbose: 0 : 20016, 4, 2022/08/16, 12:08:22.038, 69757760023, testhost.dll, TestPluginCache: Executors are 'executor://xunit/VsTestRunner2/netcoreapp'.
TpTrace Verbose: 0 : 20016, 4, 2022/08/16, 12:08:22.039, 69757766632, testhost.dll, TestPluginCache: Executors2 are ''.
TpTrace Verbose: 0 : 20016, 4, 2022/08/16, 12:08:22.039, 69757770310, testhost.dll, TestPluginCache: Setting providers are ''.
TpTrace Verbose: 0 : 20016, 4, 2022/08/16, 12:08:22.039, 69757772641, testhost.dll, TestPluginCache: Loggers are ''.
TpTrace Verbose: 0 : 20016, 4, 2022/08/16, 12:08:22.049, 69757868090, testhost.dll, TestPluginCache.DiscoverTestExtensions: finding test extensions in assemblies ends with: TestAdapter.dll TPluginInfo: Microsoft.VisualStudio.TestPlatform.Common.ExtensionFramework.Utilities.TestExecutorPluginInformation2 TExtension: Microsoft.VisualStudio.TestPlatform.ObjectModel.Adapter.ITestExecutor2
TpTrace Verbose: 0 : 20016, 4, 2022/08/16, 12:08:22.050, 69757875177, testhost.dll, TestPluginCache.GetExtensionPaths: Filtered extension paths: 
TpTrace Verbose: 0 : 20016, 4, 2022/08/16, 12:08:22.050, 69757877066, testhost.dll, TestPluginCache.GetExtensionPaths: Added default extension paths: C:\Users\maranf\Videos\Pragmatic-Test-Driven-Development-in-C-.NET-main\ch10\UqsAppointmentBooking\Uqs.AppointmentBooking.Domain.Tests.Unit\bin\Debug\net6.0\fine-code-coverage\build-output\xunit.runner.visualstudio.dotnetcore.testadapter.dll
TpTrace Verbose: 0 : 20016, 4, 2022/08/16, 12:08:22.050, 69757878197, testhost.dll, TestPluginCache.GetExtensionPaths: Added unfilterableExtensionPaths: 
TpTrace Information: 0 : 20016, 4, 2022/08/16, 12:08:22.050, 69757882622, testhost.dll, AssemblyResolver.AddSearchDirectories: Adding more searchDirectories C:\Users\maranf\Videos\Pragmatic-Test-Driven-Development-in-C-.NET-main\ch10\UqsAppointmentBooking\Uqs.AppointmentBooking.Domain.Tests.Unit\bin\Debug\net6.0\fine-code-coverage\build-output
TpTrace Verbose: 0 : 20016, 4, 2022/08/16, 12:08:22.051, 69757885438, testhost.dll, TestPluginCache.DiscoverTestExtensions: Discovering the extensions using extension path.
TpTrace Verbose: 0 : 20016, 4, 2022/08/16, 12:08:22.051, 69757886916, testhost.dll, TestPluginCache.GetExtensionPaths: Filtered extension paths: 
TpTrace Verbose: 0 : 20016, 4, 2022/08/16, 12:08:22.051, 69757888226, testhost.dll, TestPluginCache.GetExtensionPaths: Added default extension paths: C:\Users\maranf\Videos\Pragmatic-Test-Driven-Development-in-C-.NET-main\ch10\UqsAppointmentBooking\Uqs.AppointmentBooking.Domain.Tests.Unit\bin\Debug\net6.0\fine-code-coverage\build-output\xunit.runner.visualstudio.dotnetcore.testadapter.dll
TpTrace Verbose: 0 : 20016, 4, 2022/08/16, 12:08:22.051, 69757889372, testhost.dll, TestPluginCache.GetExtensionPaths: Added unfilterableExtensionPaths: 
TpTrace Verbose: 0 : 20016, 4, 2022/08/16, 12:08:22.051, 69757890597, testhost.dll, TestPluginCache.DiscoverTestExtensions: Discovering the extensions using allExtensionPaths: C:\Users\maranf\Videos\Pragmatic-Test-Driven-Development-in-C-.NET-main\ch10\UqsAppointmentBooking\Uqs.AppointmentBooking.Domain.Tests.Unit\bin\Debug\net6.0\fine-code-coverage\build-output\xunit.runner.visualstudio.dotnetcore.testadapter.dll
TpTrace Information: 0 : 20016, 4, 2022/08/16, 12:08:22.051, 69757892315, testhost.dll, AssemblyResolver.AddSearchDirectories: Adding more searchDirectories C:\Users\maranf\Videos\Pragmatic-Test-Driven-Development-in-C-.NET-main\ch10\UqsAppointmentBooking\Uqs.AppointmentBooking.Domain.Tests.Unit\bin\Debug\net6.0\fine-code-coverage\build-output
TpTrace Verbose: 0 : 20016, 4, 2022/08/16, 12:08:22.054, 69757917063, testhost.dll, TestPluginCache: Discovered the extensions using extension path ''.
TpTrace Verbose: 0 : 20016, 4, 2022/08/16, 12:08:22.054, 69757919056, testhost.dll, TestPluginCache: Discoverers are ''.
TpTrace Verbose: 0 : 20016, 4, 2022/08/16, 12:08:22.054, 69757923839, testhost.dll, TestPluginCache: Executors are 'executor://xunit/VsTestRunner2/netcoreapp'.
TpTrace Verbose: 0 : 20016, 4, 2022/08/16, 12:08:22.055, 69757926136, testhost.dll, TestPluginCache: Executors2 are ''.
TpTrace Verbose: 0 : 20016, 4, 2022/08/16, 12:08:22.055, 69757927467, testhost.dll, TestPluginCache: Setting providers are ''.
TpTrace Verbose: 0 : 20016, 4, 2022/08/16, 12:08:22.057, 69757950561, testhost.dll, TestPluginCache: Loggers are ''.
TpTrace Information: 0 : 20016, 4, 2022/08/16, 12:08:22.069, 69758072338, testhost.dll, TestPluginManager.CreateTestExtension: Attempting to load test extension: Xunit.Runner.VisualStudio.VsTestRunner
TpTrace Verbose: 0 : 20016, 4, 2022/08/16, 12:08:22.070, 69758075857, testhost.dll, TestExecutorExtensionManager: Loading executor Xunit.Runner.VisualStudio.VsTestRunner
TpTrace Verbose: 0 : 20016, 4, 2022/08/16, 12:08:22.070, 69758077329, testhost.dll, TestExecutorService: Loaded the executors
TpTrace Verbose: 0 : 20016, 4, 2022/08/16, 12:08:22.072, 69758098243, testhost.dll, TestPluginCache.DiscoverTestExtensions: finding test extensions in assemblies ends with: TestAdapter.dll TPluginInfo: Microsoft.VisualStudio.TestPlatform.Common.ExtensionFramework.Utilities.TestSettingsProviderPluginInformation TExtension: Microsoft.VisualStudio.TestPlatform.ObjectModel.Adapter.ISettingsProvider
TpTrace Verbose: 0 : 20016, 4, 2022/08/16, 12:08:22.072, 69758101254, testhost.dll, TestPluginCache.GetExtensionPaths: Filtered extension paths: 
TpTrace Verbose: 0 : 20016, 4, 2022/08/16, 12:08:22.072, 69758102302, testhost.dll, TestPluginCache.GetExtensionPaths: Added default extension paths: C:\Users\maranf\Videos\Pragmatic-Test-Driven-Development-in-C-.NET-main\ch10\UqsAppointmentBooking\Uqs.AppointmentBooking.Domain.Tests.Unit\bin\Debug\net6.0\fine-code-coverage\build-output\xunit.runner.visualstudio.dotnetcore.testadapter.dll
TpTrace Verbose: 0 : 20016, 4, 2022/08/16, 12:08:22.072, 69758103199, testhost.dll, TestPluginCache.GetExtensionPaths: Added unfilterableExtensionPaths: 
TpTrace Information: 0 : 20016, 4, 2022/08/16, 12:08:22.073, 69758106587, testhost.dll, AssemblyResolver.AddSearchDirectories: Adding more searchDirectories C:\Users\maranf\Videos\Pragmatic-Test-Driven-Development-in-C-.NET-main\ch10\UqsAppointmentBooking\Uqs.AppointmentBooking.Domain.Tests.Unit\bin\Debug\net6.0\fine-code-coverage\build-output
TpTrace Verbose: 0 : 20016, 4, 2022/08/16, 12:08:22.073, 69758107850, testhost.dll, TestPluginCache.DiscoverTestExtensions: Discovering the extensions using extension path.
TpTrace Verbose: 0 : 20016, 4, 2022/08/16, 12:08:22.073, 69758108655, testhost.dll, TestPluginCache.GetExtensionPaths: Filtered extension paths: 
TpTrace Verbose: 0 : 20016, 4, 2022/08/16, 12:08:22.073, 69758111026, testhost.dll, TestPluginCache.GetExtensionPaths: Added default extension paths: C:\Users\maranf\Videos\Pragmatic-Test-Driven-Development-in-C-.NET-main\ch10\UqsAppointmentBooking\Uqs.AppointmentBooking.Domain.Tests.Unit\bin\Debug\net6.0\fine-code-coverage\build-output\xunit.runner.visualstudio.dotnetcore.testadapter.dll
TpTrace Verbose: 0 : 20016, 4, 2022/08/16, 12:08:22.073, 69758112396, testhost.dll, TestPluginCache.GetExtensionPaths: Added unfilterableExtensionPaths: 
TpTrace Verbose: 0 : 20016, 4, 2022/08/16, 12:08:22.073, 69758113733, testhost.dll, TestPluginCache.DiscoverTestExtensions: Discovering the extensions using allExtensionPaths: C:\Users\maranf\Videos\Pragmatic-Test-Driven-Development-in-C-.NET-main\ch10\UqsAppointmentBooking\Uqs.AppointmentBooking.Domain.Tests.Unit\bin\Debug\net6.0\fine-code-coverage\build-output\xunit.runner.visualstudio.dotnetcore.testadapter.dll
TpTrace Information: 0 : 20016, 4, 2022/08/16, 12:08:22.074, 69758115285, testhost.dll, AssemblyResolver.AddSearchDirectories: Adding more searchDirectories C:\Users\maranf\Videos\Pragmatic-Test-Driven-Development-in-C-.NET-main\ch10\UqsAppointmentBooking\Uqs.AppointmentBooking.Domain.Tests.Unit\bin\Debug\net6.0\fine-code-coverage\build-output
TpTrace Verbose: 0 : 20016, 4, 2022/08/16, 12:08:22.074, 69758121864, testhost.dll, TestPluginCache: Discovered the extensions using extension path ''.
TpTrace Verbose: 0 : 20016, 4, 2022/08/16, 12:08:22.074, 69758123622, testhost.dll, TestPluginCache: Discoverers are ''.
TpTrace Verbose: 0 : 20016, 4, 2022/08/16, 12:08:22.075, 69758124702, testhost.dll, TestPluginCache: Executors are 'executor://xunit/VsTestRunner2/netcoreapp'.
TpTrace Verbose: 0 : 20016, 4, 2022/08/16, 12:08:22.075, 69758125355, testhost.dll, TestPluginCache: Executors2 are ''.
TpTrace Verbose: 0 : 20016, 4, 2022/08/16, 12:08:22.075, 69758126146, testhost.dll, TestPluginCache: Setting providers are ''.
TpTrace Verbose: 0 : 20016, 4, 2022/08/16, 12:08:22.075, 69758126815, testhost.dll, TestPluginCache: Loggers are ''.
TpTrace Verbose: 0 : 20016, 4, 2022/08/16, 12:08:22.077, 69758145385, testhost.dll, TestExecutorService: Loaded the settings providers
TpTrace Information: 0 : 20016, 4, 2022/08/16, 12:08:22.077, 69758147180, testhost.dll, TestExecutorService: Loaded the extensions
TpTrace Information: 0 : 20016, 4, 2022/08/16, 12:08:22.078, 69758156054, testhost.dll, TestRequestHandler.OnMessageReceived: Running job 'TestExecution.StartWithSources'.
TpTrace Information: 0 : 20016, 4, 2022/08/16, 12:08:22.280, 69760180441, testhost.dll, TestDiscoveryManager: Discovering tests from sources C:\Users\maranf\Videos\Pragmatic-Test-Driven-Development-in-C-.NET-main\ch10\UqsAppointmentBooking\Uqs.AppointmentBooking.Domain.Tests.Unit\bin\Debug\net6.0\fine-code-coverage\build-output\Uqs.AppointmentBooking.Domain.Tests.Unit.dll
TpTrace Verbose: 0 : 20016, 4, 2022/08/16, 12:08:22.288, 69760262856, testhost.dll, TestPluginCache.DiscoverTestExtensions: finding test extensions in assemblies ends with: TestAdapter.dll TPluginInfo: Microsoft.VisualStudio.TestPlatform.Common.ExtensionFramework.Utilities.TestDiscovererPluginInformation TExtension: Microsoft.VisualStudio.TestPlatform.ObjectModel.Adapter.ITestDiscoverer
TpTrace Verbose: 0 : 20016, 4, 2022/08/16, 12:08:22.289, 69760266156, testhost.dll, TestPluginCache.GetExtensionPaths: Filtered extension paths: 
TpTrace Verbose: 0 : 20016, 4, 2022/08/16, 12:08:22.289, 69760267610, testhost.dll, TestPluginCache.GetExtensionPaths: Added default extension paths: C:\Users\maranf\Videos\Pragmatic-Test-Driven-Development-in-C-.NET-main\ch10\UqsAppointmentBooking\Uqs.AppointmentBooking.Domain.Tests.Unit\bin\Debug\net6.0\fine-code-coverage\build-output\xunit.runner.visualstudio.dotnetcore.testadapter.dll
TpTrace Verbose: 0 : 20016, 4, 2022/08/16, 12:08:22.289, 69760268626, testhost.dll, TestPluginCache.GetExtensionPaths: Added unfilterableExtensionPaths: 
TpTrace Information: 0 : 20016, 4, 2022/08/16, 12:08:22.289, 69760272227, testhost.dll, AssemblyResolver.AddSearchDirectories: Adding more searchDirectories C:\Users\maranf\Videos\Pragmatic-Test-Driven-Development-in-C-.NET-main\ch10\UqsAppointmentBooking\Uqs.AppointmentBooking.Domain.Tests.Unit\bin\Debug\net6.0\fine-code-coverage\build-output
TpTrace Verbose: 0 : 20016, 4, 2022/08/16, 12:08:22.289, 69760273933, testhost.dll, TestPluginCache.DiscoverTestExtensions: Discovering the extensions using extension path.
TpTrace Verbose: 0 : 20016, 4, 2022/08/16, 12:08:22.290, 69760275098, testhost.dll, TestPluginCache.GetExtensionPaths: Filtered extension paths: 
TpTrace Verbose: 0 : 20016, 4, 2022/08/16, 12:08:22.290, 69760276047, testhost.dll, TestPluginCache.GetExtensionPaths: Added default extension paths: C:\Users\maranf\Videos\Pragmatic-Test-Driven-Development-in-C-.NET-main\ch10\UqsAppointmentBooking\Uqs.AppointmentBooking.Domain.Tests.Unit\bin\Debug\net6.0\fine-code-coverage\build-output\xunit.runner.visualstudio.dotnetcore.testadapter.dll
TpTrace Verbose: 0 : 20016, 4, 2022/08/16, 12:08:22.290, 69760277188, testhost.dll, TestPluginCache.GetExtensionPaths: Added unfilterableExtensionPaths: 
TpTrace Verbose: 0 : 20016, 4, 2022/08/16, 12:08:22.290, 69760278245, testhost.dll, TestPluginCache.DiscoverTestExtensions: Discovering the extensions using allExtensionPaths: C:\Users\maranf\Videos\Pragmatic-Test-Driven-Development-in-C-.NET-main\ch10\UqsAppointmentBooking\Uqs.AppointmentBooking.Domain.Tests.Unit\bin\Debug\net6.0\fine-code-coverage\build-output\xunit.runner.visualstudio.dotnetcore.testadapter.dll
TpTrace Information: 0 : 20016, 4, 2022/08/16, 12:08:22.290, 69760279575, testhost.dll, AssemblyResolver.AddSearchDirectories: Adding more searchDirectories C:\Users\maranf\Videos\Pragmatic-Test-Driven-Development-in-C-.NET-main\ch10\UqsAppointmentBooking\Uqs.AppointmentBooking.Domain.Tests.Unit\bin\Debug\net6.0\fine-code-coverage\build-output
TpTrace Verbose: 0 : 20016, 4, 2022/08/16, 12:08:22.296, 69760336970, testhost.dll, TestPluginCache: Discovered the extensions using extension path ''.
TpTrace Verbose: 0 : 20016, 4, 2022/08/16, 12:08:22.296, 69760339114, testhost.dll, TestPluginCache: Discoverers are 'Xunit.Runner.VisualStudio.VsTestRunner, xunit.runner.visualstudio.dotnetcore.testadapter, Version=2.4.0.0, Culture=neutral, PublicKeyToken=8d05b1bb7a6fdb6c'.
TpTrace Verbose: 0 : 20016, 4, 2022/08/16, 12:08:22.296, 69760340497, testhost.dll, TestPluginCache: Executors are 'executor://xunit/VsTestRunner2/netcoreapp'.
TpTrace Verbose: 0 : 20016, 4, 2022/08/16, 12:08:22.296, 69760341388, testhost.dll, TestPluginCache: Executors2 are ''.
TpTrace Verbose: 0 : 20016, 4, 2022/08/16, 12:08:22.296, 69760342183, testhost.dll, TestPluginCache: Setting providers are ''.
TpTrace Verbose: 0 : 20016, 4, 2022/08/16, 12:08:22.296, 69760342944, testhost.dll, TestPluginCache: Loggers are ''.
TpTrace Information: 0 : 20016, 4, 2022/08/16, 12:08:22.319, 69760572093, testhost.dll, PEReaderHelper.GetAssemblyType: Determined assemblyType:'Managed' for source: 'C:\Users\maranf\Videos\Pragmatic-Test-Driven-Development-in-C-.NET-main\ch10\UqsAppointmentBooking\Uqs.AppointmentBooking.Domain.Tests.Unit\bin\Debug\net6.0\fine-code-coverage\build-output\Uqs.AppointmentBooking.Domain.Tests.Unit.dll'
TpTrace Verbose: 0 : 20016, 4, 2022/08/16, 12:08:22.334, 69760714417, testhost.dll, BaseRunTests.RunTestInternalWithExecutors: Running tests for executor://xunit/VsTestRunner2/netcoreapp
TpTrace Information: 0 : 20016, 4, 2022/08/16, 12:08:22.355, 69760929436, testhost.dll, [xUnit.net 00:00:00.01] xUnit.net VSTest Adapter v2.4.3+1b45f5407b (64-bit .NET 6.0.8)
TpTrace Verbose: 0 : 20016, 4, 2022/08/16, 12:08:22.355, 69760933533, testhost.dll, TestRequestHandler.SendData:  sending data from testhost: {"Version":5,"MessageType":"TestSession.Message","Payload":{"MessageLevel":0,"Message":"[xUnit.net 00:00:00.01] xUnit.net VSTest Adapter v2.4.3+1b45f5407b (64-bit .NET 6.0.8)"}}
TpTrace Verbose: 0 : 20016, 10, 2022/08/16, 12:08:23.014, 69767517337, testhost.dll, TcpClientExtensions.MessageLoopAsync: Polling on remoteEndPoint: [::ffff:127.0.0.1]:58476 localEndPoint: [::ffff:127.0.0.1]:58477
TpTrace Information: 0 : 20016, 4, 2022/08/16, 12:08:23.510, 69772484011, testhost.dll, AssemblyResolver.OnResolve: System.Security.Cryptography.ProtectedData: Resolving assembly.
TpTrace Information: 0 : 20016, 4, 2022/08/16, 12:08:23.511, 69772486015, testhost.dll, AssemblyResolver.OnResolve: System.Security.Cryptography.ProtectedData: Searching in: 'C:\Users\maranf\Videos\Pragmatic-Test-Driven-Development-in-C-.NET-main\ch10\UqsAppointmentBooking\Uqs.AppointmentBooking.Domain.Tests.Unit\bin\Debug\net6.0\fine-code-coverage\build-output'.
TpTrace Information: 0 : 20016, 4, 2022/08/16, 12:08:23.512, 69772502486, testhost.dll, AssemblyResolver.OnResolve: System.Security.Cryptography.ProtectedData: Loading assembly 'C:\Users\maranf\Videos\Pragmatic-Test-Driven-Development-in-C-.NET-main\ch10\UqsAppointmentBooking\Uqs.AppointmentBooking.Domain.Tests.Unit\bin\Debug\net6.0\fine-code-coverage\build-output\System.Security.Cryptography.ProtectedData.dll'.
TpTrace Information: 0 : 20016, 4, 2022/08/16, 12:08:23.514, 69772521635, testhost.dll, AssemblyResolver.OnResolve: Resolved assembly: System.Security.Cryptography.ProtectedData, from path: C:\Users\maranf\Videos\Pragmatic-Test-Driven-Development-in-C-.NET-main\ch10\UqsAppointmentBooking\Uqs.AppointmentBooking.Domain.Tests.Unit\bin\Debug\net6.0\fine-code-coverage\build-output\System.Security.Cryptography.ProtectedData.dll
TpTrace Verbose: 0 : 20016, 10, 2022/08/16, 12:08:24.019, 69777572485, testhost.dll, TcpClientExtensions.MessageLoopAsync: Polling on remoteEndPoint: [::ffff:127.0.0.1]:58476 localEndPoint: [::ffff:127.0.0.1]:58477
TpTrace Information: 0 : 20016, 4, 2022/08/16, 12:08:24.523, 69782612020, testhost.dll, AssemblyResolver.OnResolve: Cosmos.CRTCompat: Resolving assembly.
TpTrace Information: 0 : 20016, 4, 2022/08/16, 12:08:24.524, 69782614383, testhost.dll, AssemblyResolver.OnResolve: Cosmos.CRTCompat: Searching in: 'C:\Users\maranf\Videos\Pragmatic-Test-Driven-Development-in-C-.NET-main\ch10\UqsAppointmentBooking\Uqs.AppointmentBooking.Domain.Tests.Unit\bin\Debug\net6.0\fine-code-coverage\build-output'.
TpTrace Information: 0 : 20016, 4, 2022/08/16, 12:08:24.568, 69783063728, testhost.dll, AssemblyResolver.OnResolve: Cosmos.CRTCompat: Failed to load assembly. Reason:System.BadImageFormatException: Could not load file or assembly 'C:\Users\maranf\Videos\Pragmatic-Test-Driven-Development-in-C-.NET-main\ch10\UqsAppointmentBooking\Uqs.AppointmentBooking.Domain.Tests.Unit\bin\Debug\net6.0\fine-code-coverage\build-output\Cosmos.CRTCompat.dll'. The module was expected to contain an assembly manifest.
File name: 'C:\Users\maranf\Videos\Pragmatic-Test-Driven-Development-in-C-.NET-main\ch10\UqsAppointmentBooking\Uqs.AppointmentBooking.Domain.Tests.Unit\bin\Debug\net6.0\fine-code-coverage\build-output\Cosmos.CRTCompat.dll'
   at System.Reflection.AssemblyName.nGetFileInformation(String s)
   at System.Reflection.AssemblyName.GetAssemblyName(String assemblyFile)
   at System.Runtime.Loader.AssemblyLoadContext.GetAssemblyName(String assemblyPath)
   at Microsoft.VisualStudio.TestPlatform.PlatformAbstractions.PlatformAssemblyLoadContext.GetAssemblyNameFromPath(String assemblyPath)
   at Microsoft.VisualStudio.TestPlatform.Common.Utilities.AssemblyResolver.OnResolve(Object sender, AssemblyResolveEventArgs args) 
TpTrace Information: 0 : 20016, 4, 2022/08/16, 12:08:24.569, 69783068947, testhost.dll, AssemblyResolver.OnResolve: Cosmos.CRTCompat: Assembly path does not exist: 'C:\Users\maranf\Videos\Pragmatic-Test-Driven-Development-in-C-.NET-main\ch10\UqsAppointmentBooking\Uqs.AppointmentBooking.Domain.Tests.Unit\bin\Debug\net6.0\fine-code-coverage\build-output\Cosmos.CRTCompat.exe', returning.
TpTrace Information: 0 : 20016, 4, 2022/08/16, 12:08:24.569, 69783070470, testhost.dll, AssemblyResolver.OnResolve: Cosmos.CRTCompat: Failed to load assembly.
TpTrace Information: 0 : 20016, 4, 2022/08/16, 12:08:24.575, 69783133339, testhost.dll, AssemblyResolver.OnResolve: Microsoft.Azure.Cosmos.ServiceInterop: Resolving assembly.
TpTrace Information: 0 : 20016, 4, 2022/08/16, 12:08:24.576, 69783137013, testhost.dll, AssemblyResolver.OnResolve: Microsoft.Azure.Cosmos.ServiceInterop: Searching in: 'C:\Users\maranf\Videos\Pragmatic-Test-Driven-Development-in-C-.NET-main\ch10\UqsAppointmentBooking\Uqs.AppointmentBooking.Domain.Tests.Unit\bin\Debug\net6.0\fine-code-coverage\build-output'.
TpTrace Information: 0 : 20016, 4, 2022/08/16, 12:08:24.579, 69783164633, testhost.dll, AssemblyResolver.OnResolve: Microsoft.Azure.Cosmos.ServiceInterop: Failed to load assembly. Reason:System.BadImageFormatException: Could not load file or assembly 'C:\Users\maranf\Videos\Pragmatic-Test-Driven-Development-in-C-.NET-main\ch10\UqsAppointmentBooking\Uqs.AppointmentBooking.Domain.Tests.Unit\bin\Debug\net6.0\fine-code-coverage\build-output\Microsoft.Azure.Cosmos.ServiceInterop.dll'. The module was expected to contain an assembly manifest.
File name: 'C:\Users\maranf\Videos\Pragmatic-Test-Driven-Development-in-C-.NET-main\ch10\UqsAppointmentBooking\Uqs.AppointmentBooking.Domain.Tests.Unit\bin\Debug\net6.0\fine-code-coverage\build-output\Microsoft.Azure.Cosmos.ServiceInterop.dll'
   at System.Reflection.AssemblyName.nGetFileInformation(String s)
   at System.Reflection.AssemblyName.GetAssemblyName(String assemblyFile)
   at System.Runtime.Loader.AssemblyLoadContext.GetAssemblyName(String assemblyPath)
   at Microsoft.VisualStudio.TestPlatform.PlatformAbstractions.PlatformAssemblyLoadContext.GetAssemblyNameFromPath(String assemblyPath)
   at Microsoft.VisualStudio.TestPlatform.Common.Utilities.AssemblyResolver.OnResolve(Object sender, AssemblyResolveEventArgs args) 
TpTrace Information: 0 : 20016, 4, 2022/08/16, 12:08:24.579, 69783168751, testhost.dll, AssemblyResolver.OnResolve: Microsoft.Azure.Cosmos.ServiceInterop: Assembly path does not exist: 'C:\Users\maranf\Videos\Pragmatic-Test-Driven-Development-in-C-.NET-main\ch10\UqsAppointmentBooking\Uqs.AppointmentBooking.Domain.Tests.Unit\bin\Debug\net6.0\fine-code-coverage\build-output\Microsoft.Azure.Cosmos.ServiceInterop.exe', returning.
TpTrace Information: 0 : 20016, 4, 2022/08/16, 12:08:24.579, 69783170402, testhost.dll, AssemblyResolver.OnResolve: Microsoft.Azure.Cosmos.ServiceInterop: Failed to load assembly.
TpTrace Information: 0 : 20016, 4, 2022/08/16, 12:08:24.586, 69783240630, testhost.dll, AssemblyResolver.OnResolve: xunit.runner.reporters.netcoreapp10: Resolving assembly.
TpTrace Information: 0 : 20016, 4, 2022/08/16, 12:08:24.586, 69783242721, testhost.dll, AssemblyResolver.OnResolve: xunit.runner.reporters.netcoreapp10: Searching in: 'C:\Users\maranf\Videos\Pragmatic-Test-Driven-Development-in-C-.NET-main\ch10\UqsAppointmentBooking\Uqs.AppointmentBooking.Domain.Tests.Unit\bin\Debug\net6.0\fine-code-coverage\build-output'.
TpTrace Information: 0 : 20016, 4, 2022/08/16, 12:08:24.602, 69783397932, testhost.dll, AssemblyResolver.OnResolve: xunit.runner.reporters.netcoreapp10: Loading assembly 'C:\Users\maranf\Videos\Pragmatic-Test-Driven-Development-in-C-.NET-main\ch10\UqsAppointmentBooking\Uqs.AppointmentBooking.Domain.Tests.Unit\bin\Debug\net6.0\fine-code-coverage\build-output\xunit.runner.reporters.netcoreapp10.dll'.
TpTrace Information: 0 : 20016, 4, 2022/08/16, 12:08:24.605, 69783424289, testhost.dll, AssemblyResolver.OnResolve: Resolved assembly: xunit.runner.reporters.netcoreapp10, from path: C:\Users\maranf\Videos\Pragmatic-Test-Driven-Development-in-C-.NET-main\ch10\UqsAppointmentBooking\Uqs.AppointmentBooking.Domain.Tests.Unit\bin\Debug\net6.0\fine-code-coverage\build-output\xunit.runner.reporters.netcoreapp10.dll
TpTrace Information: 0 : 20016, 4, 2022/08/16, 12:08:24.693, 69784306732, testhost.dll, AssemblyResolver.OnResolve: Cosmos.CRTCompat: Resolving assembly.
TpTrace Information: 0 : 20016, 4, 2022/08/16, 12:08:24.693, 69784309771, testhost.dll, AssemblyResolver.OnResolve: Cosmos.CRTCompat: Resolved from cache.
TpTrace Information: 0 : 20016, 4, 2022/08/16, 12:08:24.696, 69784334907, testhost.dll, AssemblyResolver.OnResolve: Microsoft.Azure.Cosmos.ServiceInterop: Resolving assembly.
TpTrace Information: 0 : 20016, 4, 2022/08/16, 12:08:24.696, 69784337071, testhost.dll, AssemblyResolver.OnResolve: Microsoft.Azure.Cosmos.ServiceInterop: Resolved from cache.
TpTrace Information: 0 : 20016, 4, 2022/08/16, 12:08:24.978, 69787163343, testhost.dll, [xUnit.net 00:00:02.64]   Discovering: Uqs.AppointmentBooking.Domain.Tests.Unit
TpTrace Verbose: 0 : 20016, 4, 2022/08/16, 12:08:24.979, 69787169623, testhost.dll, TestRequestHandler.SendData:  sending data from testhost: {"Version":5,"MessageType":"TestSession.Message","Payload":{"MessageLevel":0,"Message":"[xUnit.net 00:00:02.64]   Discovering: Uqs.AppointmentBooking.Domain.Tests.Unit"}}
TpTrace Verbose: 0 : 20016, 10, 2022/08/16, 12:08:25.023, 69787609178, testhost.dll, TcpClientExtensions.MessageLoopAsync: Polling on remoteEndPoint: [::ffff:127.0.0.1]:58476 localEndPoint: [::ffff:127.0.0.1]:58477
TpTrace Information: 0 : 20016, 4, 2022/08/16, 12:08:25.482, 69792201808, testhost.dll, [xUnit.net 00:00:03.14]   Discovered:  Uqs.AppointmentBooking.Domain.Tests.Unit
TpTrace Verbose: 0 : 20016, 4, 2022/08/16, 12:08:25.483, 69792205111, testhost.dll, TestRequestHandler.SendData:  sending data from testhost: {"Version":5,"MessageType":"TestSession.Message","Payload":{"MessageLevel":0,"Message":"[xUnit.net 00:00:03.14]   Discovered:  Uqs.AppointmentBooking.Domain.Tests.Unit"}}
TpTrace Information: 0 : 20016, 4, 2022/08/16, 12:08:25.490, 69792281077, testhost.dll, [xUnit.net 00:00:03.15]   Starting:    Uqs.AppointmentBooking.Domain.Tests.Unit
TpTrace Verbose: 0 : 20016, 4, 2022/08/16, 12:08:25.491, 69792284869, testhost.dll, TestRequestHandler.SendData:  sending data from testhost: {"Version":5,"MessageType":"TestSession.Message","Payload":{"MessageLevel":0,"Message":"[xUnit.net 00:00:03.15]   Starting:    Uqs.AppointmentBooking.Domain.Tests.Unit"}}
TpTrace Verbose: 0 : 20016, 18, 2022/08/16, 12:08:25.653, 69793913893, testhost.dll, TestExecutionRecorder.RecordStart: Starting test: Uqs.AppointmentBooking.Domain.Tests.Unit.SlotsServiceTests.GetAvailableSlotsForEmployee_OneShiftWithVaryingAppointments_VaryingSlots.
TpTrace Information: 0 : 20016, 18, 2022/08/16, 12:08:25.657, 69793947322, testhost.dll, Sending test run statistics
TpTrace Verbose: 0 : 20016, 18, 2022/08/16, 12:08:25.707, 69794448080, testhost.dll, TestRequestHandler.SendData:  sending data from testhost: {"Version":5,"MessageType":"TestExecution.StatsChange","Payload":{"NewTestResults":[],"TestRunStatistics":{"ExecutedTests":0,"Stats":{}},"ActiveTests":[{"Id":"3a9a2685-dea4-c846-ce27-3faa64ce02b9","FullyQualifiedName":"Uqs.AppointmentBooking.Domain.Tests.Unit.SlotsServiceTests.GetAvailableSlotsForEmployee_OneShiftWithVaryingAppointments_VaryingSlots","DisplayName":"Uqs.AppointmentBooking.Domain.Tests.Unit.SlotsServiceTests.GetAvailableSlotsForEmployee_OneShiftWithVaryingAppointments_VaryingSlots(appointmentStartStr: \"2022-10-03 09:30:00\", appointmentEndStr: \"2022-10-03 11:10:00\", totalSlots: 0, expectedTimes: [])","ExecutorUri":"executor://xunit/VsTestRunner2/netcoreapp","Source":"C:\\Users\\maranf\\Videos\\Pragmatic-Test-Driven-Development-in-C-.NET-main\\ch10\\UqsAppointmentBooking\\Uqs.AppointmentBooking.Domain.Tests.Unit\\bin\\Debug\\net6.0\\fine-code-coverage\\build-output\\Uqs.AppointmentBooking.Domain.Tests.Unit.dll","CodeFilePath":null,"LineNumber":0,"Properties":[]}]}}
TpTrace Verbose: 0 : 20016, 18, 2022/08/16, 12:08:25.707, 69794454061, testhost.dll, TestRunCache: OnNewTestResult: Notified the onCacheHit callback.
TpTrace Verbose: 0 : 20016, 18, 2022/08/16, 12:08:25.762, 69794999570, testhost.dll, TestExecutionRecorder.RecordStart: Starting test: Uqs.AppointmentBooking.Domain.Tests.Unit.ServicesServiceTests.GetActiveServices_NoServiceInTheSystem_NoServices.
TpTrace Verbose: 0 : 20016, 18, 2022/08/16, 12:08:25.992, 69797296412, testhost.dll, TestExecutionRecorder.RecordResult: Received result for test: Uqs.AppointmentBooking.Domain.Tests.Unit.ServicesServiceTests.GetActiveServices_NoServiceInTheSystem_NoServices.
TpTrace Verbose: 0 : 20016, 10, 2022/08/16, 12:08:26.034, 69797722188, testhost.dll, TcpClientExtensions.MessageLoopAsync: Polling on remoteEndPoint: [::ffff:127.0.0.1]:58476 localEndPoint: [::ffff:127.0.0.1]:58477
TpTrace Verbose: 0 : 20016, 18, 2022/08/16, 12:08:26.049, 69797873979, testhost.dll, TestExecutionRecorder.RecordEnd: test: Uqs.AppointmentBooking.Domain.Tests.Unit.ServicesServiceTests.GetActiveServices_NoServiceInTheSystem_NoServices execution completed.
TpTrace Warning: 0 : 20016, 18, 2022/08/16, 12:08:26.050, 69797877168, testhost.dll, TestRunCache: InProgressTests is null
TpTrace Verbose: 0 : 20016, 18, 2022/08/16, 12:08:26.050, 69797879047, testhost.dll, TestExecutionRecorder.RecordStart: Starting test: Uqs.AppointmentBooking.Domain.Tests.Unit.ServicesServiceTests.GetActiveServices_TwoActiveServices_TwoServices.
TpTrace Verbose: 0 : 20016, 18, 2022/08/16, 12:08:26.052, 69797899379, testhost.dll, TestExecutionRecorder.RecordResult: Received result for test: Uqs.AppointmentBooking.Domain.Tests.Unit.ServicesServiceTests.GetActiveServices_TwoActiveServices_TwoServices.
TpTrace Verbose: 0 : 20016, 18, 2022/08/16, 12:08:26.054, 69797919041, testhost.dll, TestExecutionRecorder.RecordEnd: test: Uqs.AppointmentBooking.Domain.Tests.Unit.ServicesServiceTests.GetActiveServices_TwoActiveServices_TwoServices execution completed.
TpTrace Warning: 0 : 20016, 18, 2022/08/16, 12:08:26.054, 69797920628, testhost.dll, TestRunCache: InProgressTests is null
TpTrace Verbose: 0 : 20016, 18, 2022/08/16, 12:08:26.054, 69797922769, testhost.dll, TestExecutionRecorder.RecordResult: Received result for test: Uqs.AppointmentBooking.Domain.Tests.Unit.SlotsServiceTests.GetAvailableSlotsForEmployee_OneShiftWithVaryingAppointments_VaryingSlots.
TpTrace Warning: 0 : 20016, 18, 2022/08/16, 12:08:26.056, 69797942460, testhost.dll, TestRunCache: InProgressTests is null
TpTrace Warning: 0 : 20016, 18, 2022/08/16, 12:08:26.057, 69797946348, testhost.dll, TestRunCache: No test found corresponding to testResult 'Uqs.AppointmentBooking.Domain.Tests.Unit.SlotsServiceTests.GetAvailableSlotsForEmployee_OneShiftWithVaryingAppointments_VaryingSlots(appointmentStartStr: "2022-10-03 09:30:00", appointmentEndStr: "2022-10-03 11:10:00", totalSlots: 0, expectedTimes: [])' in inProgress list.
TpTrace Verbose: 0 : 20016, 18, 2022/08/16, 12:08:26.057, 69797948015, testhost.dll, TestExecutionRecorder.RecordEnd: test: Uqs.AppointmentBooking.Domain.Tests.Unit.SlotsServiceTests.GetAvailableSlotsForEmployee_OneShiftWithVaryingAppointments_VaryingSlots execution completed.
TpTrace Warning: 0 : 20016, 18, 2022/08/16, 12:08:26.057, 69797948990, testhost.dll, TestRunCache: InProgressTests is null
TpTrace Verbose: 0 : 20016, 18, 2022/08/16, 12:08:26.057, 69797950166, testhost.dll, TestExecutionRecorder.RecordStart: Starting test: Uqs.AppointmentBooking.Domain.Tests.Unit.SlotsServiceTests.GetAvailableSlotsForEmployee_OneShiftWithVaryingAppointments_VaryingSlots.
TpTrace Verbose: 0 : 20016, 18, 2022/08/16, 12:08:26.059, 69797969196, testhost.dll, TestExecutionRecorder.RecordResult: Received result for test: Uqs.AppointmentBooking.Domain.Tests.Unit.SlotsServiceTests.GetAvailableSlotsForEmployee_OneShiftWithVaryingAppointments_VaryingSlots.
TpTrace Verbose: 0 : 20016, 18, 2022/08/16, 12:08:26.061, 69797988389, testhost.dll, TestExecutionRecorder.RecordEnd: test: Uqs.AppointmentBooking.Domain.Tests.Unit.SlotsServiceTests.GetAvailableSlotsForEmployee_OneShiftWithVaryingAppointments_VaryingSlots execution completed.
TpTrace Warning: 0 : 20016, 18, 2022/08/16, 12:08:26.061, 69797989770, testhost.dll, TestRunCache: InProgressTests is null
TpTrace Verbose: 0 : 20016, 18, 2022/08/16, 12:08:26.061, 69797991253, testhost.dll, TestExecutionRecorder.RecordStart: Starting test: Uqs.AppointmentBooking.Domain.Tests.Unit.SlotsServiceTests.GetAvailableSlotsForEmployee_OneShiftWithVaryingAppointments_VaryingSlots.
TpTrace Verbose: 0 : 20016, 18, 2022/08/16, 12:08:26.063, 69798006189, testhost.dll, TestExecutionRecorder.RecordResult: Received result for test: Uqs.AppointmentBooking.Domain.Tests.Unit.SlotsServiceTests.GetAvailableSlotsForEmployee_OneShiftWithVaryingAppointments_VaryingSlots.
TpTrace Verbose: 0 : 20016, 18, 2022/08/16, 12:08:26.064, 69798022180, testhost.dll, TestExecutionRecorder.RecordEnd: test: Uqs.AppointmentBooking.Domain.Tests.Unit.SlotsServiceTests.GetAvailableSlotsForEmployee_OneShiftWithVaryingAppointments_VaryingSlots execution completed.
TpTrace Warning: 0 : 20016, 18, 2022/08/16, 12:08:26.064, 69798023219, testhost.dll, TestRunCache: InProgressTests is null
TpTrace Verbose: 0 : 20016, 18, 2022/08/16, 12:08:26.064, 69798023928, testhost.dll, TestExecutionRecorder.RecordStart: Starting test: Uqs.AppointmentBooking.Domain.Tests.Unit.SlotsServiceTests.GetAvailableSlotsForEmployee_OneShiftWithVaryingAppointments_VaryingSlots.
TpTrace Verbose: 0 : 20016, 18, 2022/08/16, 12:08:26.066, 69798039492, testhost.dll, TestExecutionRecorder.RecordResult: Received result for test: Uqs.AppointmentBooking.Domain.Tests.Unit.SlotsServiceTests.GetAvailableSlotsForEmployee_OneShiftWithVaryingAppointments_VaryingSlots.
TpTrace Verbose: 0 : 20016, 18, 2022/08/16, 12:08:26.068, 69798057777, testhost.dll, TestExecutionRecorder.RecordEnd: test: Uqs.AppointmentBooking.Domain.Tests.Unit.SlotsServiceTests.GetAvailableSlotsForEmployee_OneShiftWithVaryingAppointments_VaryingSlots execution completed.
TpTrace Warning: 0 : 20016, 18, 2022/08/16, 12:08:26.068, 69798059157, testhost.dll, TestRunCache: InProgressTests is null
TpTrace Verbose: 0 : 20016, 18, 2022/08/16, 12:08:26.068, 69798060293, testhost.dll, TestExecutionRecorder.RecordStart: Starting test: Uqs.AppointmentBooking.Domain.Tests.Unit.SlotsServiceTests.GetAvailableSlotsForEmployee_OneShiftWithVaryingAppointments_VaryingSlots.
TpTrace Verbose: 0 : 20016, 18, 2022/08/16, 12:08:26.070, 69798077149, testhost.dll, TestExecutionRecorder.RecordResult: Received result for test: Uqs.AppointmentBooking.Domain.Tests.Unit.SlotsServiceTests.GetAvailableSlotsForEmployee_OneShiftWithVaryingAppointments_VaryingSlots.
TpTrace Verbose: 0 : 20016, 18, 2022/08/16, 12:08:26.072, 69798095348, testhost.dll, TestExecutionRecorder.RecordEnd: test: Uqs.AppointmentBooking.Domain.Tests.Unit.SlotsServiceTests.GetAvailableSlotsForEmployee_OneShiftWithVaryingAppointments_VaryingSlots execution completed.
TpTrace Warning: 0 : 20016, 18, 2022/08/16, 12:08:26.072, 69798097893, testhost.dll, TestRunCache: InProgressTests is null
TpTrace Verbose: 0 : 20016, 18, 2022/08/16, 12:08:26.072, 69798099504, testhost.dll, TestExecutionRecorder.RecordStart: Starting test: Uqs.AppointmentBooking.Domain.Tests.Unit.SlotsServiceTests.GetAvailableSlotsForEmployee_OneShiftWithVaryingAppointments_VaryingSlots.
TpTrace Verbose: 0 : 20016, 18, 2022/08/16, 12:08:26.074, 69798118401, testhost.dll, TestExecutionRecorder.RecordResult: Received result for test: Uqs.AppointmentBooking.Domain.Tests.Unit.SlotsServiceTests.GetAvailableSlotsForEmployee_OneShiftWithVaryingAppointments_VaryingSlots.
TpTrace Verbose: 0 : 20016, 18, 2022/08/16, 12:08:26.076, 69798136604, testhost.dll, TestExecutionRecorder.RecordEnd: test: Uqs.AppointmentBooking.Domain.Tests.Unit.SlotsServiceTests.GetAvailableSlotsForEmployee_OneShiftWithVaryingAppointments_VaryingSlots execution completed.
TpTrace Warning: 0 : 20016, 18, 2022/08/16, 12:08:26.076, 69798138048, testhost.dll, TestRunCache: InProgressTests is null
TpTrace Verbose: 0 : 20016, 18, 2022/08/16, 12:08:26.076, 69798139148, testhost.dll, TestExecutionRecorder.RecordStart: Starting test: Uqs.AppointmentBooking.Domain.Tests.Unit.SlotsServiceTests.GetAvailableSlotsForEmployee_OneShiftWithVaryingAppointments_VaryingSlots.
TpTrace Verbose: 0 : 20016, 18, 2022/08/16, 12:08:26.078, 69798155724, testhost.dll, TestExecutionRecorder.RecordResult: Received result for test: Uqs.AppointmentBooking.Domain.Tests.Unit.SlotsServiceTests.GetAvailableSlotsForEmployee_OneShiftWithVaryingAppointments_VaryingSlots.
TpTrace Verbose: 0 : 20016, 18, 2022/08/16, 12:08:26.079, 69798172851, testhost.dll, TestExecutionRecorder.RecordEnd: test: Uqs.AppointmentBooking.Domain.Tests.Unit.SlotsServiceTests.GetAvailableSlotsForEmployee_OneShiftWithVaryingAppointments_VaryingSlots execution completed.
TpTrace Warning: 0 : 20016, 18, 2022/08/16, 12:08:26.080, 69798174231, testhost.dll, TestRunCache: InProgressTests is null
TpTrace Verbose: 0 : 20016, 18, 2022/08/16, 12:08:26.080, 69798175496, testhost.dll, TestExecutionRecorder.RecordStart: Starting test: Uqs.AppointmentBooking.Domain.Tests.Unit.SlotsServiceTests.GetAvailableSlotsForEmployee_OneShiftAndNoExistingAppointments_VaryingSlots.
TpTrace Information: 0 : 20016, 18, 2022/08/16, 12:08:26.082, 69798195132, testhost.dll, Sending test run statistics
TpTrace Verbose: 0 : 20016, 18, 2022/08/16, 12:08:26.099, 69798368256, testhost.dll, TestRequestHandler.SendData:  sending data from testhost: {"Version":5,"MessageType":"TestExecution.StatsChange","Payload":{"NewTestResults":[{"TestCase":{"Id":"f0a68f1a-2c34-e382-c53c-acba693fe9f4","FullyQualifiedName":"Uqs.AppointmentBooking.Domain.Tests.Unit.ServicesServiceTests.GetActiveServices_NoServiceInTheSystem_NoServices","DisplayName":"Uqs.AppointmentBooking.Domain.Tests.Unit.ServicesServiceTests.GetActiveServices_NoServiceInTheSystem_NoServices","ExecutorUri":"executor://xunit/VsTestRunner2/netcoreapp","Source":"C:\\Users\\maranf\\Videos\\Pragmatic-Test-Driven-Development-in-C-.NET-main\\ch10\\UqsAppointmentBooking\\Uqs.AppointmentBooking.Domain.Tests.Unit\\bin\\Debug\\net6.0\\fine-code-coverage\\build-output\\Uqs.AppointmentBooking.Domain.Tests.Unit.dll","CodeFilePath":null,"LineNumber":0,"Properties":[]},"Attachments":[],"Outcome":1,"ErrorMessage":null,"ErrorStackTrace":null,"DisplayName":"Uqs.AppointmentBooking.Domain.Tests.Unit.ServicesServiceTests.GetActiveServices_NoServiceInTheSystem_NoServices","Messages":[],"ComputerName":"PPMUMLAP0134","Duration":"00:00:00.2851451","StartTime":"2022-08-16T06:38:25.9914477+00:00","EndTime":"2022-08-16T06:38:25.9915+00:00","Properties":[]},{"TestCase":{"Id":"3d8f3636-041a-05a7-f733-0f4b79e11c0f","FullyQualifiedName":"Uqs.AppointmentBooking.Domain.Tests.Unit.ServicesServiceTests.GetActiveServices_TwoActiveServices_TwoServices","DisplayName":"Uqs.AppointmentBooking.Domain.Tests.Unit.ServicesServiceTests.GetActiveServices_TwoActiveServices_TwoServices","ExecutorUri":"executor://xunit/VsTestRunner2/netcoreapp","Source":"C:\\Users\\maranf\\Videos\\Pragmatic-Test-Driven-Development-in-C-.NET-main\\ch10\\UqsAppointmentBooking\\Uqs.AppointmentBooking.Domain.Tests.Unit\\bin\\Debug\\net6.0\\fine-code-coverage\\build-output\\Uqs.AppointmentBooking.Domain.Tests.Unit.dll","CodeFilePath":null,"LineNumber":0,"Properties":[]},"Attachments":[],"Outcome":1,"ErrorMessage":null,"ErrorStackTrace":null,"DisplayName":"Uqs.AppointmentBooking.Domain.Tests.Unit.ServicesServiceTests.GetActiveServices_TwoActiveServices_TwoServices","Messages":[],"ComputerName":"PPMUMLAP0134","Duration":"00:00:00.0087309","StartTime":"2022-08-16T06:38:26.0524842+00:00","EndTime":"2022-08-16T06:38:26.0524845+00:00","Properties":[]},{"TestCase":{"Id":"3a9a2685-dea4-c846-ce27-3faa64ce02b9","FullyQualifiedName":"Uqs.AppointmentBooking.Domain.Tests.Unit.SlotsServiceTests.GetAvailableSlotsForEmployee_OneShiftWithVaryingAppointments_VaryingSlots","DisplayName":"Uqs.AppointmentBooking.Domain.Tests.Unit.SlotsServiceTests.GetAvailableSlotsForEmployee_OneShiftWithVaryingAppointments_VaryingSlots(appointmentStartStr: \"2022-10-03 09:30:00\", appointmentEndStr: \"2022-10-03 11:10:00\", totalSlots: 0, expectedTimes: [])","ExecutorUri":"executor://xunit/VsTestRunner2/netcoreapp","Source":"C:\\Users\\maranf\\Videos\\Pragmatic-Test-Driven-Development-in-C-.NET-main\\ch10\\UqsAppointmentBooking\\Uqs.AppointmentBooking.Domain.Tests.Unit\\bin\\Debug\\net6.0\\fine-code-coverage\\build-output\\Uqs.AppointmentBooking.Domain.Tests.Unit.dll","CodeFilePath":null,"LineNumber":0,"Properties":[]},"Attachments":[],"Outcome":1,"ErrorMessage":null,"ErrorStackTrace":null,"DisplayName":"Uqs.AppointmentBooking.Domain.Tests.Unit.SlotsServiceTests.GetAvailableSlotsForEmployee_OneShiftWithVaryingAppointments_VaryingSlots(appointmentStartStr: \"2022-10-03 09:30:00\", appointmentEndStr: \"2022-10-03 11:10:00\", totalSlots: 0, expectedTimes: [])","Messages":[],"ComputerName":"PPMUMLAP0134","Duration":"00:00:00.3498405","StartTime":"2022-08-16T06:38:26.0548431+00:00","EndTime":"2022-08-16T06:38:26.0548433+00:00","Properties":[]},{"TestCase":{"Id":"5d66f0ee-5b08-21f1-3359-7b46b244398d","FullyQualifiedName":"Uqs.AppointmentBooking.Domain.Tests.Unit.SlotsServiceTests.GetAvailableSlotsForEmployee_OneShiftWithVaryingAppointments_VaryingSlots","DisplayName":"Uqs.AppointmentBooking.Domain.Tests.Unit.SlotsServiceTests.GetAvailableSlotsForEmployee_OneShiftWithVaryingAppointments_VaryingSlots(appointmentStartStr: \"2022-10-03 09:00:00\", appointmentEndStr: \"2022-10-03 11:10:00\", totalSlots: 0, expectedTimes: [])","ExecutorUri":"executor://xunit/VsTestRunner2/netcoreapp","Source":"C:\\Users\\maranf\\Videos\\Pragmatic-Test-Driven-Development-in-C-.NET-main\\ch10\\UqsAppointmentBooking\\Uqs.AppointmentBooking.Domain.Tests.Unit\\bin\\Debug\\net6.0\\fine-code-coverage\\build-output\\Uqs.AppointmentBooking.Domain.Tests.Unit.dll","CodeFilePath":null,"LineNumber":0,"Properties":[]},"Attachments":[],"Outcome":1,"ErrorMessage":null,"ErrorStackTrace":null,"DisplayName":"Uqs.AppointmentBooking.Domain.Tests.Unit.SlotsServiceTests.GetAvailableSlotsForEmployee_OneShiftWithVaryingAppointments_VaryingSlots(appointmentStartStr: \"2022-10-03 09:00:00\", appointmentEndStr: \"2022-10-03 11:10:00\", totalSlots: 0, expectedTimes: [])","Messages":[],"ComputerName":"PPMUMLAP0134","Duration":"00:00:00.0008437","StartTime":"2022-08-16T06:38:26.0594734+00:00","EndTime":"2022-08-16T06:38:26.0594741+00:00","Properties":[]},{"TestCase":{"Id":"16f59089-6aeb-b605-15d8-6d69758ce68c","FullyQualifiedName":"Uqs.AppointmentBooking.Domain.Tests.Unit.SlotsServiceTests.GetAvailableSlotsForEmployee_OneShiftWithVaryingAppointments_VaryingSlots","DisplayName":"Uqs.AppointmentBooking.Domain.Tests.Unit.SlotsServiceTests.GetAvailableSlotsForEmployee_OneShiftWithVaryingAppointments_VaryingSlots(appointmentStartStr: \"2022-10-03 09:40:00\", appointmentEndStr: \"2022-10-03 11:10:00\", totalSlots: 2, expectedTimes: [\"2022-10-03 09:00:00\", \"2022-10-03 09:05:00\"])","ExecutorUri":"executor://xunit/VsTestRunner2/netcoreapp","Source":"C:\\Users\\maranf\\Videos\\Pragmatic-Test-Driven-Development-in-C-.NET-main\\ch10\\UqsAppointmentBooking\\Uqs.AppointmentBooking.Domain.Tests.Unit\\bin\\Debug\\net6.0\\fine-code-coverage\\build-output\\Uqs.AppointmentBooking.Domain.Tests.Unit.dll","CodeFilePath":null,"LineNumber":0,"Properties":[]},"Attachments":[],"Outcome":1,"ErrorMessage":null,"ErrorStackTrace":null,"DisplayName":"Uqs.AppointmentBooking.Domain.Tests.Unit.SlotsServiceTests.GetAvailableSlotsForEmployee_OneShiftWithVaryingAppointments_VaryingSlots(appointmentStartStr: \"2022-10-03 09:40:00\", appointmentEndStr: \"2022-10-03 11:10:00\", totalSlots: 2, expectedTimes: [\"2022-10-03 09:00:00\", \"2022-10-03 09:05:00\"])","Messages":[],"ComputerName":"PPMUMLAP0134","Duration":"00:00:00.0291680","StartTime":"2022-08-16T06:38:26.0631773+00:00","EndTime":"2022-08-16T06:38:26.0631778+00:00","Properties":[]},{"TestCase":{"Id":"898846e8-6101-86fc-cf52-835354109794","FullyQualifiedName":"Uqs.AppointmentBooking.Domain.Tests.Unit.SlotsServiceTests.GetAvailableSlotsForEmployee_OneShiftWithVaryingAppointments_VaryingSlots","DisplayName":"Uqs.AppointmentBooking.Domain.Tests.Unit.SlotsServiceTests.GetAvailableSlotsForEmployee_OneShiftWithVaryingAppointments_VaryingSlots(appointmentStartStr: \"2022-10-03 09:00:00\", appointmentEndStr: \"2022-10-03 10:30:00\", totalSlots: 2, expectedTimes: [\"2022-10-03 10:35:00\", \"2022-10-03 10:40:00\"])","ExecutorUri":"executor://xunit/VsTestRunner2/netcoreapp","Source":"C:\\Users\\maranf\\Videos\\Pragmatic-Test-Driven-Development-in-C-.NET-main\\ch10\\UqsAppointmentBooking\\Uqs.AppointmentBooking.Domain.Tests.Unit\\bin\\Debug\\net6.0\\fine-code-coverage\\build-output\\Uqs.AppointmentBooking.Domain.Tests.Unit.dll","CodeFilePath":null,"LineNumber":0,"Properties":[]},"Attachments":[],"Outcome":1,"ErrorMessage":null,"ErrorStackTrace":null,"DisplayName":"Uqs.AppointmentBooking.Domain.Tests.Unit.SlotsServiceTests.GetAvailableSlotsForEmployee_OneShiftWithVaryingAppointments_VaryingSlots(appointmentStartStr: \"2022-10-03 09:00:00\", appointmentEndStr: \"2022-10-03 10:30:00\", totalSlots: 2, expectedTimes: [\"2022-10-03 10:35:00\", \"2022-10-03 10:40:00\"])","Messages":[],"ComputerName":"PPMUMLAP0134","Duration":"00:00:00.0019003","StartTime":"2022-08-16T06:38:26.0665035+00:00","EndTime":"2022-08-16T06:38:26.066504+00:00","Properties":[]},{"TestCase":{"Id":"37ccd230-87a0-f9eb-f0df-fa8adccf66ab","FullyQualifiedName":"Uqs.AppointmentBooking.Domain.Tests.Unit.SlotsServiceTests.GetAvailableSlotsForEmployee_OneShiftWithVaryingAppointments_VaryingSlots","DisplayName":"Uqs.AppointmentBooking.Domain.Tests.Unit.SlotsServiceTests.GetAvailableSlotsForEmployee_OneShiftWithVaryingAppointments_VaryingSlots(appointmentStartStr: \"2022-10-03 09:35:00\", appointmentEndStr: \"2022-10-03 10:30:00\", totalSlots: 3, expectedTimes: [\"2022-10-03 09:00:00\", \"2022-10-03 10:35:00\", \"2022-10-03 10:40:00\"])","ExecutorUri":"executor://xunit/VsTestRunner2/netcoreapp","Source":"C:\\Users\\maranf\\Videos\\Pragmatic-Test-Driven-Development-in-C-.NET-main\\ch10\\UqsAppointmentBooking\\Uqs.AppointmentBooking.Domain.Tests.Unit\\bin\\Debug\\net6.0\\fine-code-coverage\\build-output\\Uqs.AppointmentBooking.Domain.Tests.Unit.dll","CodeFilePath":null,"LineNumber":0,"Properties":[]},"Attachments":[],"Outcome":1,"ErrorMessage":null,"ErrorStackTrace":null,"DisplayName":"Uqs.AppointmentBooking.Domain.Tests.Unit.SlotsServiceTests.GetAvailableSlotsForEmployee_OneShiftWithVaryingAppointments_VaryingSlots(appointmentStartStr: \"2022-10-03 09:35:00\", appointmentEndStr: \"2022-10-03 10:30:00\", totalSlots: 3, expectedTimes: [\"2022-10-03 09:00:00\", \"2022-10-03 10:35:00\", \"2022-10-03 10:40:00\"])","Messages":[],"ComputerName":"PPMUMLAP0134","Duration":"00:00:00.0006088","StartTime":"2022-08-16T06:38:26.0702806+00:00","EndTime":"2022-08-16T06:38:26.0702809+00:00","Properties":[]},{"TestCase":{"Id":"7c990b6f-2b98-8485-3fc4-ff27261ec567","FullyQualifiedName":"Uqs.AppointmentBooking.Domain.Tests.Unit.SlotsServiceTests.GetAvailableSlotsForEmployee_OneShiftWithVaryingAppointments_VaryingSlots","DisplayName":"Uqs.AppointmentBooking.Domain.Tests.Unit.SlotsServiceTests.GetAvailableSlotsForEmployee_OneShiftWithVaryingAppointments_VaryingSlots(appointmentStartStr: \"2022-10-03 09:00:00\", appointmentEndStr: \"2022-10-03 10:45:00\", totalSlots: 0, expectedTimes: [])","ExecutorUri":"executor://xunit/VsTestRunner2/netcoreapp","Source":"C:\\Users\\maranf\\Videos\\Pragmatic-Test-Driven-Development-in-C-.NET-main\\ch10\\UqsAppointmentBooking\\Uqs.AppointmentBooking.Domain.Tests.Unit\\bin\\Debug\\net6.0\\fine-code-coverage\\build-output\\Uqs.AppointmentBooking.Domain.Tests.Unit.dll","CodeFilePath":null,"LineNumber":0,"Properties":[]},"Attachments":[],"Outcome":1,"ErrorMessage":null,"ErrorStackTrace":null,"DisplayName":"Uqs.AppointmentBooking.Domain.Tests.Unit.SlotsServiceTests.GetAvailableSlotsForEmployee_OneShiftWithVaryingAppointments_VaryingSlots(appointmentStartStr: \"2022-10-03 09:00:00\", appointmentEndStr: \"2022-10-03 10:45:00\", totalSlots: 0, expectedTimes: [])","Messages":[],"ComputerName":"PPMUMLAP0134","Duration":"00:00:00.0004480","StartTime":"2022-08-16T06:38:26.0744048+00:00","EndTime":"2022-08-16T06:38:26.0744057+00:00","Properties":[]},{"TestCase":{"Id":"2f03aa05-3f3f-5111-c2cf-6b3811f81292","FullyQualifiedName":"Uqs.AppointmentBooking.Domain.Tests.Unit.SlotsServiceTests.GetAvailableSlotsForEmployee_OneShiftWithVaryingAppointments_VaryingSlots","DisplayName":"Uqs.AppointmentBooking.Domain.Tests.Unit.SlotsServiceTests.GetAvailableSlotsForEmployee_OneShiftWithVaryingAppointments_VaryingSlots(appointmentStartStr: \"2022-10-03 09:35:00\", appointmentEndStr: \"2022-10-03 11:10:00\", totalSlots: 1, expectedTimes: [\"2022-10-03 09:00:00\"])","ExecutorUri":"executor://xunit/VsTestRunner2/netcoreapp","Source":"C:\\Users\\maranf\\Videos\\Pragmatic-Test-Driven-Development-in-C-.NET-main\\ch10\\UqsAppointmentBooking\\Uqs.AppointmentBooking.Domain.Tests.Unit\\bin\\Debug\\net6.0\\fine-code-coverage\\build-output\\Uqs.AppointmentBooking.Domain.Tests.Unit.dll","CodeFilePath":null,"LineNumber":0,"Properties":[]},"Attachments":[],"Outcome":1,"ErrorMessage":null,"ErrorStackTrace":null,"DisplayName":"Uqs.AppointmentBooking.Domain.Tests.Unit.SlotsServiceTests.GetAvailableSlotsForEmployee_OneShiftWithVaryingAppointments_VaryingSlots(appointmentStartStr: \"2022-10-03 09:35:00\", appointmentEndStr: \"2022-10-03 11:10:00\", totalSlots: 1, expectedTimes: [\"2022-10-03 09:00:00\"])","Messages":[],"ComputerName":"PPMUMLAP0134","Duration":"00:00:00.0003005","StartTime":"2022-08-16T06:38:26.0781298+00:00","EndTime":"2022-08-16T06:38:26.0781302+00:00","Properties":[]}],"TestRunStatistics":{"ExecutedTests":9,"Stats":{"Passed":9}},"ActiveTests":[{"Id":"9c448736-9c10-ff23-bc7e-748e4f3ef68f","FullyQualifiedName":"Uqs.AppointmentBooking.Domain.Tests.Unit.SlotsServiceTests.GetAvailableSlotsForEmployee_OneShiftAndNoExistingAppointments_VaryingSlots","DisplayName":"Uqs.AppointmentBooking.Domain.Tests.Unit.SlotsServiceTests.GetAvailableSlotsForEmployee_OneShiftAndNoExistingAppointments_VaryingSlots(serviceDuration: 35, totalSlots: 2, expectedTimes: [\"2022-10-03 09:00:00\", \"2022-10-03 09:05:00\"])","ExecutorUri":"executor://xunit/VsTestRunner2/netcoreapp","Source":"C:\\Users\\maranf\\Videos\\Pragmatic-Test-Driven-Development-in-C-.NET-main\\ch10\\UqsAppointmentBooking\\Uqs.AppointmentBooking.Domain.Tests.Unit\\bin\\Debug\\net6.0\\fine-code-coverage\\build-output\\Uqs.AppointmentBooking.Domain.Tests.Unit.dll","CodeFilePath":null,"LineNumber":0,"Properties":[]}]}}
TpTrace Verbose: 0 : 20016, 18, 2022/08/16, 12:08:26.099, 69798372292, testhost.dll, TestRunCache: OnNewTestResult: Notified the onCacheHit callback.
TpTrace Verbose: 0 : 20016, 18, 2022/08/16, 12:08:26.101, 69798388080, testhost.dll, TestExecutionRecorder.RecordResult: Received result for test: Uqs.AppointmentBooking.Domain.Tests.Unit.SlotsServiceTests.GetAvailableSlotsForEmployee_OneShiftAndNoExistingAppointments_VaryingSlots.
TpTrace Warning: 0 : 20016, 18, 2022/08/16, 12:08:26.103, 69798405530, testhost.dll, TestRunCache: InProgressTests is null
TpTrace Warning: 0 : 20016, 18, 2022/08/16, 12:08:26.103, 69798406741, testhost.dll, TestRunCache: No test found corresponding to testResult 'Uqs.AppointmentBooking.Domain.Tests.Unit.SlotsServiceTests.GetAvailableSlotsForEmployee_OneShiftAndNoExistingAppointments_VaryingSlots(serviceDuration: 35, totalSlots: 2, expectedTimes: ["2022-10-03 09:00:00", "2022-10-03 09:05:00"])' in inProgress list.
TpTrace Verbose: 0 : 20016, 18, 2022/08/16, 12:08:26.103, 69798407802, testhost.dll, TestExecutionRecorder.RecordEnd: test: Uqs.AppointmentBooking.Domain.Tests.Unit.SlotsServiceTests.GetAvailableSlotsForEmployee_OneShiftAndNoExistingAppointments_VaryingSlots execution completed.
TpTrace Warning: 0 : 20016, 18, 2022/08/16, 12:08:26.103, 69798408397, testhost.dll, TestRunCache: InProgressTests is null
TpTrace Verbose: 0 : 20016, 18, 2022/08/16, 12:08:26.103, 69798409029, testhost.dll, TestExecutionRecorder.RecordStart: Starting test: Uqs.AppointmentBooking.Domain.Tests.Unit.SlotsServiceTests.GetAvailableSlotsForEmployee_OneShiftAndNoExistingAppointments_VaryingSlots.
TpTrace Verbose: 0 : 20016, 18, 2022/08/16, 12:08:26.104, 69798420584, testhost.dll, TestExecutionRecorder.RecordResult: Received result for test: Uqs.AppointmentBooking.Domain.Tests.Unit.SlotsServiceTests.GetAvailableSlotsForEmployee_OneShiftAndNoExistingAppointments_VaryingSlots.
TpTrace Verbose: 0 : 20016, 18, 2022/08/16, 12:08:26.106, 69798435755, testhost.dll, TestExecutionRecorder.RecordEnd: test: Uqs.AppointmentBooking.Domain.Tests.Unit.SlotsServiceTests.GetAvailableSlotsForEmployee_OneShiftAndNoExistingAppointments_VaryingSlots execution completed.
TpTrace Warning: 0 : 20016, 18, 2022/08/16, 12:08:26.106, 69798437140, testhost.dll, TestRunCache: InProgressTests is null
TpTrace Verbose: 0 : 20016, 18, 2022/08/16, 12:08:26.106, 69798437981, testhost.dll, TestExecutionRecorder.RecordStart: Starting test: Uqs.AppointmentBooking.Domain.Tests.Unit.SlotsServiceTests.GetAvailableSlotsForEmployee_OneShiftAndNoExistingAppointments_VaryingSlots.
TpTrace Verbose: 0 : 20016, 18, 2022/08/16, 12:08:26.107, 69798453178, testhost.dll, TestExecutionRecorder.RecordResult: Received result for test: Uqs.AppointmentBooking.Domain.Tests.Unit.SlotsServiceTests.GetAvailableSlotsForEmployee_OneShiftAndNoExistingAppointments_VaryingSlots.
TpTrace Verbose: 0 : 20016, 18, 2022/08/16, 12:08:26.109, 69798468343, testhost.dll, TestExecutionRecorder.RecordEnd: test: Uqs.AppointmentBooking.Domain.Tests.Unit.SlotsServiceTests.GetAvailableSlotsForEmployee_OneShiftAndNoExistingAppointments_VaryingSlots execution completed.
TpTrace Warning: 0 : 20016, 18, 2022/08/16, 12:08:26.109, 69798469675, testhost.dll, TestRunCache: InProgressTests is null
TpTrace Verbose: 0 : 20016, 18, 2022/08/16, 12:08:26.109, 69798470801, testhost.dll, TestExecutionRecorder.RecordStart: Starting test: Uqs.AppointmentBooking.Domain.Tests.Unit.SlotsServiceTests.GetAvailableSlotsForEmployee_OneShiftAndNoExistingAppointments_VaryingSlots.
TpTrace Verbose: 0 : 20016, 18, 2022/08/16, 12:08:26.111, 69798485646, testhost.dll, TestExecutionRecorder.RecordResult: Received result for test: Uqs.AppointmentBooking.Domain.Tests.Unit.SlotsServiceTests.GetAvailableSlotsForEmployee_OneShiftAndNoExistingAppointments_VaryingSlots.
TpTrace Verbose: 0 : 20016, 18, 2022/08/16, 12:08:26.112, 69798499767, testhost.dll, TestExecutionRecorder.RecordEnd: test: Uqs.AppointmentBooking.Domain.Tests.Unit.SlotsServiceTests.GetAvailableSlotsForEmployee_OneShiftAndNoExistingAppointments_VaryingSlots execution completed.
TpTrace Warning: 0 : 20016, 18, 2022/08/16, 12:08:26.112, 69798501539, testhost.dll, TestRunCache: InProgressTests is null
TpTrace Verbose: 0 : 20016, 18, 2022/08/16, 12:08:26.112, 69798502887, testhost.dll, TestExecutionRecorder.RecordStart: Starting test: Uqs.AppointmentBooking.Domain.Tests.Unit.SlotsServiceTests.GetAvailableSlotsForEmployee_EmployeeIdNoFound_ArgumentException.
TpTrace Verbose: 0 : 20016, 18, 2022/08/16, 12:08:26.114, 69798517727, testhost.dll, TestExecutionRecorder.RecordResult: Received result for test: Uqs.AppointmentBooking.Domain.Tests.Unit.SlotsServiceTests.GetAvailableSlotsForEmployee_EmployeeIdNoFound_ArgumentException.
TpTrace Verbose: 0 : 20016, 18, 2022/08/16, 12:08:26.115, 69798534064, testhost.dll, TestExecutionRecorder.RecordEnd: test: Uqs.AppointmentBooking.Domain.Tests.Unit.SlotsServiceTests.GetAvailableSlotsForEmployee_EmployeeIdNoFound_ArgumentException execution completed.
TpTrace Warning: 0 : 20016, 18, 2022/08/16, 12:08:26.116, 69798535089, testhost.dll, TestRunCache: InProgressTests is null
TpTrace Verbose: 0 : 20016, 18, 2022/08/16, 12:08:26.116, 69798535879, testhost.dll, TestExecutionRecorder.RecordStart: Starting test: Uqs.AppointmentBooking.Domain.Tests.Unit.SlotsServiceTests.GetAvailableSlotsForEmployee_ServiceIdNoFound_ArgumentException.
TpTrace Verbose: 0 : 20016, 18, 2022/08/16, 12:08:26.117, 69798548143, testhost.dll, TestExecutionRecorder.RecordResult: Received result for test: Uqs.AppointmentBooking.Domain.Tests.Unit.SlotsServiceTests.GetAvailableSlotsForEmployee_ServiceIdNoFound_ArgumentException.
TpTrace Verbose: 0 : 20016, 18, 2022/08/16, 12:08:26.118, 69798559979, testhost.dll, TestExecutionRecorder.RecordEnd: test: Uqs.AppointmentBooking.Domain.Tests.Unit.SlotsServiceTests.GetAvailableSlotsForEmployee_ServiceIdNoFound_ArgumentException execution completed.
TpTrace Warning: 0 : 20016, 18, 2022/08/16, 12:08:26.118, 69798560952, testhost.dll, TestRunCache: InProgressTests is null
TpTrace Verbose: 0 : 20016, 18, 2022/08/16, 12:08:26.118, 69798561847, testhost.dll, TestExecutionRecorder.RecordStart: Starting test: Uqs.AppointmentBooking.Domain.Tests.Unit.SlotsServiceTests.GetAvailableSlotsForEmployee_NoShiftsForTomAndNoAppointmentsInSystem_NoSlots.
TpTrace Verbose: 0 : 20016, 18, 2022/08/16, 12:08:26.119, 69798571924, testhost.dll, TestExecutionRecorder.RecordResult: Received result for test: Uqs.AppointmentBooking.Domain.Tests.Unit.SlotsServiceTests.GetAvailableSlotsForEmployee_NoShiftsForTomAndNoAppointmentsInSystem_NoSlots.
TpTrace Verbose: 0 : 20016, 18, 2022/08/16, 12:08:26.125, 69798630465, testhost.dll, TestExecutionRecorder.RecordEnd: test: Uqs.AppointmentBooking.Domain.Tests.Unit.SlotsServiceTests.GetAvailableSlotsForEmployee_NoShiftsForTomAndNoAppointmentsInSystem_NoSlots execution completed.
TpTrace Warning: 0 : 20016, 18, 2022/08/16, 12:08:26.125, 69798631967, testhost.dll, TestRunCache: InProgressTests is null
TpTrace Information: 0 : 20016, 4, 2022/08/16, 12:08:26.127, 69798649751, testhost.dll, [xUnit.net 00:00:03.79]   Finished:    Uqs.AppointmentBooking.Domain.Tests.Unit
TpTrace Verbose: 0 : 20016, 4, 2022/08/16, 12:08:26.127, 69798651744, testhost.dll, TestRequestHandler.SendData:  sending data from testhost: {"Version":5,"MessageType":"TestSession.Message","Payload":{"MessageLevel":0,"Message":"[xUnit.net 00:00:03.79]   Finished:    Uqs.AppointmentBooking.Domain.Tests.Unit"}}
TpTrace Verbose: 0 : 20016, 4, 2022/08/16, 12:08:26.134, 69798721114, testhost.dll, BaseRunTests.RunTestInternalWithExecutors: Completed running tests for executor://xunit/VsTestRunner2/netcoreapp
TpTrace Information: 0 : 20016, 4, 2022/08/16, 12:08:26.138, 69798756827, testhost.dll, Sending test run complete
TpTrace Verbose: 0 : 20016, 4, 2022/08/16, 12:08:26.155, 69798926041, testhost.dll, TestRequestHandler.SendData:  sending data from testhost: {"Version":5,"MessageType":"TestExecution.Completed","Payload":{"TestRunCompleteArgs":{"TestRunStatistics":{"ExecutedTests":16,"Stats":{"Passed":16}},"IsCanceled":false,"IsAborted":false,"Error":null,"AttachmentSets":[],"ElapsedTimeInRunningTests":"00:00:03.8117739","Metrics":{}},"LastRunTests":{"NewTestResults":[{"TestCase":{"Id":"9c448736-9c10-ff23-bc7e-748e4f3ef68f","FullyQualifiedName":"Uqs.AppointmentBooking.Domain.Tests.Unit.SlotsServiceTests.GetAvailableSlotsForEmployee_OneShiftAndNoExistingAppointments_VaryingSlots","DisplayName":"Uqs.AppointmentBooking.Domain.Tests.Unit.SlotsServiceTests.GetAvailableSlotsForEmployee_OneShiftAndNoExistingAppointments_VaryingSlots(serviceDuration: 35, totalSlots: 2, expectedTimes: [\"2022-10-03 09:00:00\", \"2022-10-03 09:05:00\"])","ExecutorUri":"executor://xunit/VsTestRunner2/netcoreapp","Source":"C:\\Users\\maranf\\Videos\\Pragmatic-Test-Driven-Development-in-C-.NET-main\\ch10\\UqsAppointmentBooking\\Uqs.AppointmentBooking.Domain.Tests.Unit\\bin\\Debug\\net6.0\\fine-code-coverage\\build-output\\Uqs.AppointmentBooking.Domain.Tests.Unit.dll","CodeFilePath":null,"LineNumber":0,"Properties":[]},"Attachments":[],"Outcome":1,"ErrorMessage":null,"ErrorStackTrace":null,"DisplayName":"Uqs.AppointmentBooking.Domain.Tests.Unit.SlotsServiceTests.GetAvailableSlotsForEmployee_OneShiftAndNoExistingAppointments_VaryingSlots(serviceDuration: 35, totalSlots: 2, expectedTimes: [\"2022-10-03 09:00:00\", \"2022-10-03 09:05:00\"])","Messages":[],"ComputerName":"PPMUMLAP0134","Duration":"00:00:00.0032514","StartTime":"2022-08-16T06:38:26.101367+00:00","EndTime":"2022-08-16T06:38:26.1013674+00:00","Properties":[]},{"TestCase":{"Id":"30f460c4-f374-9639-457b-2f8afa156603","FullyQualifiedName":"Uqs.AppointmentBooking.Domain.Tests.Unit.SlotsServiceTests.GetAvailableSlotsForEmployee_OneShiftAndNoExistingAppointments_VaryingSlots","DisplayName":"Uqs.AppointmentBooking.Domain.Tests.Unit.SlotsServiceTests.GetAvailableSlotsForEmployee_OneShiftAndNoExistingAppointments_VaryingSlots(serviceDuration: 25, totalSlots: 0, expectedTimes: [])","ExecutorUri":"executor://xunit/VsTestRunner2/netcoreapp","Source":"C:\\Users\\maranf\\Videos\\Pragmatic-Test-Driven-Development-in-C-.NET-main\\ch10\\UqsAppointmentBooking\\Uqs.AppointmentBooking.Domain.Tests.Unit\\bin\\Debug\\net6.0\\fine-code-coverage\\build-output\\Uqs.AppointmentBooking.Domain.Tests.Unit.dll","CodeFilePath":null,"LineNumber":0,"Properties":[]},"Attachments":[],"Outcome":1,"ErrorMessage":null,"ErrorStackTrace":null,"DisplayName":"Uqs.AppointmentBooking.Domain.Tests.Unit.SlotsServiceTests.GetAvailableSlotsForEmployee_OneShiftAndNoExistingAppointments_VaryingSlots(serviceDuration: 25, totalSlots: 0, expectedTimes: [])","Messages":[],"ComputerName":"PPMUMLAP0134","Duration":"00:00:00.0004777","StartTime":"2022-08-16T06:38:26.1046264+00:00","EndTime":"2022-08-16T06:38:26.1046267+00:00","Properties":[]},{"TestCase":{"Id":"aa8a2d37-a500-3725-254e-093964fa22fb","FullyQualifiedName":"Uqs.AppointmentBooking.Domain.Tests.Unit.SlotsServiceTests.GetAvailableSlotsForEmployee_OneShiftAndNoExistingAppointments_VaryingSlots","DisplayName":"Uqs.AppointmentBooking.Domain.Tests.Unit.SlotsServiceTests.GetAvailableSlotsForEmployee_OneShiftAndNoExistingAppointments_VaryingSlots(serviceDuration: 5, totalSlots: 0, expectedTimes: [])","ExecutorUri":"executor://xunit/VsTestRunner2/netcoreapp","Source":"C:\\Users\\maranf\\Videos\\Pragmatic-Test-Driven-Development-in-C-.NET-main\\ch10\\UqsAppointmentBooking\\Uqs.AppointmentBooking.Domain.Tests.Unit\\bin\\Debug\\net6.0\\fine-code-coverage\\build-output\\Uqs.AppointmentBooking.Domain.Tests.Unit.dll","CodeFilePath":null,"LineNumber":0,"Properties":[]},"Attachments":[],"Outcome":1,"ErrorMessage":null,"ErrorStackTrace":null,"DisplayName":"Uqs.AppointmentBooking.Domain.Tests.Unit.SlotsServiceTests.GetAvailableSlotsForEmployee_OneShiftAndNoExistingAppointments_VaryingSlots(serviceDuration: 5, totalSlots: 0, expectedTimes: [])","Messages":[],"ComputerName":"PPMUMLAP0134","Duration":"00:00:00.0004534","StartTime":"2022-08-16T06:38:26.1078793+00:00","EndTime":"2022-08-16T06:38:26.1078797+00:00","Properties":[]},{"TestCase":{"Id":"270d7f9e-e51f-fb5d-2e2f-cef35332fefd","FullyQualifiedName":"Uqs.AppointmentBooking.Domain.Tests.Unit.SlotsServiceTests.GetAvailableSlotsForEmployee_OneShiftAndNoExistingAppointments_VaryingSlots","DisplayName":"Uqs.AppointmentBooking.Domain.Tests.Unit.SlotsServiceTests.GetAvailableSlotsForEmployee_OneShiftAndNoExistingAppointments_VaryingSlots(serviceDuration: 30, totalSlots: 1, expectedTimes: [\"2022-10-03 09:00:00\"])","ExecutorUri":"executor://xunit/VsTestRunner2/netcoreapp","Source":"C:\\Users\\maranf\\Videos\\Pragmatic-Test-Driven-Development-in-C-.NET-main\\ch10\\UqsAppointmentBooking\\Uqs.AppointmentBooking.Domain.Tests.Unit\\bin\\Debug\\net6.0\\fine-code-coverage\\build-output\\Uqs.AppointmentBooking.Domain.Tests.Unit.dll","CodeFilePath":null,"LineNumber":0,"Properties":[]},"Attachments":[],"Outcome":1,"ErrorMessage":null,"ErrorStackTrace":null,"DisplayName":"Uqs.AppointmentBooking.Domain.Tests.Unit.SlotsServiceTests.GetAvailableSlotsForEmployee_OneShiftAndNoExistingAppointments_VaryingSlots(serviceDuration: 30, totalSlots: 1, expectedTimes: [\"2022-10-03 09:00:00\"])","Messages":[],"ComputerName":"PPMUMLAP0134","Duration":"00:00:00.0005932","StartTime":"2022-08-16T06:38:26.1111291+00:00","EndTime":"2022-08-16T06:38:26.1111296+00:00","Properties":[]},{"TestCase":{"Id":"3b0ddcd0-2956-3525-5dc1-e12292360d4a","FullyQualifiedName":"Uqs.AppointmentBooking.Domain.Tests.Unit.SlotsServiceTests.GetAvailableSlotsForEmployee_EmployeeIdNoFound_ArgumentException","DisplayName":"Uqs.AppointmentBooking.Domain.Tests.Unit.SlotsServiceTests.GetAvailableSlotsForEmployee_EmployeeIdNoFound_ArgumentException","ExecutorUri":"executor://xunit/VsTestRunner2/netcoreapp","Source":"C:\\Users\\maranf\\Videos\\Pragmatic-Test-Driven-Development-in-C-.NET-main\\ch10\\UqsAppointmentBooking\\Uqs.AppointmentBooking.Domain.Tests.Unit\\bin\\Debug\\net6.0\\fine-code-coverage\\build-output\\Uqs.AppointmentBooking.Domain.Tests.Unit.dll","CodeFilePath":null,"LineNumber":0,"Properties":[]},"Attachments":[],"Outcome":1,"ErrorMessage":null,"ErrorStackTrace":null,"DisplayName":"Uqs.AppointmentBooking.Domain.Tests.Unit.SlotsServiceTests.GetAvailableSlotsForEmployee_EmployeeIdNoFound_ArgumentException","Messages":[],"ComputerName":"PPMUMLAP0134","Duration":"00:00:00.0053227","StartTime":"2022-08-16T06:38:26.1143288+00:00","EndTime":"2022-08-16T06:38:26.1143293+00:00","Properties":[]},{"TestCase":{"Id":"8da6f1c5-c998-8b61-8d82-cc3c27b7ee12","FullyQualifiedName":"Uqs.AppointmentBooking.Domain.Tests.Unit.SlotsServiceTests.GetAvailableSlotsForEmployee_ServiceIdNoFound_ArgumentException","DisplayName":"Uqs.AppointmentBooking.Domain.Tests.Unit.SlotsServiceTests.GetAvailableSlotsForEmployee_ServiceIdNoFound_ArgumentException","ExecutorUri":"executor://xunit/VsTestRunner2/netcoreapp","Source":"C:\\Users\\maranf\\Videos\\Pragmatic-Test-Driven-Development-in-C-.NET-main\\ch10\\UqsAppointmentBooking\\Uqs.AppointmentBooking.Domain.Tests.Unit\\bin\\Debug\\net6.0\\fine-code-coverage\\build-output\\Uqs.AppointmentBooking.Domain.Tests.Unit.dll","CodeFilePath":null,"LineNumber":0,"Properties":[]},"Attachments":[],"Outcome":1,"ErrorMessage":null,"ErrorStackTrace":null,"DisplayName":"Uqs.AppointmentBooking.Domain.Tests.Unit.SlotsServiceTests.GetAvailableSlotsForEmployee_ServiceIdNoFound_ArgumentException","Messages":[],"ComputerName":"PPMUMLAP0134","Duration":"00:00:00.0016466","StartTime":"2022-08-16T06:38:26.1173739+00:00","EndTime":"2022-08-16T06:38:26.1173747+00:00","Properties":[]},{"TestCase":{"Id":"0e541df3-0bc6-7ec3-c48d-66876eef6085","FullyQualifiedName":"Uqs.AppointmentBooking.Domain.Tests.Unit.SlotsServiceTests.GetAvailableSlotsForEmployee_NoShiftsForTomAndNoAppointmentsInSystem_NoSlots","DisplayName":"Uqs.AppointmentBooking.Domain.Tests.Unit.SlotsServiceTests.GetAvailableSlotsForEmployee_NoShiftsForTomAndNoAppointmentsInSystem_NoSlots","ExecutorUri":"executor://xunit/VsTestRunner2/netcoreapp","Source":"C:\\Users\\maranf\\Videos\\Pragmatic-Test-Driven-Development-in-C-.NET-main\\ch10\\UqsAppointmentBooking\\Uqs.AppointmentBooking.Domain.Tests.Unit\\bin\\Debug\\net6.0\\fine-code-coverage\\build-output\\Uqs.AppointmentBooking.Domain.Tests.Unit.dll","CodeFilePath":null,"LineNumber":0,"Properties":[]},"Attachments":[],"Outcome":1,"ErrorMessage":null,"ErrorStackTrace":null,"DisplayName":"Uqs.AppointmentBooking.Domain.Tests.Unit.SlotsServiceTests.GetAvailableSlotsForEmployee_NoShiftsForTomAndNoAppointmentsInSystem_NoSlots","Messages":[],"ComputerName":"PPMUMLAP0134","Duration":"00:00:00.0103201","StartTime":"2022-08-16T06:38:26.1197571+00:00","EndTime":"2022-08-16T06:38:26.1197575+00:00","Properties":[]}],"TestRunStatistics":{"ExecutedTests":16,"Stats":{"Passed":16}},"ActiveTests":[]},"RunAttachments":[],"ExecutorUris":["executor://xunit/VsTestRunner2/netcoreapp"]}}
TpTrace Verbose: 0 : 20016, 4, 2022/08/16, 12:08:26.155, 69798932504, testhost.dll, BaseRunTests.RunTests: Run is complete.
TpTrace Verbose: 0 : 20016, 10, 2022/08/16, 12:08:26.156, 69798940593, testhost.dll, TcpClientExtensions.MessageLoopAsync: NotifyDataAvailable remoteEndPoint: [::ffff:127.0.0.1]:58476 localEndPoint: [::ffff:127.0.0.1]:58477
TpTrace Information: 0 : 20016, 10, 2022/08/16, 12:08:26.156, 69798942793, testhost.dll, TestRequestHandler.OnMessageReceived: received message: (TestSession.Terminate) -> null
TpTrace Information: 0 : 20016, 10, 2022/08/16, 12:08:26.156, 69798943505, testhost.dll, Session End message received from server. Closing the connection.
TpTrace Information: 0 : 20016, 10, 2022/08/16, 12:08:26.157, 69798947358, testhost.dll, SocketClient.Stop: Stop communication from server endpoint: 127.0.0.1:058476
TpTrace Information: 0 : 20016, 10, 2022/08/16, 12:08:26.157, 69798948135, testhost.dll, SocketClient: Stop: Cancellation requested. Stopping message loop.
TpTrace Verbose: 0 : 20016, 10, 2022/08/16, 12:08:26.157, 69798949603, testhost.dll, LengthPrefixCommunicationChannel.Dispose: Dispose reader and writer.
TpTrace Information: 0 : 20016, 10, 2022/08/16, 12:08:26.157, 69798950559, testhost.dll, Closing the connection !
TpTrace Information: 0 : 20016, 10, 2022/08/16, 12:08:26.157, 69798953521, testhost.dll, SocketClient.PrivateStop: Stop communication from server endpoint: 127.0.0.1:058476, error:
TpTrace Verbose: 0 : 20016, 10, 2022/08/16, 12:08:26.158, 69798956264, testhost.dll, LengthPrefixCommunicationChannel.Dispose: Dispose reader and writer.
TpTrace Information: 0 : 20016, 1, 2022/08/16, 12:08:26.158, 69798956314, testhost.dll, Closing the connection !
TpTrace Verbose: 0 : 20016, 10, 2022/08/16, 12:08:26.158, 69798957293, testhost.dll, TcpClientExtensions.MessageLoopAsync: exiting MessageLoopAsync remoteEndPoint: [::ffff:127.0.0.1]:58476 localEndPoint: [::ffff:127.0.0.1]:58477
TpTrace Information: 0 : 20016, 1, 2022/08/16, 12:08:26.158, 69798958316, testhost.dll, SocketClient.Stop: Stop communication from server endpoint: 127.0.0.1:058476
TpTrace Verbose: 0 : 20016, 1, 2022/08/16, 12:08:26.158, 69798959929, testhost.dll, LengthPrefixCommunicationChannel.Dispose: Dispose reader and writer.
TpTrace Information: 0 : 20016, 1, 2022/08/16, 12:08:26.158, 69798961923, testhost.dll, Testhost process exiting.
