<?xml version="1.0" encoding="utf-8"?>
<coverage line-rate="0.5059" branch-rate="0.5434" version="1.9" timestamp="1660631906" lines-covered="213" lines-valid="421" branches-covered="25" branches-valid="46">
  <sources>
    <source>C:\Users\maranf\</source>
  </sources>
  <packages>
    <package name="Uqs.AppointmentBooking.Contract" line-rate="0" branch-rate="1" complexity="7">
      <classes>
        <class name="Uqs.AppointmentBooking.Contract.AvailableEmployees" filename="Videos\Pragmatic-Test-Driven-Development-in-C-.NET-main\ch10\UqsAppointmentBooking\Uqs.AppointmentBooking.Contract\AvailableEmployees.cs" line-rate="0" branch-rate="1" complexity="1">
          <methods>
            <method name="get_Employees" signature="()" line-rate="0" branch-rate="1" complexity="1">
              <lines>
                <line number="3" hits="0" branch="False" />
              </lines>
            </method>
          </methods>
          <lines>
            <line number="3" hits="0" branch="False" />
          </lines>
        </class>
        <class name="Uqs.AppointmentBooking.Contract.AvailableServices" filename="Videos\Pragmatic-Test-Driven-Development-in-C-.NET-main\ch10\UqsAppointmentBooking\Uqs.AppointmentBooking.Contract\AvailableServices.cs" line-rate="0" branch-rate="1" complexity="1">
          <methods>
            <method name="get_Services" signature="()" line-rate="0" branch-rate="1" complexity="1">
              <lines>
                <line number="3" hits="0" branch="False" />
              </lines>
            </method>
          </methods>
          <lines>
            <line number="3" hits="0" branch="False" />
          </lines>
        </class>
        <class name="Uqs.AppointmentBooking.Contract.AvailableSlots" filename="Videos\Pragmatic-Test-Driven-Development-in-C-.NET-main\ch10\UqsAppointmentBooking\Uqs.AppointmentBooking.Contract\AvailableSlots.cs" line-rate="0" branch-rate="1" complexity="1">
          <methods>
            <method name="get_DaysSlots" signature="()" line-rate="0" branch-rate="1" complexity="1">
              <lines>
                <line number="3" hits="0" branch="False" />
              </lines>
            </method>
          </methods>
          <lines>
            <line number="3" hits="0" branch="False" />
          </lines>
        </class>
        <class name="Uqs.AppointmentBooking.Contract.DaySlots" filename="Videos\Pragmatic-Test-Driven-Development-in-C-.NET-main\ch10\UqsAppointmentBooking\Uqs.AppointmentBooking.Contract\DaySlots.cs" line-rate="0" branch-rate="1" complexity="1">
          <methods>
            <method name="get_Day" signature="()" line-rate="0" branch-rate="1" complexity="1">
              <lines>
                <line number="3" hits="0" branch="False" />
              </lines>
            </method>
          </methods>
          <lines>
            <line number="3" hits="0" branch="False" />
          </lines>
        </class>
        <class name="Uqs.AppointmentBooking.Contract.Employee" filename="Videos\Pragmatic-Test-Driven-Development-in-C-.NET-main\ch10\UqsAppointmentBooking\Uqs.AppointmentBooking.Contract\Employee.cs" line-rate="0" branch-rate="1" complexity="1">
          <methods>
            <method name="get_EmployeeId" signature="()" line-rate="0" branch-rate="1" complexity="1">
              <lines>
                <line number="3" hits="0" branch="False" />
              </lines>
            </method>
          </methods>
          <lines>
            <line number="3" hits="0" branch="False" />
          </lines>
        </class>
        <class name="Uqs.AppointmentBooking.Contract.Service" filename="Videos\Pragmatic-Test-Driven-Development-in-C-.NET-main\ch10\UqsAppointmentBooking\Uqs.AppointmentBooking.Contract\Service.cs" line-rate="0" branch-rate="1" complexity="1">
          <methods>
            <method name="get_ServiceId" signature="()" line-rate="0" branch-rate="1" complexity="1">
              <lines>
                <line number="3" hits="0" branch="False" />
              </lines>
            </method>
          </methods>
          <lines>
            <line number="3" hits="0" branch="False" />
          </lines>
        </class>
        <class name="Uqs.AppointmentBooking.Contract.ServiceDetails" filename="Videos\Pragmatic-Test-Driven-Development-in-C-.NET-main\ch10\UqsAppointmentBooking\Uqs.AppointmentBooking.Contract\ServiceDetails.cs" line-rate="0" branch-rate="1" complexity="1">
          <methods>
            <method name="get_ServiceId" signature="()" line-rate="0" branch-rate="1" complexity="1">
              <lines>
                <line number="3" hits="0" branch="False" />
              </lines>
            </method>
          </methods>
          <lines>
            <line number="3" hits="0" branch="False" />
          </lines>
        </class>
      </classes>
    </package>
    <package name="Uqs.AppointmentBooking.Domain" line-rate="0.3243" branch-rate="0.5" complexity="100">
      <classes>
        <class name="Uqs.AppointmentBooking.Domain.ApplicationSettings" filename="Videos\Pragmatic-Test-Driven-Development-in-C-.NET-main\ch10\UqsAppointmentBooking\Uqs.AppointmentBooking.Domain\ApplicationSettings.cs.cs" line-rate="0.75" branch-rate="1" complexity="4">
          <methods>
            <method name="get_DatabaseId" signature="()" line-rate="0" branch-rate="1" complexity="1">
              <lines>
                <line number="5" hits="0" branch="False" />
              </lines>
            </method>
            <method name="get_OpenAppointmentInDays" signature="()" line-rate="1" branch-rate="1" complexity="1">
              <lines>
                <line number="6" hits="26" branch="False" />
              </lines>
            </method>
            <method name="get_RoundUpInMin" signature="()" line-rate="1" branch-rate="1" complexity="1">
              <lines>
                <line number="7" hits="198" branch="False" />
              </lines>
            </method>
            <method name="get_RestInMin" signature="()" line-rate="1" branch-rate="1" complexity="1">
              <lines>
                <line number="8" hits="28" branch="False" />
              </lines>
            </method>
          </methods>
          <lines>
            <line number="5" hits="0" branch="False" />
            <line number="6" hits="26" branch="False" />
            <line number="7" hits="198" branch="False" />
            <line number="8" hits="28" branch="False" />
          </lines>
        </class>
        <class name="Uqs.AppointmentBooking.Domain.Services.EmployeesService" filename="Videos\Pragmatic-Test-Driven-Development-in-C-.NET-main\ch10\UqsAppointmentBooking\Uqs.AppointmentBooking.Domain\Services\EmployeesService.cs" line-rate="0" branch-rate="1" complexity="1">
          <methods>
            <method name=".ctor" signature="(Uqs.AppointmentBooking.Domain.Repository.IEmployeeRepository)" line-rate="0" branch-rate="1" complexity="1">
              <lines>
                <line number="16" hits="0" branch="False" />
                <line number="17" hits="0" branch="False" />
                <line number="18" hits="0" branch="False" />
                <line number="19" hits="0" branch="False" />
              </lines>
            </method>
          </methods>
          <lines>
            <line number="16" hits="0" branch="False" />
            <line number="17" hits="0" branch="False" />
            <line number="18" hits="0" branch="False" />
            <line number="19" hits="0" branch="False" />
          </lines>
        </class>
        <class name="Uqs.AppointmentBooking.Domain.Services.EmployeesService/&lt;GetEmployees&gt;d__2" filename="Videos\Pragmatic-Test-Driven-Development-in-C-.NET-main\ch10\UqsAppointmentBooking\Uqs.AppointmentBooking.Domain\Services\EmployeesService.cs" line-rate="0" branch-rate="1" complexity="1">
          <methods>
            <method name="MoveNext" signature="()" line-rate="0" branch-rate="1" complexity="1">
              <lines>
                <line number="22" hits="0" branch="False" />
              </lines>
            </method>
          </methods>
          <lines>
            <line number="22" hits="0" branch="False" />
          </lines>
        </class>
        <class name="Uqs.AppointmentBooking.Domain.Services.NowService" filename="Videos\Pragmatic-Test-Driven-Development-in-C-.NET-main\ch10\UqsAppointmentBooking\Uqs.AppointmentBooking.Domain\Services\NowService.cs" line-rate="0" branch-rate="1" complexity="1">
          <methods>
            <method name="get_Now" signature="()" line-rate="0" branch-rate="1" complexity="1">
              <lines>
                <line number="5" hits="0" branch="False" />
              </lines>
            </method>
          </methods>
          <lines>
            <line number="5" hits="0" branch="False" />
          </lines>
        </class>
        <class name="Uqs.AppointmentBooking.Domain.Services.ServicesService" filename="Videos\Pragmatic-Test-Driven-Development-in-C-.NET-main\ch10\UqsAppointmentBooking\Uqs.AppointmentBooking.Domain\Services\ServicesService.cs" line-rate="1" branch-rate="1" complexity="1">
          <methods>
            <method name=".ctor" signature="(Uqs.AppointmentBooking.Domain.Repository.IServiceRepository)" line-rate="1" branch-rate="1" complexity="1">
              <lines>
                <line number="17" hits="2" branch="False" />
                <line number="18" hits="2" branch="False" />
                <line number="19" hits="2" branch="False" />
                <line number="20" hits="2" branch="False" />
              </lines>
            </method>
          </methods>
          <lines>
            <line number="17" hits="2" branch="False" />
            <line number="18" hits="2" branch="False" />
            <line number="19" hits="2" branch="False" />
            <line number="20" hits="2" branch="False" />
          </lines>
        </class>
        <class name="Uqs.AppointmentBooking.Domain.Services.ServicesService/&lt;GetActiveServices&gt;d__2" filename="Videos\Pragmatic-Test-Driven-Development-in-C-.NET-main\ch10\UqsAppointmentBooking\Uqs.AppointmentBooking.Domain\Services\ServicesService.cs" line-rate="1" branch-rate="1" complexity="1">
          <methods>
            <method name="MoveNext" signature="()" line-rate="1" branch-rate="1" complexity="1">
              <lines>
                <line number="23" hits="2" branch="False" />
              </lines>
            </method>
          </methods>
          <lines>
            <line number="23" hits="2" branch="False" />
          </lines>
        </class>
        <class name="Uqs.AppointmentBooking.Domain.Services.ServicesService/&lt;GetService&gt;d__3" filename="Videos\Pragmatic-Test-Driven-Development-in-C-.NET-main\ch10\UqsAppointmentBooking\Uqs.AppointmentBooking.Domain\Services\ServicesService.cs" line-rate="0" branch-rate="1" complexity="1">
          <methods>
            <method name="MoveNext" signature="()" line-rate="0" branch-rate="1" complexity="1">
              <lines>
                <line number="26" hits="0" branch="False" />
              </lines>
            </method>
          </methods>
          <lines>
            <line number="26" hits="0" branch="False" />
          </lines>
        </class>
        <class name="Uqs.AppointmentBooking.Domain.Services.SlotsService" filename="Videos\Pragmatic-Test-Driven-Development-in-C-.NET-main\ch10\UqsAppointmentBooking\Uqs.AppointmentBooking.Domain\Services\SlotsService.cs" line-rate="1" branch-rate="1" complexity="5">
          <methods>
            <method name="GetEndOfOpenAppointments" signature="()" line-rate="1" branch-rate="1" complexity="1">
              <lines>
                <line number="101" hits="12" branch="False" />
                <line number="102" hits="12" branch="False" />
              </lines>
            </method>
            <method name="RoundUpToNearest" signature="(System.DateTime)" line-rate="1" branch-rate="1" complexity="1">
              <lines>
                <line number="105" hits="25" branch="False" />
                <line number="106" hits="25" branch="False" />
                <line number="107" hits="25" branch="False" />
                <line number="108" hits="25" branch="False" />
                <line number="109" hits="25" branch="False" />
              </lines>
            </method>
            <method name="IsPeriodIntersecting" signature="(System.DateTime,System.DateTime,System.DateTime,System.DateTime)" line-rate="1" branch-rate="1" complexity="2">
              <lines>
                <line number="112" hits="147" branch="True" condition-coverage="100% (2/2)">
                  <conditions>
                    <condition number="8" type="jump" coverage="100%" />
                  </conditions>
                </line>
              </lines>
            </method>
            <method name=".ctor" signature="(Uqs.AppointmentBooking.Domain.Repository.IServiceRepository,Uqs.AppointmentBooking.Domain.Repository.IEmployeeRepository,Uqs.AppointmentBooking.Domain.Repository.IAppointmentRepository,Uqs.AppointmentBooking.Domain.Services.INowService,Microsoft.Extensions.Options.IOptions`1&lt;Uqs.AppointmentBooking.Domain.ApplicationSettings&gt;)" line-rate="1" branch-rate="1" complexity="1">
              <lines>
                <line number="21" hits="25" branch="False" />
                <line number="22" hits="25" branch="False" />
                <line number="23" hits="25" branch="False" />
                <line number="24" hits="25" branch="False" />
                <line number="25" hits="25" branch="False" />
                <line number="26" hits="25" branch="False" />
                <line number="27" hits="25" branch="False" />
                <line number="28" hits="25" branch="False" />
                <line number="29" hits="25" branch="False" />
                <line number="30" hits="25" branch="False" />
                <line number="31" hits="25" branch="False" />
                <line number="32" hits="25" branch="False" />
              </lines>
            </method>
          </methods>
          <lines>
            <line number="101" hits="12" branch="False" />
            <line number="102" hits="12" branch="False" />
            <line number="105" hits="25" branch="False" />
            <line number="106" hits="25" branch="False" />
            <line number="107" hits="25" branch="False" />
            <line number="108" hits="25" branch="False" />
            <line number="109" hits="25" branch="False" />
            <line number="112" hits="147" branch="True" condition-coverage="100% (2/2)">
              <conditions>
                <condition number="8" type="jump" coverage="100%" />
              </conditions>
            </line>
            <line number="21" hits="25" branch="False" />
            <line number="22" hits="25" branch="False" />
            <line number="23" hits="25" branch="False" />
            <line number="24" hits="25" branch="False" />
            <line number="25" hits="25" branch="False" />
            <line number="26" hits="25" branch="False" />
            <line number="27" hits="25" branch="False" />
            <line number="28" hits="25" branch="False" />
            <line number="29" hits="25" branch="False" />
            <line number="30" hits="25" branch="False" />
            <line number="31" hits="25" branch="False" />
            <line number="32" hits="25" branch="False" />
          </lines>
        </class>
        <class name="Uqs.AppointmentBooking.Domain.Services.SlotsService/&lt;&gt;c" filename="Videos\Pragmatic-Test-Driven-Development-in-C-.NET-main\ch10\UqsAppointmentBooking\Uqs.AppointmentBooking.Domain\Services\SlotsService.cs" line-rate="1" branch-rate="1" complexity="3">
          <methods>
            <method name="&lt;GetAvailableSlotsForEmployee&gt;b__7_2" signature="(System.ValueTuple`2&lt;System.DateTime,System.DateTime&gt;)" line-rate="1" branch-rate="1" complexity="1">
              <lines>
                <line number="84" hits="11" branch="False" />
              </lines>
            </method>
            <method name="&lt;GetAvailableSlotsForEmployee&gt;b__7_3" signature="(System.ValueTuple`2&lt;System.DateTime,System.DateTime&gt;)" line-rate="1" branch-rate="1" complexity="1">
              <lines>
                <line number="85" hits="18" branch="False" />
              </lines>
            </method>
            <method name="&lt;GetAvailableSlotsForEmployee&gt;b__7_6" signature="(System.ValueTuple`2&lt;System.DateTime,System.DateTime&gt;)" line-rate="1" branch-rate="1" complexity="1">
              <lines>
                <line number="91" hits="28" branch="False" />
              </lines>
            </method>
          </methods>
          <lines>
            <line number="84" hits="11" branch="False" />
            <line number="85" hits="18" branch="False" />
            <line number="91" hits="28" branch="False" />
          </lines>
        </class>
        <class name="Uqs.AppointmentBooking.Domain.Services.SlotsService/&lt;&gt;c__DisplayClass7_0" filename="Videos\Pragmatic-Test-Driven-Development-in-C-.NET-main\ch10\UqsAppointmentBooking\Uqs.AppointmentBooking.Domain\Services\SlotsService.cs" line-rate="1" branch-rate="0.5" complexity="12">
          <methods>
            <method name="&lt;GetAvailableSlotsForEmployee&gt;b__0" signature="(Uqs.AppointmentBooking.Domain.DomainObjects.Shift)" line-rate="1" branch-rate="0.5" complexity="6">
              <lines>
                <line number="51" hits="23" branch="True" condition-coverage="50% (3/6)">
                  <conditions>
                    <condition number="17" type="jump" coverage="50%" />
                    <condition number="41" type="jump" coverage="50%" />
                    <condition number="65" type="jump" coverage="50%" />
                  </conditions>
                </line>
                <line number="52" hits="23" branch="False" />
              </lines>
            </method>
            <method name="&lt;GetAvailableSlotsForEmployee&gt;b__1" signature="(Uqs.AppointmentBooking.Domain.DomainObjects.Appointment)" line-rate="1" branch-rate="0.5" complexity="6">
              <lines>
                <line number="72" hits="19" branch="True" condition-coverage="50% (3/6)">
                  <conditions>
                    <condition number="17" type="jump" coverage="50%" />
                    <condition number="41" type="jump" coverage="50%" />
                    <condition number="65" type="jump" coverage="50%" />
                  </conditions>
                </line>
                <line number="73" hits="19" branch="False" />
              </lines>
            </method>
          </methods>
          <lines>
            <line number="51" hits="23" branch="True" condition-coverage="50% (3/6)">
              <conditions>
                <condition number="17" type="jump" coverage="50%" />
                <condition number="41" type="jump" coverage="50%" />
                <condition number="65" type="jump" coverage="50%" />
              </conditions>
            </line>
            <line number="52" hits="23" branch="False" />
            <line number="72" hits="19" branch="True" condition-coverage="50% (3/6)">
              <conditions>
                <condition number="17" type="jump" coverage="50%" />
                <condition number="41" type="jump" coverage="50%" />
                <condition number="65" type="jump" coverage="50%" />
              </conditions>
            </line>
            <line number="73" hits="19" branch="False" />
          </lines>
        </class>
        <class name="Uqs.AppointmentBooking.Domain.Services.SlotsService/&lt;&gt;c__DisplayClass7_1" filename="Videos\Pragmatic-Test-Driven-Development-in-C-.NET-main\ch10\UqsAppointmentBooking\Uqs.AppointmentBooking.Domain\Services\SlotsService.cs" line-rate="1" branch-rate="1" complexity="1">
          <methods>
            <method name="&lt;GetAvailableSlotsForEmployee&gt;b__4" signature="(System.ValueTuple`2&lt;System.DateTime,System.DateTime&gt;)" line-rate="1" branch-rate="1" complexity="1">
              <lines>
                <line number="80" hits="154" branch="False" />
              </lines>
            </method>
          </methods>
          <lines>
            <line number="80" hits="154" branch="False" />
          </lines>
        </class>
        <class name="Uqs.AppointmentBooking.Domain.Services.SlotsService/&lt;GetAvailableSlotsForEmployee&gt;d__7" filename="Videos\Pragmatic-Test-Driven-Development-in-C-.NET-main\ch10\UqsAppointmentBooking\Uqs.AppointmentBooking.Domain\Services\SlotsService.cs" line-rate="0.9555" branch-rate="0.9285" complexity="14">
          <methods>
            <method name="MoveNext" signature="()" line-rate="0.9555" branch-rate="0.9285" complexity="14">
              <lines>
                <line number="35" hits="14" branch="False" />
                <line number="36" hits="14" branch="False" />
                <line number="37" hits="14" branch="True" condition-coverage="100% (2/2)">
                  <conditions>
                    <condition number="217" type="jump" coverage="100%" />
                  </conditions>
                </line>
                <line number="38" hits="2" branch="False" />
                <line number="39" hits="2" branch="False" />
                <line number="41" hits="12" branch="False" />
                <line number="42" hits="12" branch="True" condition-coverage="50% (1/2)">
                  <conditions>
                    <condition number="388" type="jump" coverage="50%" />
                  </conditions>
                </line>
                <line number="43" hits="0" branch="False" />
                <line number="44" hits="0" branch="False" />
                <line number="46" hits="12" branch="False" />
                <line number="48" hits="12" branch="False" />
                <line number="50" hits="12" branch="False" />
                <line number="54" hits="58" branch="True" condition-coverage="100% (2/2)">
                  <conditions>
                    <condition number="780" type="jump" coverage="100%" />
                  </conditions>
                </line>
                <line number="55" hits="11" branch="False" />
                <line number="56" hits="11" branch="False" />
                <line number="57" hits="11" branch="False" />
                <line number="58" hits="11" branch="False" />
                <line number="60" hits="340" branch="True" condition-coverage="100% (2/2)">
                  <conditions>
                    <condition number="756" type="jump" coverage="100%" />
                  </conditions>
                </line>
                <line number="61" hits="159" branch="False" />
                <line number="62" hits="159" branch="False" />
                <line number="63" hits="159" branch="False" />
                <line number="64" hits="159" branch="True" condition-coverage="100% (2/2)">
                  <conditions>
                    <condition number="667" type="jump" coverage="100%" />
                  </conditions>
                </line>
                <line number="65" hits="150" branch="False" />
                <line number="66" hits="150" branch="False" />
                <line number="67" hits="150" branch="False" />
                <line number="68" hits="159" branch="False" />
                <line number="69" hits="11" branch="False" />
                <line number="70" hits="12" branch="False" />
                <line number="71" hits="12" branch="False" />
                <line number="75" hits="50" branch="True" condition-coverage="100% (2/2)">
                  <conditions>
                    <condition number="1239" type="jump" coverage="100%" />
                  </conditions>
                </line>
                <line number="76" hits="7" branch="False" />
                <line number="77" hits="7" branch="False" />
                <line number="78" hits="7" branch="False" />
                <line number="79" hits="7" branch="False" />
                <line number="81" hits="7" branch="False" />
                <line number="83" hits="12" branch="False" />
                <line number="87" hits="12" branch="False" />
                <line number="89" hits="48" branch="True" condition-coverage="100% (2/2)">
                  <conditions>
                    <condition number="1557" type="jump" coverage="100%" />
                  </conditions>
                </line>
                <line number="90" hits="6" branch="False" />
                <line number="92" hits="6" branch="False" />
                <line number="93" hits="6" branch="False" />
                <line number="94" hits="6" branch="False" />
                <line number="96" hits="12" branch="False" />
                <line number="98" hits="12" branch="False" />
                <line number="99" hits="12" branch="False" />
              </lines>
            </method>
          </methods>
          <lines>
            <line number="35" hits="14" branch="False" />
            <line number="36" hits="14" branch="False" />
            <line number="37" hits="14" branch="True" condition-coverage="100% (2/2)">
              <conditions>
                <condition number="217" type="jump" coverage="100%" />
              </conditions>
            </line>
            <line number="38" hits="2" branch="False" />
            <line number="39" hits="2" branch="False" />
            <line number="41" hits="12" branch="False" />
            <line number="42" hits="12" branch="True" condition-coverage="50% (1/2)">
              <conditions>
                <condition number="388" type="jump" coverage="50%" />
              </conditions>
            </line>
            <line number="43" hits="0" branch="False" />
            <line number="44" hits="0" branch="False" />
            <line number="46" hits="12" branch="False" />
            <line number="48" hits="12" branch="False" />
            <line number="50" hits="12" branch="False" />
            <line number="54" hits="58" branch="True" condition-coverage="100% (2/2)">
              <conditions>
                <condition number="780" type="jump" coverage="100%" />
              </conditions>
            </line>
            <line number="55" hits="11" branch="False" />
            <line number="56" hits="11" branch="False" />
            <line number="57" hits="11" branch="False" />
            <line number="58" hits="11" branch="False" />
            <line number="60" hits="340" branch="True" condition-coverage="100% (2/2)">
              <conditions>
                <condition number="756" type="jump" coverage="100%" />
              </conditions>
            </line>
            <line number="61" hits="159" branch="False" />
            <line number="62" hits="159" branch="False" />
            <line number="63" hits="159" branch="False" />
            <line number="64" hits="159" branch="True" condition-coverage="100% (2/2)">
              <conditions>
                <condition number="667" type="jump" coverage="100%" />
              </conditions>
            </line>
            <line number="65" hits="150" branch="False" />
            <line number="66" hits="150" branch="False" />
            <line number="67" hits="150" branch="False" />
            <line number="68" hits="159" branch="False" />
            <line number="69" hits="11" branch="False" />
            <line number="70" hits="12" branch="False" />
            <line number="71" hits="12" branch="False" />
            <line number="75" hits="50" branch="True" condition-coverage="100% (2/2)">
              <conditions>
                <condition number="1239" type="jump" coverage="100%" />
              </conditions>
            </line>
            <line number="76" hits="7" branch="False" />
            <line number="77" hits="7" branch="False" />
            <line number="78" hits="7" branch="False" />
            <line number="79" hits="7" branch="False" />
            <line number="81" hits="7" branch="False" />
            <line number="83" hits="12" branch="False" />
            <line number="87" hits="12" branch="False" />
            <line number="89" hits="48" branch="True" condition-coverage="100% (2/2)">
              <conditions>
                <condition number="1557" type="jump" coverage="100%" />
              </conditions>
            </line>
            <line number="90" hits="6" branch="False" />
            <line number="92" hits="6" branch="False" />
            <line number="93" hits="6" branch="False" />
            <line number="94" hits="6" branch="False" />
            <line number="96" hits="12" branch="False" />
            <line number="98" hits="12" branch="False" />
            <line number="99" hits="12" branch="False" />
          </lines>
        </class>
        <class name="Uqs.AppointmentBooking.Domain.Repository.CosmosRepository`1" filename="Videos\Pragmatic-Test-Driven-Development-in-C-.NET-main\ch10\UqsAppointmentBooking\Uqs.AppointmentBooking.Domain\Repository\CosmosRepository.cs" line-rate="0" branch-rate="1" complexity="6">
          <methods>
            <method name="get_CosmosClient" signature="()" line-rate="0" branch-rate="1" complexity="1">
              <lines>
                <line number="9" hits="0" branch="False" />
              </lines>
            </method>
            <method name="get_Database" signature="()" line-rate="0" branch-rate="1" complexity="1">
              <lines>
                <line number="10" hits="0" branch="False" />
              </lines>
            </method>
            <method name="get_Container" signature="()" line-rate="0" branch-rate="1" complexity="1">
              <lines>
                <line number="11" hits="0" branch="False" />
              </lines>
            </method>
            <method name="AddItemAsync" signature="(T)" line-rate="0" branch-rate="1" complexity="1">
              <lines>
                <line number="21" hits="0" branch="False" />
                <line number="22" hits="0" branch="False" />
                <line number="23" hits="0" branch="False" />
              </lines>
            </method>
            <method name="DeleteItemAsync" signature="(System.String)" line-rate="0" branch-rate="1" complexity="1">
              <lines>
                <line number="26" hits="0" branch="False" />
                <line number="27" hits="0" branch="False" />
                <line number="28" hits="0" branch="False" />
              </lines>
            </method>
            <method name=".ctor" signature="(System.String,Microsoft.Azure.Cosmos.CosmosClient,Microsoft.Extensions.Options.IOptions`1&lt;Uqs.AppointmentBooking.Domain.ApplicationSettings&gt;)" line-rate="0" branch-rate="1" complexity="1">
              <lines>
                <line number="13" hits="0" branch="False" />
                <line number="14" hits="0" branch="False" />
                <line number="15" hits="0" branch="False" />
                <line number="16" hits="0" branch="False" />
                <line number="17" hits="0" branch="False" />
                <line number="18" hits="0" branch="False" />
              </lines>
            </method>
          </methods>
          <lines>
            <line number="9" hits="0" branch="False" />
            <line number="10" hits="0" branch="False" />
            <line number="11" hits="0" branch="False" />
            <line number="21" hits="0" branch="False" />
            <line number="22" hits="0" branch="False" />
            <line number="23" hits="0" branch="False" />
            <line number="26" hits="0" branch="False" />
            <line number="27" hits="0" branch="False" />
            <line number="28" hits="0" branch="False" />
            <line number="13" hits="0" branch="False" />
            <line number="14" hits="0" branch="False" />
            <line number="15" hits="0" branch="False" />
            <line number="16" hits="0" branch="False" />
            <line number="17" hits="0" branch="False" />
            <line number="18" hits="0" branch="False" />
          </lines>
        </class>
        <class name="Uqs.AppointmentBooking.Domain.Repository.CosmosRepository`1/&lt;GetItemAsync&gt;d__12" filename="Videos\Pragmatic-Test-Driven-Development-in-C-.NET-main\ch10\UqsAppointmentBooking\Uqs.AppointmentBooking.Domain\Repository\CosmosRepository.cs" line-rate="0" branch-rate="1" complexity="1">
          <methods>
            <method name="MoveNext" signature="()" line-rate="0" branch-rate="1" complexity="1">
              <lines>
                <line number="31" hits="0" branch="False" />
                <line number="33" hits="0" branch="False" />
                <line number="34" hits="0" branch="False" />
                <line number="35" hits="0" branch="False" />
                <line number="37" hits="0" branch="False" />
                <line number="38" hits="0" branch="False" />
                <line number="39" hits="0" branch="False" />
                <line number="41" hits="0" branch="False" />
              </lines>
            </method>
          </methods>
          <lines>
            <line number="31" hits="0" branch="False" />
            <line number="33" hits="0" branch="False" />
            <line number="34" hits="0" branch="False" />
            <line number="35" hits="0" branch="False" />
            <line number="37" hits="0" branch="False" />
            <line number="38" hits="0" branch="False" />
            <line number="39" hits="0" branch="False" />
            <line number="41" hits="0" branch="False" />
          </lines>
        </class>
        <class name="Uqs.AppointmentBooking.Domain.Repository.CosmosRepository`1/&lt;GetItemsAsync&gt;d__13" filename="Videos\Pragmatic-Test-Driven-Development-in-C-.NET-main\ch10\UqsAppointmentBooking\Uqs.AppointmentBooking.Domain\Repository\CosmosRepository.cs" line-rate="0" branch-rate="0" complexity="2">
          <methods>
            <method name="MoveNext" signature="()" line-rate="0" branch-rate="0" complexity="2">
              <lines>
                <line number="44" hits="0" branch="False" />
                <line number="45" hits="0" branch="False" />
                <line number="46" hits="0" branch="False" />
                <line number="47" hits="0" branch="True" condition-coverage="0% (0/2)">
                  <conditions>
                    <condition number="243" type="jump" coverage="0%" />
                  </conditions>
                </line>
                <line number="48" hits="0" branch="False" />
                <line number="49" hits="0" branch="False" />
                <line number="50" hits="0" branch="False" />
                <line number="51" hits="0" branch="False" />
                <line number="53" hits="0" branch="False" />
                <line number="54" hits="0" branch="False" />
              </lines>
            </method>
          </methods>
          <lines>
            <line number="44" hits="0" branch="False" />
            <line number="45" hits="0" branch="False" />
            <line number="46" hits="0" branch="False" />
            <line number="47" hits="0" branch="True" condition-coverage="0% (0/2)">
              <conditions>
                <condition number="243" type="jump" coverage="0%" />
              </conditions>
            </line>
            <line number="48" hits="0" branch="False" />
            <line number="49" hits="0" branch="False" />
            <line number="50" hits="0" branch="False" />
            <line number="51" hits="0" branch="False" />
            <line number="53" hits="0" branch="False" />
            <line number="54" hits="0" branch="False" />
          </lines>
        </class>
        <class name="Uqs.AppointmentBooking.Domain.Repository.CosmosRepository`1/&lt;UpdateItemAsync&gt;d__14" filename="Videos\Pragmatic-Test-Driven-Development-in-C-.NET-main\ch10\UqsAppointmentBooking\Uqs.AppointmentBooking.Domain\Repository\CosmosRepository.cs" line-rate="0" branch-rate="1" complexity="1">
          <methods>
            <method name="MoveNext" signature="()" line-rate="0" branch-rate="1" complexity="1">
              <lines>
                <line number="57" hits="0" branch="False" />
                <line number="58" hits="0" branch="False" />
                <line number="59" hits="0" branch="False" />
              </lines>
            </method>
          </methods>
          <lines>
            <line number="57" hits="0" branch="False" />
            <line number="58" hits="0" branch="False" />
            <line number="59" hits="0" branch="False" />
          </lines>
        </class>
        <class name="Uqs.AppointmentBooking.Domain.Repository.AppointmentRepository" filename="Videos\Pragmatic-Test-Driven-Development-in-C-.NET-main\ch10\UqsAppointmentBooking\Uqs.AppointmentBooking.Domain\Repository\IAppointmentRepository.cs" line-rate="0" branch-rate="1" complexity="1">
          <methods>
            <method name=".ctor" signature="(Microsoft.Azure.Cosmos.CosmosClient,Microsoft.Extensions.Options.IOptions`1&lt;Uqs.AppointmentBooking.Domain.ApplicationSettings&gt;)" line-rate="0" branch-rate="1" complexity="1">
              <lines>
                <line number="15" hits="0" branch="False" />
                <line number="16" hits="0" branch="False" />
                <line number="17" hits="0" branch="False" />
              </lines>
            </method>
          </methods>
          <lines>
            <line number="15" hits="0" branch="False" />
            <line number="16" hits="0" branch="False" />
            <line number="17" hits="0" branch="False" />
          </lines>
        </class>
        <class name="Uqs.AppointmentBooking.Domain.Repository.AppointmentRepository/&lt;&gt;c__DisplayClass1_0" filename="Videos\Pragmatic-Test-Driven-Development-in-C-.NET-main\ch10\UqsAppointmentBooking\Uqs.AppointmentBooking.Domain\Repository\IAppointmentRepository.cs" line-rate="0" branch-rate="1" complexity="1">
          <methods>
            <method name="&lt;GetAppointmentsByEmployeeIdAsync&gt;b__0" signature="(Uqs.AppointmentBooking.Domain.DomainObjects.Appointment)" line-rate="0" branch-rate="1" complexity="1">
              <lines>
                <line number="23" hits="0" branch="False" />
              </lines>
            </method>
          </methods>
          <lines>
            <line number="23" hits="0" branch="False" />
          </lines>
        </class>
        <class name="Uqs.AppointmentBooking.Domain.Repository.AppointmentRepository/&lt;GetAppointmentsByEmployeeIdAsync&gt;d__1" filename="Videos\Pragmatic-Test-Driven-Development-in-C-.NET-main\ch10\UqsAppointmentBooking\Uqs.AppointmentBooking.Domain\Repository\IAppointmentRepository.cs" line-rate="0" branch-rate="1" complexity="1">
          <methods>
            <method name="MoveNext" signature="()" line-rate="0" branch-rate="1" complexity="1">
              <lines>
                <line number="20" hits="0" branch="False" />
                <line number="21" hits="0" branch="False" />
                <line number="22" hits="0" branch="False" />
                <line number="24" hits="0" branch="False" />
              </lines>
            </method>
          </methods>
          <lines>
            <line number="20" hits="0" branch="False" />
            <line number="21" hits="0" branch="False" />
            <line number="22" hits="0" branch="False" />
            <line number="24" hits="0" branch="False" />
          </lines>
        </class>
        <class name="Uqs.AppointmentBooking.Domain.Repository.CustomerRepository" filename="Videos\Pragmatic-Test-Driven-Development-in-C-.NET-main\ch10\UqsAppointmentBooking\Uqs.AppointmentBooking.Domain\Repository\ICustomerRepository.cs" line-rate="0" branch-rate="1" complexity="2">
          <methods>
            <method name="GetAll" signature="()" line-rate="0" branch-rate="1" complexity="1">
              <lines>
                <line number="20" hits="0" branch="False" />
                <line number="21" hits="0" branch="False" />
                <line number="23" hits="0" branch="False" />
                <line number="24" hits="0" branch="False" />
              </lines>
            </method>
            <method name=".ctor" signature="(Microsoft.Azure.Cosmos.CosmosClient,Microsoft.Extensions.Options.IOptions`1&lt;Uqs.AppointmentBooking.Domain.ApplicationSettings&gt;)" line-rate="0" branch-rate="1" complexity="1">
              <lines>
                <line number="15" hits="0" branch="False" />
                <line number="16" hits="0" branch="False" />
                <line number="17" hits="0" branch="False" />
              </lines>
            </method>
          </methods>
          <lines>
            <line number="20" hits="0" branch="False" />
            <line number="21" hits="0" branch="False" />
            <line number="23" hits="0" branch="False" />
            <line number="24" hits="0" branch="False" />
            <line number="15" hits="0" branch="False" />
            <line number="16" hits="0" branch="False" />
            <line number="17" hits="0" branch="False" />
          </lines>
        </class>
        <class name="Uqs.AppointmentBooking.Domain.Repository.EmployeeRepository" filename="Videos\Pragmatic-Test-Driven-Development-in-C-.NET-main\ch10\UqsAppointmentBooking\Uqs.AppointmentBooking.Domain\Repository\IEmployeeRepository.cs" line-rate="0" branch-rate="1" complexity="2">
          <methods>
            <method name="GetAllAsync" signature="()" line-rate="0" branch-rate="1" complexity="1">
              <lines>
                <line number="20" hits="0" branch="False" />
                <line number="21" hits="0" branch="False" />
                <line number="22" hits="0" branch="False" />
              </lines>
            </method>
            <method name=".ctor" signature="(Microsoft.Azure.Cosmos.CosmosClient,Microsoft.Extensions.Options.IOptions`1&lt;Uqs.AppointmentBooking.Domain.ApplicationSettings&gt;)" line-rate="0" branch-rate="1" complexity="1">
              <lines>
                <line number="15" hits="0" branch="False" />
                <line number="16" hits="0" branch="False" />
                <line number="17" hits="0" branch="False" />
              </lines>
            </method>
          </methods>
          <lines>
            <line number="20" hits="0" branch="False" />
            <line number="21" hits="0" branch="False" />
            <line number="22" hits="0" branch="False" />
            <line number="15" hits="0" branch="False" />
            <line number="16" hits="0" branch="False" />
            <line number="17" hits="0" branch="False" />
          </lines>
        </class>
        <class name="Uqs.AppointmentBooking.Domain.Repository.ServiceRepository" filename="Videos\Pragmatic-Test-Driven-Development-in-C-.NET-main\ch10\UqsAppointmentBooking\Uqs.AppointmentBooking.Domain\Repository\IServiceRepository.cs" line-rate="0" branch-rate="1" complexity="2">
          <methods>
            <method name="GetActiveServices" signature="()" line-rate="0" branch-rate="1" complexity="1">
              <lines>
                <line number="31" hits="0" branch="False" />
                <line number="32" hits="0" branch="False" />
                <line number="33" hits="0" branch="False" />
                <line number="35" hits="0" branch="False" />
                <line number="36" hits="0" branch="False" />
              </lines>
            </method>
            <method name=".ctor" signature="(Microsoft.Azure.Cosmos.CosmosClient,Microsoft.Extensions.Options.IOptions`1&lt;Uqs.AppointmentBooking.Domain.ApplicationSettings&gt;)" line-rate="0" branch-rate="1" complexity="1">
              <lines>
                <line number="17" hits="0" branch="False" />
                <line number="18" hits="0" branch="False" />
                <line number="19" hits="0" branch="False" />
              </lines>
            </method>
          </methods>
          <lines>
            <line number="31" hits="0" branch="False" />
            <line number="32" hits="0" branch="False" />
            <line number="33" hits="0" branch="False" />
            <line number="35" hits="0" branch="False" />
            <line number="36" hits="0" branch="False" />
            <line number="17" hits="0" branch="False" />
            <line number="18" hits="0" branch="False" />
            <line number="19" hits="0" branch="False" />
          </lines>
        </class>
        <class name="Uqs.AppointmentBooking.Domain.Repository.ServiceRepository/&lt;GetActiveService&gt;d__1" filename="Videos\Pragmatic-Test-Driven-Development-in-C-.NET-main\ch10\UqsAppointmentBooking\Uqs.AppointmentBooking.Domain\Repository\IServiceRepository.cs" line-rate="0" branch-rate="1" complexity="1">
          <methods>
            <method name="MoveNext" signature="()" line-rate="0" branch-rate="1" complexity="1">
              <lines>
                <line number="22" hits="0" branch="False" />
                <line number="23" hits="0" branch="False" />
                <line number="24" hits="0" branch="False" />
                <line number="25" hits="0" branch="False" />
                <line number="27" hits="0" branch="False" />
                <line number="28" hits="0" branch="False" />
              </lines>
            </method>
          </methods>
          <lines>
            <line number="22" hits="0" branch="False" />
            <line number="23" hits="0" branch="False" />
            <line number="24" hits="0" branch="False" />
            <line number="25" hits="0" branch="False" />
            <line number="27" hits="0" branch="False" />
            <line number="28" hits="0" branch="False" />
          </lines>
        </class>
        <class name="Uqs.AppointmentBooking.Domain.Report.DaySlots" filename="Videos\Pragmatic-Test-Driven-Development-in-C-.NET-main\ch10\UqsAppointmentBooking\Uqs.AppointmentBooking.Domain\Report\DaySlots.cs" line-rate="1" branch-rate="1" complexity="1">
          <methods>
            <method name="get_Day" signature="()" line-rate="1" branch-rate="1" complexity="1">
              <lines>
                <line number="3" hits="24" branch="False" />
              </lines>
            </method>
          </methods>
          <lines>
            <line number="3" hits="24" branch="False" />
          </lines>
        </class>
        <class name="Uqs.AppointmentBooking.Domain.Report.Slots" filename="Videos\Pragmatic-Test-Driven-Development-in-C-.NET-main\ch10\UqsAppointmentBooking\Uqs.AppointmentBooking.Domain\Report\Slots.cs" line-rate="1" branch-rate="1" complexity="1">
          <methods>
            <method name="get_DaysSlots" signature="()" line-rate="1" branch-rate="1" complexity="1">
              <lines>
                <line number="3" hits="36" branch="False" />
              </lines>
            </method>
          </methods>
          <lines>
            <line number="3" hits="36" branch="False" />
          </lines>
        </class>
        <class name="Uqs.AppointmentBooking.Domain.DomainObjects.Appointment" filename="Videos\Pragmatic-Test-Driven-Development-in-C-.NET-main\ch10\UqsAppointmentBooking\Uqs.AppointmentBooking.Domain\DomainObjects\Appointment.cs" line-rate="0.6666" branch-rate="1" complexity="6">
          <methods>
            <method name="get_Id" signature="()" line-rate="0" branch-rate="1" complexity="1">
              <lines>
                <line number="5" hits="0" branch="False" />
              </lines>
            </method>
            <method name="get_Starting" signature="()" line-rate="1" branch-rate="1" complexity="1">
              <lines>
                <line number="6" hits="28" branch="False" />
              </lines>
            </method>
            <method name="get_Ending" signature="()" line-rate="1" branch-rate="1" complexity="1">
              <lines>
                <line number="7" hits="21" branch="False" />
              </lines>
            </method>
            <method name="get_CustomerId" signature="()" line-rate="1" branch-rate="1" complexity="1">
              <lines>
                <line number="8" hits="7" branch="False" />
              </lines>
            </method>
            <method name="get_EmployeeId" signature="()" line-rate="0" branch-rate="1" complexity="1">
              <lines>
                <line number="9" hits="0" branch="False" />
              </lines>
            </method>
            <method name="get_ServiceId" signature="()" line-rate="1" branch-rate="1" complexity="1">
              <lines>
                <line number="10" hits="7" branch="False" />
              </lines>
            </method>
          </methods>
          <lines>
            <line number="5" hits="0" branch="False" />
            <line number="6" hits="28" branch="False" />
            <line number="7" hits="21" branch="False" />
            <line number="8" hits="7" branch="False" />
            <line number="9" hits="0" branch="False" />
            <line number="10" hits="7" branch="False" />
          </lines>
        </class>
        <class name="Uqs.AppointmentBooking.Domain.DomainObjects.Customer" filename="Videos\Pragmatic-Test-Driven-Development-in-C-.NET-main\ch10\UqsAppointmentBooking\Uqs.AppointmentBooking.Domain\DomainObjects\Customer.cs" line-rate="1" branch-rate="1" complexity="3">
          <methods>
            <method name="get_Id" signature="()" line-rate="1" branch-rate="1" complexity="1">
              <lines>
                <line number="5" hits="14" branch="False" />
              </lines>
            </method>
            <method name="get_FirstName" signature="()" line-rate="1" branch-rate="1" complexity="1">
              <lines>
                <line number="6" hits="7" branch="False" />
              </lines>
            </method>
            <method name="get_LastName" signature="()" line-rate="1" branch-rate="1" complexity="1">
              <lines>
                <line number="7" hits="7" branch="False" />
              </lines>
            </method>
          </methods>
          <lines>
            <line number="5" hits="14" branch="False" />
            <line number="6" hits="7" branch="False" />
            <line number="7" hits="7" branch="False" />
          </lines>
        </class>
        <class name="Uqs.AppointmentBooking.Domain.DomainObjects.Employee" filename="Videos\Pragmatic-Test-Driven-Development-in-C-.NET-main\ch10\UqsAppointmentBooking\Uqs.AppointmentBooking.Domain\DomainObjects\Employee.cs" line-rate="1" branch-rate="1" complexity="3">
          <methods>
            <method name="get_Id" signature="()" line-rate="1" branch-rate="1" complexity="1">
              <lines>
                <line number="5" hits="24" branch="False" />
              </lines>
            </method>
            <method name="get_Name" signature="()" line-rate="1" branch-rate="1" complexity="1">
              <lines>
                <line number="6" hits="12" branch="False" />
              </lines>
            </method>
            <method name="get_Shifts" signature="()" line-rate="1" branch-rate="1" complexity="1">
              <lines>
                <line number="7" hits="24" branch="False" />
              </lines>
            </method>
          </methods>
          <lines>
            <line number="5" hits="24" branch="False" />
            <line number="6" hits="12" branch="False" />
            <line number="7" hits="24" branch="False" />
          </lines>
        </class>
        <class name="Uqs.AppointmentBooking.Domain.DomainObjects.Service" filename="Videos\Pragmatic-Test-Driven-Development-in-C-.NET-main\ch10\UqsAppointmentBooking\Uqs.AppointmentBooking.Domain\DomainObjects\Service.cs" line-rate="0.6" branch-rate="1" complexity="5">
          <methods>
            <method name="get_Id" signature="()" line-rate="1" branch-rate="1" complexity="1">
              <lines>
                <line number="5" hits="31" branch="False" />
              </lines>
            </method>
            <method name="get_Name" signature="()" line-rate="0" branch-rate="1" complexity="1">
              <lines>
                <line number="6" hits="0" branch="False" />
              </lines>
            </method>
            <method name="get_IsActive" signature="()" line-rate="1" branch-rate="1" complexity="1">
              <lines>
                <line number="7" hits="2" branch="False" />
              </lines>
            </method>
            <method name="get_AppointmentTimeSpanInMin" signature="()" line-rate="1" branch-rate="1" complexity="1">
              <lines>
                <line number="8" hits="182" branch="False" />
              </lines>
            </method>
            <method name="get_Price" signature="()" line-rate="0" branch-rate="1" complexity="1">
              <lines>
                <line number="9" hits="0" branch="False" />
              </lines>
            </method>
          </methods>
          <lines>
            <line number="5" hits="31" branch="False" />
            <line number="6" hits="0" branch="False" />
            <line number="7" hits="2" branch="False" />
            <line number="8" hits="182" branch="False" />
            <line number="9" hits="0" branch="False" />
          </lines>
        </class>
        <class name="Uqs.AppointmentBooking.Domain.DomainObjects.Shift" filename="Videos\Pragmatic-Test-Driven-Development-in-C-.NET-main\ch10\UqsAppointmentBooking\Uqs.AppointmentBooking.Domain\DomainObjects\Shift.cs" line-rate="1" branch-rate="1" complexity="2">
          <methods>
            <method name="get_Starting" signature="()" line-rate="1" branch-rate="1" complexity="1">
              <lines>
                <line number="5" hits="203" branch="False" />
              </lines>
            </method>
            <method name="get_Ending" signature="()" line-rate="1" branch-rate="1" complexity="1">
              <lines>
                <line number="6" hits="351" branch="False" />
              </lines>
            </method>
          </methods>
          <lines>
            <line number="5" hits="203" branch="False" />
            <line number="6" hits="351" branch="False" />
          </lines>
        </class>
        <class name="Uqs.AppointmentBooking.Domain.Database.SeedData" filename="Videos\Pragmatic-Test-Driven-Development-in-C-.NET-main\ch10\UqsAppointmentBooking\Uqs.AppointmentBooking.Domain\Database\SeedData.cs" line-rate="0" branch-rate="1" complexity="2">
          <methods>
            <method name="GetFirstMonday" signature="()" line-rate="0" branch-rate="1" complexity="1">
              <lines>
                <line number="153" hits="0" branch="False" />
                <line number="154" hits="0" branch="False" />
                <line number="155" hits="0" branch="False" />
                <line number="156" hits="0" branch="False" />
                <line number="158" hits="0" branch="False" />
                <line number="159" hits="0" branch="False" />
              </lines>
            </method>
            <method name="SetTime" signature="(System.DateTime,System.String)" line-rate="0" branch-rate="1" complexity="1">
              <lines>
                <line number="162" hits="0" branch="False" />
                <line number="163" hits="0" branch="False" />
                <line number="164" hits="0" branch="False" />
                <line number="165" hits="0" branch="False" />
              </lines>
            </method>
          </methods>
          <lines>
            <line number="153" hits="0" branch="False" />
            <line number="154" hits="0" branch="False" />
            <line number="155" hits="0" branch="False" />
            <line number="156" hits="0" branch="False" />
            <line number="158" hits="0" branch="False" />
            <line number="159" hits="0" branch="False" />
            <line number="162" hits="0" branch="False" />
            <line number="163" hits="0" branch="False" />
            <line number="164" hits="0" branch="False" />
            <line number="165" hits="0" branch="False" />
          </lines>
        </class>
        <class name="Uqs.AppointmentBooking.Domain.Database.SeedData/&lt;Initialize&gt;d__0" filename="Videos\Pragmatic-Test-Driven-Development-in-C-.NET-main\ch10\UqsAppointmentBooking\Uqs.AppointmentBooking.Domain\Database\SeedData.cs" line-rate="0" branch-rate="0" complexity="12">
          <methods>
            <method name="MoveNext" signature="()" line-rate="0" branch-rate="0" complexity="12">
              <lines>
                <line number="12" hits="0" branch="False" />
                <line number="13" hits="0" branch="False" />
                <line number="14" hits="0" branch="False" />
                <line number="15" hits="0" branch="False" />
                <line number="16" hits="0" branch="False" />
                <line number="18" hits="0" branch="False" />
                <line number="19" hits="0" branch="False" />
                <line number="21" hits="0" branch="True" condition-coverage="0% (0/2)">
                  <conditions>
                    <condition number="736" type="jump" coverage="0%" />
                  </conditions>
                </line>
                <line number="22" hits="0" branch="False" />
                <line number="23" hits="0" branch="False" />
                <line number="26" hits="0" branch="False" />
                <line number="27" hits="0" branch="False" />
                <line number="28" hits="0" branch="False" />
                <line number="31" hits="0" branch="False" />
                <line number="34" hits="0" branch="False" />
                <line number="35" hits="0" branch="False" />
                <line number="36" hits="0" branch="False" />
                <line number="37" hits="0" branch="False" />
                <line number="38" hits="0" branch="False" />
                <line number="39" hits="0" branch="False" />
                <line number="40" hits="0" branch="False" />
                <line number="41" hits="0" branch="False" />
                <line number="42" hits="0" branch="False" />
                <line number="43" hits="0" branch="False" />
                <line number="44" hits="0" branch="False" />
                <line number="45" hits="0" branch="False" />
                <line number="48" hits="0" branch="False" />
                <line number="49" hits="0" branch="True" condition-coverage="0% (0/2)">
                  <conditions>
                    <condition number="2288" type="jump" coverage="0%" />
                  </conditions>
                </line>
                <line number="50" hits="0" branch="False" />
                <line number="51" hits="0" branch="False" />
                <line number="54" hits="0" branch="True" condition-coverage="0% (0/2)">
                  <conditions>
                    <condition number="1610" type="jump" coverage="0%" />
                  </conditions>
                </line>
                <line number="55" hits="0" branch="False" />
                <line number="56" hits="0" branch="False" />
                <line number="60" hits="0" branch="True" condition-coverage="0% (0/2)">
                  <conditions>
                    <condition number="1639" type="jump" coverage="0%" />
                  </conditions>
                </line>
                <line number="61" hits="0" branch="False" />
                <line number="62" hits="0" branch="False" />
                <line number="63" hits="0" branch="False" />
                <line number="64" hits="0" branch="False" />
                <line number="65" hits="0" branch="False" />
                <line number="66" hits="0" branch="False" />
                <line number="69" hits="0" branch="False" />
                <line number="72" hits="0" branch="True" condition-coverage="0% (0/4)">
                  <conditions>
                    <condition number="1847" type="jump" coverage="0%" />
                    <condition number="1870" type="jump" coverage="0%" />
                  </conditions>
                </line>
                <line number="73" hits="0" branch="False" />
                <line number="74" hits="0" branch="False" />
                <line number="75" hits="0" branch="False" />
                <line number="76" hits="0" branch="False" />
                <line number="77" hits="0" branch="False" />
                <line number="78" hits="0" branch="False" />
                <line number="81" hits="0" branch="False" />
                <line number="82" hits="0" branch="False" />
                <line number="83" hits="0" branch="False" />
                <line number="84" hits="0" branch="False" />
                <line number="87" hits="0" branch="False" />
                <line number="90" hits="0" branch="False" />
                <line number="91" hits="0" branch="False" />
                <line number="93" hits="0" branch="False" />
                <line number="94" hits="0" branch="False" />
                <line number="95" hits="0" branch="False" />
                <line number="96" hits="0" branch="False" />
                <line number="97" hits="0" branch="False" />
                <line number="98" hits="0" branch="False" />
                <line number="99" hits="0" branch="False" />
                <line number="100" hits="0" branch="False" />
                <line number="101" hits="0" branch="False" />
                <line number="102" hits="0" branch="False" />
                <line number="103" hits="0" branch="False" />
                <line number="104" hits="0" branch="False" />
                <line number="107" hits="0" branch="False" />
                <line number="108" hits="0" branch="False" />
                <line number="109" hits="0" branch="False" />
                <line number="110" hits="0" branch="False" />
                <line number="111" hits="0" branch="False" />
                <line number="112" hits="0" branch="False" />
                <line number="113" hits="0" branch="False" />
                <line number="114" hits="0" branch="False" />
                <line number="117" hits="0" branch="False" />
                <line number="119" hits="0" branch="False" />
                <line number="120" hits="0" branch="False" />
                <line number="121" hits="0" branch="False" />
                <line number="122" hits="0" branch="False" />
                <line number="123" hits="0" branch="False" />
                <line number="124" hits="0" branch="False" />
                <line number="125" hits="0" branch="False" />
                <line number="126" hits="0" branch="False" />
                <line number="127" hits="0" branch="False" />
                <line number="128" hits="0" branch="False" />
                <line number="129" hits="0" branch="False" />
                <line number="130" hits="0" branch="False" />
                <line number="131" hits="0" branch="False" />
                <line number="132" hits="0" branch="False" />
                <line number="133" hits="0" branch="False" />
                <line number="134" hits="0" branch="False" />
                <line number="135" hits="0" branch="False" />
                <line number="136" hits="0" branch="False" />
                <line number="137" hits="0" branch="False" />
                <line number="138" hits="0" branch="False" />
                <line number="139" hits="0" branch="False" />
                <line number="140" hits="0" branch="False" />
                <line number="141" hits="0" branch="False" />
                <line number="142" hits="0" branch="False" />
                <line number="145" hits="0" branch="False" />
                <line number="147" hits="0" branch="False" />
                <line number="148" hits="0" branch="False" />
                <line number="149" hits="0" branch="False" />
                <line number="150" hits="0" branch="False" />
              </lines>
            </method>
          </methods>
          <lines>
            <line number="12" hits="0" branch="False" />
            <line number="13" hits="0" branch="False" />
            <line number="14" hits="0" branch="False" />
            <line number="15" hits="0" branch="False" />
            <line number="16" hits="0" branch="False" />
            <line number="18" hits="0" branch="False" />
            <line number="19" hits="0" branch="False" />
            <line number="21" hits="0" branch="True" condition-coverage="0% (0/2)">
              <conditions>
                <condition number="736" type="jump" coverage="0%" />
              </conditions>
            </line>
            <line number="22" hits="0" branch="False" />
            <line number="23" hits="0" branch="False" />
            <line number="26" hits="0" branch="False" />
            <line number="27" hits="0" branch="False" />
            <line number="28" hits="0" branch="False" />
            <line number="31" hits="0" branch="False" />
            <line number="34" hits="0" branch="False" />
            <line number="35" hits="0" branch="False" />
            <line number="36" hits="0" branch="False" />
            <line number="37" hits="0" branch="False" />
            <line number="38" hits="0" branch="False" />
            <line number="39" hits="0" branch="False" />
            <line number="40" hits="0" branch="False" />
            <line number="41" hits="0" branch="False" />
            <line number="42" hits="0" branch="False" />
            <line number="43" hits="0" branch="False" />
            <line number="44" hits="0" branch="False" />
            <line number="45" hits="0" branch="False" />
            <line number="48" hits="0" branch="False" />
            <line number="49" hits="0" branch="True" condition-coverage="0% (0/2)">
              <conditions>
                <condition number="2288" type="jump" coverage="0%" />
              </conditions>
            </line>
            <line number="50" hits="0" branch="False" />
            <line number="51" hits="0" branch="False" />
            <line number="54" hits="0" branch="True" condition-coverage="0% (0/2)">
              <conditions>
                <condition number="1610" type="jump" coverage="0%" />
              </conditions>
            </line>
            <line number="55" hits="0" branch="False" />
            <line number="56" hits="0" branch="False" />
            <line number="60" hits="0" branch="True" condition-coverage="0% (0/2)">
              <conditions>
                <condition number="1639" type="jump" coverage="0%" />
              </conditions>
            </line>
            <line number="61" hits="0" branch="False" />
            <line number="62" hits="0" branch="False" />
            <line number="63" hits="0" branch="False" />
            <line number="64" hits="0" branch="False" />
            <line number="65" hits="0" branch="False" />
            <line number="66" hits="0" branch="False" />
            <line number="69" hits="0" branch="False" />
            <line number="72" hits="0" branch="True" condition-coverage="0% (0/4)">
              <conditions>
                <condition number="1847" type="jump" coverage="0%" />
                <condition number="1870" type="jump" coverage="0%" />
              </conditions>
            </line>
            <line number="73" hits="0" branch="False" />
            <line number="74" hits="0" branch="False" />
            <line number="75" hits="0" branch="False" />
            <line number="76" hits="0" branch="False" />
            <line number="77" hits="0" branch="False" />
            <line number="78" hits="0" branch="False" />
            <line number="81" hits="0" branch="False" />
            <line number="82" hits="0" branch="False" />
            <line number="83" hits="0" branch="False" />
            <line number="84" hits="0" branch="False" />
            <line number="87" hits="0" branch="False" />
            <line number="90" hits="0" branch="False" />
            <line number="91" hits="0" branch="False" />
            <line number="93" hits="0" branch="False" />
            <line number="94" hits="0" branch="False" />
            <line number="95" hits="0" branch="False" />
            <line number="96" hits="0" branch="False" />
            <line number="97" hits="0" branch="False" />
            <line number="98" hits="0" branch="False" />
            <line number="99" hits="0" branch="False" />
            <line number="100" hits="0" branch="False" />
            <line number="101" hits="0" branch="False" />
            <line number="102" hits="0" branch="False" />
            <line number="103" hits="0" branch="False" />
            <line number="104" hits="0" branch="False" />
            <line number="107" hits="0" branch="False" />
            <line number="108" hits="0" branch="False" />
            <line number="109" hits="0" branch="False" />
            <line number="110" hits="0" branch="False" />
            <line number="111" hits="0" branch="False" />
            <line number="112" hits="0" branch="False" />
            <line number="113" hits="0" branch="False" />
            <line number="114" hits="0" branch="False" />
            <line number="117" hits="0" branch="False" />
            <line number="119" hits="0" branch="False" />
            <line number="120" hits="0" branch="False" />
            <line number="121" hits="0" branch="False" />
            <line number="122" hits="0" branch="False" />
            <line number="123" hits="0" branch="False" />
            <line number="124" hits="0" branch="False" />
            <line number="125" hits="0" branch="False" />
            <line number="126" hits="0" branch="False" />
            <line number="127" hits="0" branch="False" />
            <line number="128" hits="0" branch="False" />
            <line number="129" hits="0" branch="False" />
            <line number="130" hits="0" branch="False" />
            <line number="131" hits="0" branch="False" />
            <line number="132" hits="0" branch="False" />
            <line number="133" hits="0" branch="False" />
            <line number="134" hits="0" branch="False" />
            <line number="135" hits="0" branch="False" />
            <line number="136" hits="0" branch="False" />
            <line number="137" hits="0" branch="False" />
            <line number="138" hits="0" branch="False" />
            <line number="139" hits="0" branch="False" />
            <line number="140" hits="0" branch="False" />
            <line number="141" hits="0" branch="False" />
            <line number="142" hits="0" branch="False" />
            <line number="145" hits="0" branch="False" />
            <line number="147" hits="0" branch="False" />
            <line number="148" hits="0" branch="False" />
            <line number="149" hits="0" branch="False" />
            <line number="150" hits="0" branch="False" />
          </lines>
        </class>
      </classes>
    </package>
    <package name="Uqs.AppointmentBooking.Domain.Tests.Unit" line-rate="0.9915" branch-rate="1" complexity="17">
      <classes>
        <class name="AutoGeneratedProgram" filename=".nuget\packages\microsoft.net.test.sdk\17.1.0\build\netcoreapp2.1\Microsoft.NET.Test.Sdk.Program.cs" line-rate="0" branch-rate="1" complexity="1">
          <methods>
            <method name="Main" signature="(System.String[])" line-rate="0" branch-rate="1" complexity="1">
              <lines>
                <line number="4" hits="0" branch="False" />
              </lines>
            </method>
          </methods>
          <lines>
            <line number="4" hits="0" branch="False" />
          </lines>
        </class>
        <class name="Uqs.AppointmentBooking.Domain.Tests.Unit.ServicesServiceTests" filename="Videos\Pragmatic-Test-Driven-Development-in-C-.NET-main\ch10\UqsAppointmentBooking\Uqs.AppointmentBooking.Domain.Tests.Unit\ServicesServiceTests.cs" line-rate="1" branch-rate="1" complexity="1">
          <methods>
            <method name=".ctor" signature="()" line-rate="1" branch-rate="1" complexity="1">
              <lines>
                <line number="13" hits="2" branch="False" />
              </lines>
            </method>
          </methods>
          <lines>
            <line number="13" hits="2" branch="False" />
          </lines>
        </class>
        <class name="Uqs.AppointmentBooking.Domain.Tests.Unit.ServicesServiceTests/&lt;GetActiveServices_NoServiceInTheSystem_NoServices&gt;d__2" filename="Videos\Pragmatic-Test-Driven-Development-in-C-.NET-main\ch10\UqsAppointmentBooking\Uqs.AppointmentBooking.Domain.Tests.Unit\ServicesServiceTests.cs" line-rate="1" branch-rate="1" complexity="1">
          <methods>
            <method name="MoveNext" signature="()" line-rate="1" branch-rate="1" complexity="1">
              <lines>
                <line number="18" hits="1" branch="False" />
                <line number="20" hits="1" branch="False" />
                <line number="23" hits="1" branch="False" />
                <line number="26" hits="1" branch="False" />
                <line number="27" hits="1" branch="False" />
              </lines>
            </method>
          </methods>
          <lines>
            <line number="18" hits="1" branch="False" />
            <line number="20" hits="1" branch="False" />
            <line number="23" hits="1" branch="False" />
            <line number="26" hits="1" branch="False" />
            <line number="27" hits="1" branch="False" />
          </lines>
        </class>
        <class name="Uqs.AppointmentBooking.Domain.Tests.Unit.ServicesServiceTests/&lt;GetActiveServices_TwoActiveServices_TwoServices&gt;d__3" filename="Videos\Pragmatic-Test-Driven-Development-in-C-.NET-main\ch10\UqsAppointmentBooking\Uqs.AppointmentBooking.Domain.Tests.Unit\ServicesServiceTests.cs" line-rate="1" branch-rate="1" complexity="1">
          <methods>
            <method name="MoveNext" signature="()" line-rate="1" branch-rate="1" complexity="1">
              <lines>
                <line number="31" hits="1" branch="False" />
                <line number="33" hits="1" branch="False" />
                <line number="34" hits="1" branch="False" />
                <line number="35" hits="1" branch="False" />
                <line number="36" hits="1" branch="False" />
                <line number="37" hits="1" branch="False" />
                <line number="38" hits="1" branch="False" />
                <line number="39" hits="1" branch="False" />
                <line number="42" hits="1" branch="False" />
                <line number="45" hits="1" branch="False" />
                <line number="46" hits="1" branch="False" />
              </lines>
            </method>
          </methods>
          <lines>
            <line number="31" hits="1" branch="False" />
            <line number="33" hits="1" branch="False" />
            <line number="34" hits="1" branch="False" />
            <line number="35" hits="1" branch="False" />
            <line number="36" hits="1" branch="False" />
            <line number="37" hits="1" branch="False" />
            <line number="38" hits="1" branch="False" />
            <line number="39" hits="1" branch="False" />
            <line number="42" hits="1" branch="False" />
            <line number="45" hits="1" branch="False" />
            <line number="46" hits="1" branch="False" />
          </lines>
        </class>
        <class name="Uqs.AppointmentBooking.Domain.Tests.Unit.SlotsServiceTests" filename="Videos\Pragmatic-Test-Driven-Development-in-C-.NET-main\ch10\UqsAppointmentBooking\Uqs.AppointmentBooking.Domain.Tests.Unit\SlotsServiceTests.cs" line-rate="1" branch-rate="1" complexity="3">
          <methods>
            <method name="&lt;GetAvailableSlotsForEmployee_ServiceIdNoFound_ArgumentException&gt;b__8_0" signature="()" line-rate="1" branch-rate="1" complexity="1">
              <lines>
                <line number="47" hits="2" branch="False" />
              </lines>
            </method>
            <method name="&lt;GetAvailableSlotsForEmployee_EmployeeIdNoFound_ArgumentException&gt;b__9_0" signature="()" line-rate="1" branch-rate="1" complexity="1">
              <lines>
                <line number="60" hits="2" branch="False" />
              </lines>
            </method>
            <method name=".ctor" signature="()" line-rate="1" branch-rate="1" complexity="1">
              <lines>
                <line number="16" hits="14" branch="False" />
                <line number="17" hits="14" branch="False" />
                <line number="18" hits="14" branch="False" />
                <line number="19" hits="14" branch="False" />
                <line number="20" hits="14" branch="False" />
                <line number="21" hits="14" branch="False" />
                <line number="22" hits="14" branch="False" />
                <line number="23" hits="14" branch="False" />
                <line number="24" hits="14" branch="False" />
                <line number="25" hits="14" branch="False" />
                <line number="26" hits="14" branch="False" />
                <line number="27" hits="14" branch="False" />
                <line number="28" hits="14" branch="False" />
                <line number="31" hits="14" branch="False" />
                <line number="32" hits="14" branch="False" />
                <line number="33" hits="14" branch="False" />
                <line number="34" hits="14" branch="False" />
                <line number="35" hits="14" branch="False" />
                <line number="36" hits="14" branch="False" />
                <line number="37" hits="14" branch="False" />
                <line number="38" hits="14" branch="False" />
              </lines>
            </method>
          </methods>
          <lines>
            <line number="47" hits="2" branch="False" />
            <line number="60" hits="2" branch="False" />
            <line number="16" hits="14" branch="False" />
            <line number="17" hits="14" branch="False" />
            <line number="18" hits="14" branch="False" />
            <line number="19" hits="14" branch="False" />
            <line number="20" hits="14" branch="False" />
            <line number="21" hits="14" branch="False" />
            <line number="22" hits="14" branch="False" />
            <line number="23" hits="14" branch="False" />
            <line number="24" hits="14" branch="False" />
            <line number="25" hits="14" branch="False" />
            <line number="26" hits="14" branch="False" />
            <line number="27" hits="14" branch="False" />
            <line number="28" hits="14" branch="False" />
            <line number="31" hits="14" branch="False" />
            <line number="32" hits="14" branch="False" />
            <line number="33" hits="14" branch="False" />
            <line number="34" hits="14" branch="False" />
            <line number="35" hits="14" branch="False" />
            <line number="36" hits="14" branch="False" />
            <line number="37" hits="14" branch="False" />
            <line number="38" hits="14" branch="False" />
          </lines>
        </class>
        <class name="Uqs.AppointmentBooking.Domain.Tests.Unit.SlotsServiceTests/&lt;&gt;c" filename="Videos\Pragmatic-Test-Driven-Development-in-C-.NET-main\ch10\UqsAppointmentBooking\Uqs.AppointmentBooking.Domain.Tests.Unit\SlotsServiceTests.cs" line-rate="1" branch-rate="1" complexity="3">
          <methods>
            <method name="&lt;GetAvailableSlotsForEmployee_NoShiftsForTomAndNoAppointmentsInSystem_NoSlots&gt;b__10_0" signature="(Uqs.AppointmentBooking.Domain.Report.DaySlots)" line-rate="1" branch-rate="1" complexity="1">
              <lines>
                <line number="83" hits="1" branch="False" />
              </lines>
            </method>
            <method name="&lt;GetAvailableSlotsForEmployee_OneShiftAndNoExistingAppointments_VaryingSlots&gt;b__11_0" signature="(Uqs.AppointmentBooking.Domain.Report.DaySlots)" line-rate="1" branch-rate="1" complexity="1">
              <lines>
                <line number="119" hits="6" branch="False" />
              </lines>
            </method>
            <method name="&lt;GetAvailableSlotsForEmployee_OneShiftWithVaryingAppointments_VaryingSlots&gt;b__12_0" signature="(Uqs.AppointmentBooking.Domain.Report.DaySlots)" line-rate="1" branch-rate="1" complexity="1">
              <lines>
                <line number="167" hits="11" branch="False" />
              </lines>
            </method>
          </methods>
          <lines>
            <line number="83" hits="1" branch="False" />
            <line number="119" hits="6" branch="False" />
            <line number="167" hits="11" branch="False" />
          </lines>
        </class>
        <class name="Uqs.AppointmentBooking.Domain.Tests.Unit.SlotsServiceTests/&lt;GetAvailableSlotsForEmployee_EmployeeIdNoFound_ArgumentException&gt;d__9" filename="Videos\Pragmatic-Test-Driven-Development-in-C-.NET-main\ch10\UqsAppointmentBooking\Uqs.AppointmentBooking.Domain.Tests.Unit\SlotsServiceTests.cs" line-rate="1" branch-rate="1" complexity="1">
          <methods>
            <method name="MoveNext" signature="()" line-rate="1" branch-rate="1" complexity="1">
              <lines>
                <line number="55" hits="1" branch="False" />
                <line number="59" hits="1" branch="False" />
                <line number="63" hits="1" branch="False" />
                <line number="64" hits="1" branch="False" />
              </lines>
            </method>
          </methods>
          <lines>
            <line number="55" hits="1" branch="False" />
            <line number="59" hits="1" branch="False" />
            <line number="63" hits="1" branch="False" />
            <line number="64" hits="1" branch="False" />
          </lines>
        </class>
        <class name="Uqs.AppointmentBooking.Domain.Tests.Unit.SlotsServiceTests/&lt;GetAvailableSlotsForEmployee_NoShiftsForTomAndNoAppointmentsInSystem_NoSlots&gt;d__10" filename="Videos\Pragmatic-Test-Driven-Development-in-C-.NET-main\ch10\UqsAppointmentBooking\Uqs.AppointmentBooking.Domain.Tests.Unit\SlotsServiceTests.cs" line-rate="1" branch-rate="1" complexity="1">
          <methods>
            <method name="MoveNext" signature="()" line-rate="1" branch-rate="1" complexity="1">
              <lines>
                <line number="68" hits="1" branch="False" />
                <line number="70" hits="1" branch="False" />
                <line number="71" hits="1" branch="False" />
                <line number="72" hits="1" branch="False" />
                <line number="73" hits="1" branch="False" />
                <line number="74" hits="1" branch="False" />
                <line number="75" hits="1" branch="False" />
                <line number="76" hits="1" branch="False" />
                <line number="77" hits="1" branch="False" />
                <line number="80" hits="1" branch="False" />
                <line number="84" hits="1" branch="False" />
                <line number="85" hits="1" branch="False" />
              </lines>
            </method>
          </methods>
          <lines>
            <line number="68" hits="1" branch="False" />
            <line number="70" hits="1" branch="False" />
            <line number="71" hits="1" branch="False" />
            <line number="72" hits="1" branch="False" />
            <line number="73" hits="1" branch="False" />
            <line number="74" hits="1" branch="False" />
            <line number="75" hits="1" branch="False" />
            <line number="76" hits="1" branch="False" />
            <line number="77" hits="1" branch="False" />
            <line number="80" hits="1" branch="False" />
            <line number="84" hits="1" branch="False" />
            <line number="85" hits="1" branch="False" />
          </lines>
        </class>
        <class name="Uqs.AppointmentBooking.Domain.Tests.Unit.SlotsServiceTests/&lt;GetAvailableSlotsForEmployee_OneShiftAndNoExistingAppointments_VaryingSlots&gt;d__11" filename="Videos\Pragmatic-Test-Driven-Development-in-C-.NET-main\ch10\UqsAppointmentBooking\Uqs.AppointmentBooking.Domain.Tests.Unit\SlotsServiceTests.cs" line-rate="1" branch-rate="1" complexity="2">
          <methods>
            <method name="MoveNext" signature="()" line-rate="1" branch-rate="1" complexity="2">
              <lines>
                <line number="94" hits="4" branch="False" />
                <line number="96" hits="4" branch="False" />
                <line number="97" hits="4" branch="False" />
                <line number="98" hits="4" branch="False" />
                <line number="99" hits="4" branch="False" />
                <line number="100" hits="4" branch="False" />
                <line number="101" hits="4" branch="False" />
                <line number="102" hits="4" branch="False" />
                <line number="103" hits="4" branch="False" />
                <line number="105" hits="4" branch="False" />
                <line number="106" hits="4" branch="False" />
                <line number="107" hits="4" branch="False" />
                <line number="108" hits="4" branch="False" />
                <line number="109" hits="4" branch="False" />
                <line number="110" hits="4" branch="False" />
                <line number="112" hits="4" branch="False" />
                <line number="113" hits="4" branch="False" />
                <line number="116" hits="4" branch="False" />
                <line number="120" hits="4" branch="False" />
                <line number="121" hits="14" branch="True" condition-coverage="100% (2/2)">
                  <conditions>
                    <condition number="787" type="jump" coverage="100%" />
                  </conditions>
                </line>
                <line number="122" hits="3" branch="False" />
                <line number="123" hits="3" branch="False" />
                <line number="124" hits="3" branch="False" />
                <line number="125" hits="3" branch="False" />
                <line number="126" hits="4" branch="False" />
              </lines>
            </method>
          </methods>
          <lines>
            <line number="94" hits="4" branch="False" />
            <line number="96" hits="4" branch="False" />
            <line number="97" hits="4" branch="False" />
            <line number="98" hits="4" branch="False" />
            <line number="99" hits="4" branch="False" />
            <line number="100" hits="4" branch="False" />
            <line number="101" hits="4" branch="False" />
            <line number="102" hits="4" branch="False" />
            <line number="103" hits="4" branch="False" />
            <line number="105" hits="4" branch="False" />
            <line number="106" hits="4" branch="False" />
            <line number="107" hits="4" branch="False" />
            <line number="108" hits="4" branch="False" />
            <line number="109" hits="4" branch="False" />
            <line number="110" hits="4" branch="False" />
            <line number="112" hits="4" branch="False" />
            <line number="113" hits="4" branch="False" />
            <line number="116" hits="4" branch="False" />
            <line number="120" hits="4" branch="False" />
            <line number="121" hits="14" branch="True" condition-coverage="100% (2/2)">
              <conditions>
                <condition number="787" type="jump" coverage="100%" />
              </conditions>
            </line>
            <line number="122" hits="3" branch="False" />
            <line number="123" hits="3" branch="False" />
            <line number="124" hits="3" branch="False" />
            <line number="125" hits="3" branch="False" />
            <line number="126" hits="4" branch="False" />
          </lines>
        </class>
        <class name="Uqs.AppointmentBooking.Domain.Tests.Unit.SlotsServiceTests/&lt;GetAvailableSlotsForEmployee_OneShiftWithVaryingAppointments_VaryingSlots&gt;d__12" filename="Videos\Pragmatic-Test-Driven-Development-in-C-.NET-main\ch10\UqsAppointmentBooking\Uqs.AppointmentBooking.Domain.Tests.Unit\SlotsServiceTests.cs" line-rate="1" branch-rate="1" complexity="2">
          <methods>
            <method name="MoveNext" signature="()" line-rate="1" branch-rate="1" complexity="2">
              <lines>
                <line number="138" hits="7" branch="False" />
                <line number="140" hits="7" branch="False" />
                <line number="141" hits="7" branch="False" />
                <line number="142" hits="7" branch="False" />
                <line number="143" hits="7" branch="False" />
                <line number="144" hits="7" branch="False" />
                <line number="145" hits="7" branch="False" />
                <line number="146" hits="7" branch="False" />
                <line number="147" hits="7" branch="False" />
                <line number="148" hits="7" branch="False" />
                <line number="149" hits="7" branch="False" />
                <line number="150" hits="7" branch="False" />
                <line number="151" hits="7" branch="False" />
                <line number="153" hits="7" branch="False" />
                <line number="154" hits="7" branch="False" />
                <line number="155" hits="7" branch="False" />
                <line number="156" hits="7" branch="False" />
                <line number="157" hits="7" branch="False" />
                <line number="158" hits="7" branch="False" />
                <line number="160" hits="7" branch="False" />
                <line number="161" hits="7" branch="False" />
                <line number="164" hits="7" branch="False" />
                <line number="168" hits="7" branch="False" />
                <line number="169" hits="30" branch="True" condition-coverage="100% (2/2)">
                  <conditions>
                    <condition number="939" type="jump" coverage="100%" />
                  </conditions>
                </line>
                <line number="170" hits="8" branch="False" />
                <line number="171" hits="8" branch="False" />
                <line number="172" hits="8" branch="False" />
                <line number="173" hits="8" branch="False" />
                <line number="174" hits="7" branch="False" />
              </lines>
            </method>
          </methods>
          <lines>
            <line number="138" hits="7" branch="False" />
            <line number="140" hits="7" branch="False" />
            <line number="141" hits="7" branch="False" />
            <line number="142" hits="7" branch="False" />
            <line number="143" hits="7" branch="False" />
            <line number="144" hits="7" branch="False" />
            <line number="145" hits="7" branch="False" />
            <line number="146" hits="7" branch="False" />
            <line number="147" hits="7" branch="False" />
            <line number="148" hits="7" branch="False" />
            <line number="149" hits="7" branch="False" />
            <line number="150" hits="7" branch="False" />
            <line number="151" hits="7" branch="False" />
            <line number="153" hits="7" branch="False" />
            <line number="154" hits="7" branch="False" />
            <line number="155" hits="7" branch="False" />
            <line number="156" hits="7" branch="False" />
            <line number="157" hits="7" branch="False" />
            <line number="158" hits="7" branch="False" />
            <line number="160" hits="7" branch="False" />
            <line number="161" hits="7" branch="False" />
            <line number="164" hits="7" branch="False" />
            <line number="168" hits="7" branch="False" />
            <line number="169" hits="30" branch="True" condition-coverage="100% (2/2)">
              <conditions>
                <condition number="939" type="jump" coverage="100%" />
              </conditions>
            </line>
            <line number="170" hits="8" branch="False" />
            <line number="171" hits="8" branch="False" />
            <line number="172" hits="8" branch="False" />
            <line number="173" hits="8" branch="False" />
            <line number="174" hits="7" branch="False" />
          </lines>
        </class>
        <class name="Uqs.AppointmentBooking.Domain.Tests.Unit.SlotsServiceTests/&lt;GetAvailableSlotsForEmployee_ServiceIdNoFound_ArgumentException&gt;d__8" filename="Videos\Pragmatic-Test-Driven-Development-in-C-.NET-main\ch10\UqsAppointmentBooking\Uqs.AppointmentBooking.Domain.Tests.Unit\SlotsServiceTests.cs" line-rate="1" branch-rate="1" complexity="1">
          <methods>
            <method name="MoveNext" signature="()" line-rate="1" branch-rate="1" complexity="1">
              <lines>
                <line number="42" hits="1" branch="False" />
                <line number="46" hits="1" branch="False" />
                <line number="50" hits="1" branch="False" />
                <line number="51" hits="1" branch="False" />
              </lines>
            </method>
          </methods>
          <lines>
            <line number="42" hits="1" branch="False" />
            <line number="46" hits="1" branch="False" />
            <line number="50" hits="1" branch="False" />
            <line number="51" hits="1" branch="False" />
          </lines>
        </class>
      </classes>
    </package>
  </packages>
</coverage>